
Scratch directory: /tmp/
    SCF Algorithm Type (re)set to DF.

*** tstart() called on alandro
*** at Thu Jul 28 10:25:32 2022


  //>>>>>>>>>>>>>>>>>>>>>>>>>>>>>>>>>>>//
  //               DFMP2               //
  //<<<<<<<<<<<<<<<<<<<<<<<<<<<<<<<<<<<//

   => Loading Basis Set <=

    Name: (STO-3G AUX)
    Role: RIFIT
    Keyword: DF_BASIS_MP2
    atoms 1-6  entry C          line   153 file /home/jsk/anaconda3/envs/tq-psi4-3.9/share/psi4/basis/def2-svp-ri.gbs 
    atoms 7-12 entry H          line    22 file /home/jsk/anaconda3/envs/tq-psi4-3.9/share/psi4/basis/def2-svp-ri.gbs 

	 --------------------------------------------------------
	                          DF-MP2                         
	      2nd-Order Density-Fitted Moller-Plesset Theory     
	              RMP2 Wavefunction,   1 Threads             
	                                                         
	        Rob Parrish, Justin Turney, Andy Simmonett,      
	           Ed Hohenstein, and C. David Sherrill          
	 --------------------------------------------------------

   => Auxiliary Basis Set <=

  Basis Set: (STO-3G AUX)
    Blend: DEF2-SVP-RI
    Number of shells: 132
    Number of basis functions: 372
    Number of Cartesian functions: 420
    Spherical Harmonics?: true
    Max angular momentum: 3

	 --------------------------------------------------------
	                 NBF =    36, NAUX =   372
	 --------------------------------------------------------
	   CLASS    FOCC     OCC    AOCC    AVIR     VIR    FVIR
	   PAIRS      18      21       3       3      15      12
	 --------------------------------------------------------

	-----------------------------------------------------------
	 ==================> DF-MP2 Energies <==================== 
	-----------------------------------------------------------
	 Reference Energy          =    -227.8886079715000790 [Eh]
	 Singles Energy            =      -0.0000000000000000 [Eh]
	 Same-Spin Energy          =      -0.0076561361046664 [Eh]
	 Opposite-Spin Energy      =      -0.0512295425416373 [Eh]
	 Correlation Energy        =      -0.0588856786463037 [Eh]
	 Total Energy              =    -227.9474936501463844 [Eh]
	-----------------------------------------------------------
	 ================> DF-SCS-MP2 Energies <================== 
	-----------------------------------------------------------
	 SCS Same-Spin Scale       =       0.3333333333333333 [-]
	 SCS Opposite-Spin Scale   =       1.2000000000000000 [-]
	 SCS Same-Spin Energy      =      -0.0025520453682221 [Eh]
	 SCS Opposite-Spin Energy  =      -0.0614754510499648 [Eh]
	 SCS Correlation Energy    =      -0.0640274964181869 [Eh]
	 SCS Total Energy          =    -227.9526354679182703 [Eh]
	-----------------------------------------------------------


*** tstop() called on alandro at Thu Jul 28 10:25:32 2022
Module time:
	user time   =       0.23 seconds =       0.00 minutes
	system time =       0.00 seconds =       0.00 minutes
	total time  =          0 seconds =       0.00 minutes
Total time:
	user time   =      12.31 seconds =       0.21 minutes
	system time =       0.26 seconds =       0.00 minutes
	total time  =         13 seconds =       0.22 minutes
