MADNESS runtime initialized with 7 threads in the pool and affinity -1 -1 -1
starting at time 0.1

--------------------------------------------
   MADNESS 0.10.1 multiresolution suite
--------------------------------------------

   number of processors ... 1
    processor frequency ... 1.800015e+09
            host system ... Linux
          configured by ... jsk
          configured on ... alandro
          configured at ... 2020-11-12T18:06:49
                    CXX ... /usr/bin/c++
               CXXFLAGS ... -O3 -DNDEBUG -march=native -I/home/jsk/install/numcpp/include/ -I/home/jsk/install/boost/boost_1_69_0/include -std=c++17
             tuning for ... default
                    MPI ... multiple
 multi-threaded runtime ... MADNESS ThreadPool
                   BLAS ... Intel MKL 26013 26013 MFLOP/s
               compiled ... 18:11:36  on  Nov 12 2020


-------------------------------------------------------------------------------------
SOLVING MRA-PNO-F12 as described in 
J.S. Kottmann, F.A. Bischoff, E.F. Valeev
Direct determination of optimal pair-natural orbitals in a real-space representation:
the second-order Møller-Plesset energy
Journal of Chemical Physics ... 2020
-------------------------------------------------------------------------------------


This script will run PNO-MP2 and print out tensors in binary
Call as: pno_integrals inputfileinput is input
ignoring unknown parameter in input file:  ncf

Angstrom being used to read input coordinates (1 Bohr = 1.88972613 Angstrom)


Asymptotic correction parameters
---------------------------------------
Atom vector is not empty: false
Using multipole approximation: false
Number of electrons = -1
Ionisation energy = 0.000000e+00
E(HOMO) = 0.000000e+00
R1 = 3.000000e+00
R2 = 4.000000e+00
DFT coefficient = 0.000000e+00
Interpolation scheme = linear
constructed symmetry operator for point group C1
dft
              charge  0.0000e+00 # defined   total molecular charge
                  xc  hf         # defined   XC input line
               smear  0.0000e+00 # default   smearing parameter
               econv  1.0000e-04 # defined   energy convergence
               dconv  5.0000e-04 # defined   density convergence
convergence_criteria  [bsh_residual, total_energy] # default   possible values are: bsh_residual, total_energy, each_energy, density
                   k  7          # defined   polynomial order
                   l  5.7181e+01 # derived   user coordinates box size
               deriv  abgv       # default   derivative method                            [abgv, bspline, ble]
           dft_deriv  abgv       # default   derivative method for gga potentials         [abgv, bspline, ble]
             maxrotn  2.5000e-01 # default   step restriction used in autoshift algorithm
             nvalpha  0          # default   number of alpha virtuals to compute
              nvbeta  0          # default   number of beta virtuals to compute
               nopen  0          # default   number of unpaired electrons = nalpha-nbeta
             maxiter  25         # default   maximum number of iterations
                 nio  1          # default   no. of io servers to use
     spin_restricted  true       # default   true if spin restricted
              plotlo  0          # default   range of MOs to print (for both spins if polarized
              plothi  -1         # default   range of MOs to print (for both spins if polarized
            plotdens  false      # default   If true print the density at convergence
            plotcoul  false      # default   If true plot the total coulomb potential at convergence
            localize  boys       # defined   localization method                          [pm, boys, new, canon]
          pointgroup  c1         # derived   use point (sub) group symmetry if not localized[c1, c2, ci, cs, c2v, c2h, d2, d2h]
             restart  false      # default   if true restart from orbitals on disk
           restartao  false      # default   if true restart from orbitals projected into AO basis (STO3G) on disk
          no_compute  false      # default   if true use orbitals on disk, set value to computed
           no_orient  false      # default   if true the molecule coordinates will not be reoriented
                save  true       # default   if true save orbitals to disk
              maxsub  10         # default   size of iterative subspace ... set to 0 or 1 to disable
        orbitalshift  0.0000e+00 # default   scf orbital shift: shift the occ orbitals to lower energies
            npt_plot  101        # default   no. of points to use in each dim for plots
           plot_cell  []         # default   lo hi in each dimension for plotting (default is all space)
             aobasis  6-31g      # derived   AO basis used for initial guess (6-31g or sto-3g)
           core_type  none       # default   core potential type                          [none, mpc]
         derivatives  false      # default   if true calculate nuclear derivatives
              dipole  false      # default   if true calculate dipole moment
      conv_only_dens  false      # default   if true remove bsh_residual from convergence criteria (deprecated)
            psp_calc  false      # default   pseudopotential calculation for all atoms
 print_dipole_matels  false      # default   if true output dipole matrix elements
            pcm_data  none       # default   do a PCM (solvent) calculation
             ac_data  none       # default   do a calculation with asymptotic correction (see ACParameters class in chem/AC.h for details)
             pure_ae  true       # default   pure all electron calculation with no pseudo-atoms
         print_level  3          # default   0: no output; 1: final energy; 2: iterations; 3: timings; 10: debug
              nalpha  3          # derived   number of alpha spin electrons
               nbeta  3          # derived   number of beta  spin electrons
           nmo_alpha  3          # derived   number of alpha spin molecular orbitals
            nmo_beta  3          # derived   number of beta spin molecular orbitals
                  lo  9.0905e-04 # derived   smallest length scale we need to resolve
            protocol  [1.0000e-04, 1.0000e-06] # derived   calculation protocol
                gopt  false      # default   geometry optimizer
                gtol  1.0000e-04 # default   geometry tolerance
               gtest  false      # default   geometry tolerance
                gval  1.0000e-05 # default   value precision
               gprec  1.0000e-04 # default   gradient precision
            gmaxiter  20         # default   optimization maxiter
    ginitial_hessian  false      # default   compute inital hessian for optimization
              algopt  bfgs       # default   algorithm used for optimization              [bfgs, cg]
            tdksprop  false      # default   time-dependent Kohn-Sham equation propagate
           nv_factor  1          # default   factor to multiply number of virtual orbitals with when automatically decreasing nvirt
           vnucextra  2          # default   load balance parameter for nuclear pot
        loadbalparts  2          # default   ??
            response  false      # default   response function calculation
       response_freq  0.0000e+00 # default   frequency for calculation response function
       response_axis  [1, 1, 1]  # default   response axis
           nonrotate  false      # default   if true do not molcule orient (redundant with no_orient
               rconv  1.0000e-06 # default   Response convergence
              efield  0.0000e+00 # default   eps for finite field
         efield_axis  0          # default   finite field axis                            [0, 1, 2]
              nwfile  none       # default   Base name of nwchem output files (.out and .movecs extensions) to read from
                 ncf  (none,1.0000e+00) # defined   nuclear correlation factor
             hessian  false      # default   compute the hessian matrix
           read_cphf  false      # default   read the converged orbital response for nuclear displacements from file
        restart_cphf  false      # default   read the guess orbital response for nuclear displacements from file
      purify_hessian  false      # default   symmetrize the hessian matrix based on atomic charges

end
              charge  0.0000e+00 # defined   total molecular charge
                  xc  hf         # defined   XC input line
               smear  0.0000e+00 # default   smearing parameter
               econv  1.0000e-04 # defined   energy convergence
               dconv  5.0000e-04 # defined   density convergence
convergence_criteria  [bsh_residual, total_energy] # default   possible values are: bsh_residual, total_energy, each_energy, density
                   k  7          # defined   polynomial order
                   l  5.7181e+01 # derived   user coordinates box size
               deriv  abgv       # default   derivative method                            [abgv, bspline, ble]
           dft_deriv  abgv       # default   derivative method for gga potentials         [abgv, bspline, ble]
             maxrotn  2.5000e-01 # default   step restriction used in autoshift algorithm
             nvalpha  0          # default   number of alpha virtuals to compute
              nvbeta  0          # default   number of beta virtuals to compute
               nopen  0          # default   number of unpaired electrons = nalpha-nbeta
             maxiter  25         # default   maximum number of iterations
                 nio  1          # default   no. of io servers to use
     spin_restricted  true       # default   true if spin restricted
              plotlo  0          # default   range of MOs to print (for both spins if polarized
              plothi  -1         # default   range of MOs to print (for both spins if polarized
            plotdens  false      # default   If true print the density at convergence
            plotcoul  false      # default   If true plot the total coulomb potential at convergence
            localize  boys       # defined   localization method                          [pm, boys, new, canon]
          pointgroup  c1         # derived   use point (sub) group symmetry if not localized[c1, c2, ci, cs, c2v, c2h, d2, d2h]
             restart  false      # default   if true restart from orbitals on disk
           restartao  false      # default   if true restart from orbitals projected into AO basis (STO3G) on disk
          no_compute  false      # default   if true use orbitals on disk, set value to computed
           no_orient  false      # default   if true the molecule coordinates will not be reoriented
                save  true       # default   if true save orbitals to disk
              maxsub  10         # default   size of iterative subspace ... set to 0 or 1 to disable
        orbitalshift  0.0000e+00 # default   scf orbital shift: shift the occ orbitals to lower energies
            npt_plot  101        # default   no. of points to use in each dim for plots
           plot_cell  []         # default   lo hi in each dimension for plotting (default is all space)
             aobasis  6-31g      # derived   AO basis used for initial guess (6-31g or sto-3g)
           core_type  none       # default   core potential type                          [none, mpc]
         derivatives  false      # default   if true calculate nuclear derivatives
              dipole  false      # default   if true calculate dipole moment
      conv_only_dens  false      # default   if true remove bsh_residual from convergence criteria (deprecated)
            psp_calc  false      # default   pseudopotential calculation for all atoms
 print_dipole_matels  false      # default   if true output dipole matrix elements
            pcm_data  none       # default   do a PCM (solvent) calculation
             ac_data  none       # default   do a calculation with asymptotic correction (see ACParameters class in chem/AC.h for details)
             pure_ae  true       # default   pure all electron calculation with no pseudo-atoms
         print_level  3          # default   0: no output; 1: final energy; 2: iterations; 3: timings; 10: debug
              nalpha  3          # derived   number of alpha spin electrons
               nbeta  3          # derived   number of beta  spin electrons
           nmo_alpha  3          # derived   number of alpha spin molecular orbitals
            nmo_beta  3          # derived   number of beta spin molecular orbitals
                  lo  9.0905e-04 # derived   smallest length scale we need to resolve
            protocol  [1.0000e-04, 1.0000e-06] # derived   calculation protocol
                gopt  false      # default   geometry optimizer
                gtol  1.0000e-04 # default   geometry tolerance
               gtest  false      # default   geometry tolerance
                gval  1.0000e-05 # default   value precision
               gprec  1.0000e-04 # default   gradient precision
            gmaxiter  20         # default   optimization maxiter
    ginitial_hessian  false      # default   compute inital hessian for optimization
              algopt  bfgs       # default   algorithm used for optimization              [bfgs, cg]
            tdksprop  false      # default   time-dependent Kohn-Sham equation propagate
           nv_factor  1          # default   factor to multiply number of virtual orbitals with when automatically decreasing nvirt
           vnucextra  2          # default   load balance parameter for nuclear pot
        loadbalparts  2          # default   ??
            response  false      # default   response function calculation
       response_freq  0.0000e+00 # default   frequency for calculation response function
       response_axis  [1, 1, 1]  # default   response axis
           nonrotate  false      # default   if true do not molcule orient (redundant with no_orient
               rconv  1.0000e-06 # default   Response convergence
              efield  0.0000e+00 # default   eps for finite field
         efield_axis  0          # default   finite field axis                            [0, 1, 2]
              nwfile  none       # default   Base name of nwchem output files (.out and .movecs extensions) to read from



 geometry
   eprec 1.0e-06
   units atomic
   Be            0.00000000           0.00000000           0.00000000
   H             0.00000000           0.00000000           7.18095930
   H             0.00000000           0.00000000          -7.18095930
 end

Solving NDIM= 3  with thresh 1.000000e-04     k 7    conv 5.000000e-04 

timer:     Project vnuclear     0.30s     0.30s
constructed nuclear correlation factor of the form
    R   =  1.000000e+00
with eprec  1.000000e-06
which means it's (nearly) a conventional calculation

timer:        reproject ncf     1.20s     1.20s
timer:        guess density     0.41s     0.41s
timer:   guess Coulomb potn     0.45s     0.45s
timer:       guess lda potn     0.08s     0.08s
timer:        guess overlap     0.01s     0.01s
timer:    KEmat reconstruct     0.01s     0.01s
timer:  KEmat differentiate     0.16s     0.16s
timer:       KEmat compress     0.05s     0.05s
timer: KEmat inner products     0.04s     0.04s
timer:     guess Kinet potn     0.27s     0.27s
timer:           guess fock     0.16s     0.16s
timer:      guess eigen sol     0.04s     0.04s
timer: guess orbital groupi     0.01s     0.01s

starting protocol at time      3.9s 
precision steps  1.000000e-04  -->  1.000000e-04
protocol: thresh 1.000000e-04 econv  1.000000e-04 dconv 5.000000e-04

ending protocol at time      3.9s 

Solving NDIM= 3  with thresh 1.000000e-04     k 7    conv 5.000000e-04 

timer:        Boys localize     0.23s     0.23s
orbital irreps []
timer:      reconstruct psi     0.04s     0.04s
timer:        compute Jnemo     0.39s     0.39s
timer:        compute Knemo     1.49s     1.49s
timer: compute Unemo 0.0160     0.06s     0.06s

  nuclear and kinetic     -21.27640724
         kinetic only      15.17085612
              coulomb       8.24280325
             exchange      -3.25030990
    nuclear-repulsion       1.18368586
   regularized energy     -15.10022802
  buggy if hybrid functionals are used..
timer:       compute energy     0.78s     0.78s
  restricting step for ab spin case orbitals: 1 2
Norm of vector changes ab spin case : rms 2.338747e-01    max 2.862412e-01
convergence: bshresidual, energy change, max energy change, density change 3.0e-01 1.5e+01 1.5e+01 1.4e+00
finished iteration  0 at time      8.7s with energy  -15.10022802
timer:        Boys localize     0.25s     0.25s
orbital irreps []
timer:      reconstruct psi     0.04s     0.04s
timer:        compute Jnemo     0.35s     0.35s
timer:        compute Knemo     1.48s     1.48s
timer: compute Unemo 0.0160     0.06s     0.06s

  nuclear and kinetic     -21.55423052
         kinetic only      14.88431889
              coulomb       8.10019143
             exchange      -3.02243323
    nuclear-repulsion       1.18368586
   regularized energy     -15.29278645
  buggy if hybrid functionals are used..
timer:       compute energy     0.77s     0.77s
Norm of vector changes ab spin case : rms 1.168835e-01    max 1.431147e-01
convergence: bshresidual, energy change, max energy change, density change 9.0e-02 1.9e-01 2.9e-01 3.1e-02
finished iteration  1 at time     13.4s with energy  -15.29278645
timer:        Boys localize     0.24s     0.24s
orbital irreps []
timer:      reconstruct psi     0.04s     0.04s
timer:        compute Jnemo     0.35s     0.35s
timer:        compute Knemo     1.68s     1.68s
timer: compute Unemo 0.0160     0.06s     0.06s

  nuclear and kinetic     -21.88288720
         kinetic only      14.98347512
              coulomb       8.32498771
             exchange      -2.96804579
    nuclear-repulsion       1.18368586
   regularized energy     -15.34225941
  buggy if hybrid functionals are used..
timer:       compute energy     0.79s     0.79s
Norm of vector changes ab spin case : rms 4.999825e-02    max 6.123148e-02
convergence: bshresidual, energy change, max energy change, density change 2.9e-02 4.9e-02 3.3e-01 1.3e-02
finished iteration  2 at time     18.2s with energy  -15.34225941
timer:        Boys localize     0.24s     0.24s
orbital irreps []
timer:      reconstruct psi     0.04s     0.04s
timer:        compute Jnemo     0.35s     0.35s
timer:        compute Knemo     1.69s     1.69s
timer: compute Unemo 0.0160     0.06s     0.06s

  nuclear and kinetic     -22.04333914
         kinetic only      15.05432396
              coulomb       8.46928299
             exchange      -2.96149589
    nuclear-repulsion       1.18368586
   regularized energy     -15.35186618
  buggy if hybrid functionals are used..
timer:       compute energy     0.79s     0.79s
Norm of vector changes ab spin case : rms 3.591800e-02    max 4.398194e-02
convergence: bshresidual, energy change, max energy change, density change 1.3e-02 9.6e-03 1.6e-01 5.8e-03
finished iteration  3 at time     23.2s with energy  -15.35186618
timer:        Boys localize     0.24s     0.24s
orbital irreps []
timer:      reconstruct psi     0.04s     0.04s
timer:        compute Jnemo     0.35s     0.35s
timer:        compute Knemo     1.70s     1.70s
timer: compute Unemo 0.0159     0.06s     0.06s

  nuclear and kinetic     -22.12182097
         kinetic only      15.08941135
              coulomb       8.54402378
             exchange      -2.96046558
    nuclear-repulsion       1.18368586
   regularized energy     -15.35457692
  buggy if hybrid functionals are used..
timer:       compute energy     0.80s     0.80s
Norm of vector changes ab spin case : rms 1.885096e-02    max 2.308711e-02
convergence: bshresidual, energy change, max energy change, density change 6.2e-03 2.7e-03 7.8e-02 1.6e-03
finished iteration  4 at time     28.2s with energy  -15.35457692
timer:        Boys localize     0.24s     0.24s
orbital irreps []
timer:      reconstruct psi     0.04s     0.04s
timer:        compute Jnemo     0.35s     0.35s
timer:        compute Knemo     1.67s     1.67s
timer: compute Unemo 0.0159     0.06s     0.06s

  nuclear and kinetic     -22.14270868
         kinetic only      15.09823336
              coulomb       8.56292292
             exchange      -2.95896563
    nuclear-repulsion       1.18368586
   regularized energy     -15.35506554
  buggy if hybrid functionals are used..
timer:       compute energy     0.82s     0.82s
Norm of vector changes ab spin case : rms 1.537526e-02    max 1.883000e-02
convergence: bshresidual, energy change, max energy change, density change 3.2e-03 4.9e-04 2.1e-02 1.0e-03
finished iteration  5 at time     33.2s with energy  -15.35506554
timer:        Boys localize     0.24s     0.24s
orbital irreps []
timer:      reconstruct psi     0.04s     0.04s
timer:        compute Jnemo     0.35s     0.35s
timer:        compute Knemo     1.68s     1.68s
timer: compute Unemo 0.0159     0.06s     0.06s

  nuclear and kinetic     -22.14091084
         kinetic only      15.10172604
              coulomb       8.56035857
             exchange      -2.95849110
    nuclear-repulsion       1.18368586
   regularized energy     -15.35535751
  buggy if hybrid functionals are used..
timer:       compute energy     0.80s     0.80s
Norm of vector changes ab spin case : rms 4.419336e-03    max 5.409045e-03
convergence: bshresidual, energy change, max energy change, density change 1.8e-03 2.9e-04 3.5e-03 6.5e-04
finished iteration  6 at time     38.3s with energy  -15.35535751
timer:        Boys localize     0.24s     0.24s
orbital irreps []
timer:      reconstruct psi     0.04s     0.04s
timer:        compute Jnemo     0.35s     0.35s
timer:        compute Knemo     1.68s     1.68s
timer: compute Unemo 0.0159     0.06s     0.06s

  nuclear and kinetic     -22.14575321
         kinetic only      15.11098841
              coulomb       8.56647106
             exchange      -2.95982005
    nuclear-repulsion       1.18368586
   regularized energy     -15.35541635
  buggy if hybrid functionals are used..
timer:       compute energy     0.79s     0.79s
Norm of vector changes ab spin case : rms 1.512044e-03    max 1.850063e-03
convergence: bshresidual, energy change, max energy change, density change 4.0e-04 5.9e-05 9.3e-03 2.1e-04
finished iteration  7 at time     43.3s with energy  -15.35541635

Iterations converged


ending protocol at time     43.3s 

 Dipole Moment (a.u.)
 -----------

     x:  -1.707709e-13
     y:  -7.322342e-14
     z:  6.060516e-09
 Total Dipole Moment:  6.060516e-09 

timer:               dipole     0.01s     0.01s
Nemo Orbital Energies: [*]  -4.85164784  -0.30728888  -0.30728888

nemo energy:  -1.535542e+01
 at time 43.5
PNO Integrals evaluated as:
pnoint
       rank_increase  15         # default   maximum rank to increase in every macroiteration
               chunk  100        # default   chunk of functions operated on in parallel when G or K is applied (prevent memory shortage)
               debug  false      # default   debug mode
              freeze  1          # derived   frozen core approximation
             maxrank  1          # defined   maximal pno rank for all pairs
           guesstype  exop       # derived   the guesstype: exop (recommended, multiply polynomial excitation operators onto the occupied orbitals), empty (don't compute a guess), scf (use the ao basis from the SCF solver), partial_wave (create s,p,d ..., type functions and place on atoms), predefined (same as partial_wave but for predefined sets)
                exop  multipole  # derived   this string defines which excitation operators can be used, use 'dipole', 'dipole+', 'quadrupole', 'ocopole', or 'multipole', need to set guesstype to 'exop' which is the default
          exop_trigo  true       # default   use trigonometric excitation operators ( x --> sin(x)
        partial_wave             # default   atom centered partial wave guess of format like 'h-2s1p-o-3s2p1d', need to set guesstype to 'partial_wave' and adaptive_solver to 'none'
          predefined             # default   predefined partial wave guesses of type pvxz with x=d,t,q,5,6, need to set guesstype to 'predefined' and adaptive_solver to 'none'
           maxiter_t  100        # default   maximal number of iterations in the amplitude solver
       maxiter_micro  10         # default   Maximum of iterations for every cycle in the adaptive solver
       maxiter_macro  10         # default   Maximum of iterations of cycles in the adaptive solver
                tpno  1.0000e-08 # default   PNO cutoff threshold
          tpno_tight  1.0000e-10 # derived   PNO cutoff for the first iteration
    canonicalize_pno  true       # default   canonicalize the pnos before the amplitude solver
              thresh  1.0000e-04 # defined   MRA threshold
         econv_micro  1.0000e-04 # derived   Energy convergence for microiterations (Greens function based optimization) in adaptive solver
         econv_pairs  1.0000e-05 # derived   ENergy convergence for individual pairs in adaptive solver. Converged pairs are frozen automatically
         econv_macro  1.0000e-04 # derived   Energy convergence for macroiterations in adaptive solver, no effect if adaptive_solver is deactivated
               dconv  1.0000e-01 # default   convergence of every PNO in the Green's function solver
           op_thresh  1.0000e-06 # default   MRA operator thresh
             restart  none       # derived   restart pairs of this type, use 'mp2', 'cispd', 'all' or 'none'
          no_compute  none       # default   do not compute the pairs of this type, use 'mp2', 'cispd', 'all' or 'none'
              no_opt  none       # default   do not optimize the pnos of this type, use 'mp2', 'cispd', 'all' or 'none'
            no_guess  none       # derived   guess for this type will be empty, use 'mp2', 'cispd', 'all' or 'none'
     adaptive_solver  all        # default   Use adaptive solver for those pairs, use 'mp2', 'cispd', 'all' or 'none', works only in combination with guesstype 'exop'
                kain  true       # default   use KAIN solver in amplitude solver
       kain_subspace  5          # default   subspace size of the KAIN solver (amplitudes)
                 f12  false      # defined   use explicit correlation
        cispd_number  -1         # default   CIS(D) excitation numbers, to read in correct functions
        cispd_energy  0.0000e+00 # default   CIS energy
        freeze_pairs  none       # default   frozen pairs will not be optimized: Expected format 'a b c d' will freeze pairs ab and cd
freeze_pairs_of_orbital  []         # default    All pairs which originate from this orbital will not be optimized
active_pairs_of_orbital  []         # default    All pairs which originate from this orbital will not be frozen all other pairs will, if this vector is not empty
no_opt_in_first_iteration  false      # default   Do not optimize in the first iteration (then the potentials do not have to be evaluated, use this for large guesses)
            exchange  full       # default   approximate exchange with 'neglect' or xc functional -> same syntax as moldft
           save_pnos  true       # default   Save the OBS-PNOs to a file, before and after orthonormalization.
            diagonal  true       # defined   Compute only diagonal PNOs
              orthog  symmetric  # defined   orthogonalization method for PNO basis, also current default for a potential CABS. options: symmetric, canonical, cholesky, rr_cholesky,
         orthog_cabs  default    # default   orthogonalization method for CABS basis. options: symmetric, canonical, cholesky, rr_cholesky, uses same as orbitals basis if default.
               n_pno  2          # defined   desired size of PNO-basis (orbital space)
         cabs_option  none       # default   type of complementary auxiliary basis to be used. can be none ~ no CABS, gbs ~ Gaussian basis set as CABS, requires input via auxbas_file, pno ~ use superfluous PNOs as CABS, mixed ~ gbs&pno-option
       pno_cabs_size  -1         # default   size of a potential pno-cabs. defaults to -1 ~ all remaining PNOs, if pno-cabs or mixed-cabs
           only_diag  false      # default   use only diagonal elements PNOs
         cherry_pick  []         # default   cherry pick option to choose particular set of PNOs, not just blindly by occupation number. can be useful, if only a restricted number of PNOs can be used, to avoid separating degenerate pairs. can be envoked by passing a vector via [ elem1, elem2, ... ]
               gamma  1.4000e+00 # default   The f12 length scale, here to be used to compute f12-integrals
         cabs_thresh  1.0000e-04 # derived    thresh for cabs part
              auxbas  none       # default   atom centered partial wave guess of format like 'h-2s1p-o-3s2p1d'
         auxbas_file  none       # default   Use external comp. aux. basis in addition to the pnos as auxbasis. Give the filename as parameter. Give the auxbas in turbomole format. Don't use contractions. If a file is specified the auxbas parameter has no effect
   print_pno_overlap  true       # default   Print overlap matrix at certain steps in computation, for debugging purposes.
              n_virt  0          # defined   Compute this number of virtuals and include them in the integral construction, experimental and not robust!.
      hardcore_boson  false      # default   compute only integrals for hardcore boson hamiltonian (restricted to double occupations)

end
F12 Operators initialized right
timer:                    Testing F12 Operators     0.34s     0.34s 
timer:  Initializing (active) Exchange Orbitals     1.03s     1.03s 
Size of active mos and their exchange potentials:
K(acmos)=3.639102e-03 Gbyte
acmos   =3.189325e-03 Gbyte
PNO Parameters
pno
       rank_increase  15         # default   maximum rank to increase in every macroiteration
               chunk  100        # default   chunk of functions operated on in parallel when G or K is applied (prevent memory shortage)
               debug  false      # default   debug mode
              freeze  1          # derived   frozen core approximation
             maxrank  1          # defined   maximal pno rank for all pairs
           guesstype  exop       # derived   the guesstype: exop (recommended, multiply polynomial excitation operators onto the occupied orbitals), empty (don't compute a guess), scf (use the ao basis from the SCF solver), partial_wave (create s,p,d ..., type functions and place on atoms), predefined (same as partial_wave but for predefined sets)
                exop  multipole  # derived   this string defines which excitation operators can be used, use 'dipole', 'dipole+', 'quadrupole', 'ocopole', or 'multipole', need to set guesstype to 'exop' which is the default
          exop_trigo  true       # default   use trigonometric excitation operators ( x --> sin(x)
        partial_wave             # default   atom centered partial wave guess of format like 'h-2s1p-o-3s2p1d', need to set guesstype to 'partial_wave' and adaptive_solver to 'none'
          predefined             # default   predefined partial wave guesses of type pvxz with x=d,t,q,5,6, need to set guesstype to 'predefined' and adaptive_solver to 'none'
           maxiter_t  100        # default   maximal number of iterations in the amplitude solver
       maxiter_micro  10         # default   Maximum of iterations for every cycle in the adaptive solver
       maxiter_macro  10         # default   Maximum of iterations of cycles in the adaptive solver
                tpno  1.0000e-08 # default   PNO cutoff threshold
          tpno_tight  1.0000e-10 # derived   PNO cutoff for the first iteration
    canonicalize_pno  true       # default   canonicalize the pnos before the amplitude solver
              thresh  1.0000e-04 # defined   MRA threshold
         econv_micro  1.0000e-04 # derived   Energy convergence for microiterations (Greens function based optimization) in adaptive solver
         econv_pairs  1.0000e-05 # derived   ENergy convergence for individual pairs in adaptive solver. Converged pairs are frozen automatically
         econv_macro  1.0000e-04 # derived   Energy convergence for macroiterations in adaptive solver, no effect if adaptive_solver is deactivated
               dconv  1.0000e-01 # default   convergence of every PNO in the Green's function solver
           op_thresh  1.0000e-06 # default   MRA operator thresh
             restart  none       # derived   restart pairs of this type, use 'mp2', 'cispd', 'all' or 'none'
          no_compute  none       # default   do not compute the pairs of this type, use 'mp2', 'cispd', 'all' or 'none'
              no_opt  none       # default   do not optimize the pnos of this type, use 'mp2', 'cispd', 'all' or 'none'
            no_guess  none       # derived   guess for this type will be empty, use 'mp2', 'cispd', 'all' or 'none'
     adaptive_solver  all        # default   Use adaptive solver for those pairs, use 'mp2', 'cispd', 'all' or 'none', works only in combination with guesstype 'exop'
                kain  true       # default   use KAIN solver in amplitude solver
       kain_subspace  5          # default   subspace size of the KAIN solver (amplitudes)
                 f12  false      # defined   use explicit correlation
        cispd_number  -1         # default   CIS(D) excitation numbers, to read in correct functions
        cispd_energy  0.0000e+00 # default   CIS energy
        freeze_pairs  none       # default   frozen pairs will not be optimized: Expected format 'a b c d' will freeze pairs ab and cd
freeze_pairs_of_orbital  []         # default    All pairs which originate from this orbital will not be optimized
active_pairs_of_orbital  []         # default    All pairs which originate from this orbital will not be frozen all other pairs will, if this vector is not empty
no_opt_in_first_iteration  false      # default   Do not optimize in the first iteration (then the potentials do not have to be evaluated, use this for large guesses)
            exchange  full       # default   approximate exchange with 'neglect' or xc functional -> same syntax as moldft
           save_pnos  true       # default   Save the OBS-PNOs to a file, before and after orthonormalization.
            diagonal  true       # defined   Compute only diagonal PNOs

end

**********************
Solve PNO-MP2
*********************


**********************
Iterate Pairs
*********************


************************
Adaptive Solver
***********************

Initializing empty Pairs:
no guess was explicitly demanded for mp2

timer:                                     RRCD     0.00s     0.00s 
timer:                             MRA compress     0.00s     0.00s 
timer:                          Transform Pairs     0.00s     0.00s 
timer:          apply Q and orthonormalize PNOs     0.00s     0.00s 
Created Guess:
pair11 with 0 guess functions
pair21 with 0 guess functions
pair22 with 0 guess functions
guess pair11 size: 0.0000000000e+00 | 0.0000000000e+00 Gbyte (after truncation)
guess pair22 size: 0.0000000000e+00 | 0.0000000000e+00 Gbyte (after truncation)
timer:                           truncate guess     0.00s     0.00s 
timer:                         Initialize Pairs     0.00s     0.00s 
Keyword multipole is not known
Guess protocol for adaptively growing ranks is: [dipole+, quadrupole, big_fock_3, big_fock_3, big_fock_3, big_fock_3, big_fock_3, big_fock_3, big_fock_3, big_fock_3]


--------Adaptive Solver Macroiteration 0 from max 10 ----------

Growing ranks with exop=dipole+
Create guess functions by multiplying plane-waves to 1 functions 
Created 4 virtuals for pair11
pair21 is frozen: no growing
Create guess functions by multiplying plane-waves to 1 functions 
Created 4 virtuals for pair22
frozen pair: no orthonormalization
timer:                                     RRCD     0.02s     0.02s 
timer:                             MRA compress     0.00s     0.00s 
timer:                          Transform Pairs     0.01s     0.01s 
timer:                        grow PNO subspace     0.22s     0.22s 
SolveInternal: Parameters are assigned as
no_compute        = false
no_opt            = false
restart           = false
do_cispd          = false
econv             =1.0000000000e-04
maxrank (min,max) = (1,1)
Solving MP2 doubles
timer:          fock matrix     1.20s     1.20s
Information About All Pairs:
mp2_pair11           number=0 rank=  4 frozen=false
mp2_pair21           number=1 rank=  0 frozen=true
mp2_pair22           number=2 rank=  4 frozen=false
number of pairs=3
average rank   =2 (2.6666666667e+00)
largest rank   =4
PNOPairs Memory Information
Total: 0.0130844116 GB 
PNO  : 0.0130844116 GB 
KPNO : 0.0000000000 GB 
W    : 0.0000000000 GB 

timer:                                 truncate     0.00s     0.00s 
wall time=50.7405860424 chunk=8 allK.size()=8 memory=0.0116124153 GB
timer:                             compute KPNO     3.35s     3.35s 
wall time=50.7836129665 chunk=8 allJ.size()=8 memory=0.0140657425 GB
timer:                             compute JPNO     0.04s     0.04s 
timer:                    compute Fock matrices     0.52s     0.52s 
timer:                             MRA compress     0.00s     0.00s 
timer:                          Transform Pairs     0.03s     0.03s 
timer:                             Canonicalize     0.03s     0.03s 
PNOPairs Memory Information
Total: 0.0234701633 GB 
PNO  : 0.0125119686 GB 
KPNO : 0.0109581947 GB 
W    : 0.0000000000 GB 

timer:                                 truncate     0.01s     0.01s 
mp2_pair21 is frozen: potential not computed
timer:                   Fluctuation Potentials     1.95s     1.95s 
timer:                       Fluctuation Matrix     0.04s     0.04s 
PNOPairs Memory Information
Total: 0.0378630161 GB 
PNO  : 0.0125119686 GB 
KPNO : 0.0109581947 GB 
W    : 0.0143928528 GB 

PNOPairs Memory Information
Total: 0.0378630161 GB 
PNO  : 0.0125119686 GB 
KPNO : 0.0109581947 GB 
W    : 0.0143928528 GB 

timer:                                 truncate     0.01s     0.01s 
timer:                             PNO Overlaps     0.03s     0.03s 
t_iter =  0  Hylleraas energy =  0.0000000000  ||R||_F =  0.1563917544  conv =  no
subspace solution [*]   1.00000000

t_iter =  1  Hylleraas energy =  -0.0649790732  ||R||_F =  0.0000001690  conv =  yes
=======================================================

Hylleraas MP2 Energies

=======================================================
    i    j      singlet      triplet        Total
=======================================================
    1    1  -3.24895e-02  0.00000e+00 -3.24895e-02
    2    1   0.00000e+00  0.00000e+00  0.00000e+00
    2    2  -3.24895e-02  0.00000e+00 -3.24895e-02
=======================================================
Hylleraas MP2 Energies (singlet): -6.49791e-02
Hylleraas MP2 Energies (triplet):  0.00000e+00
Hylleraas MP2 Energies (total)  : -6.49791e-02
=======================================================
-------------------------------------------
Total Reg Energy  =-6.49791e-02
Total F12 Energy  = 0.00000e+00
Sum Energies Total=-6.49791e-02
-------------------------------------------
timer:                         Solve Amplitudes     0.00s     0.00s 
No optimization untill now: Compressing pno ranks with tighter threshold
1.00000e-10 instead of 1.00000e-08
pair11: density evals:
 [*]   0.00187518   0.00205335   0.00205335   0.18071155

pair11: # of PNOs reduced from  4  to  1  maxrank= 1
pair22: density evals:
 [*]   0.00187518   0.00205335   0.00205335   0.18071155

pair22: # of PNOs reduced from  4  to  1  maxrank= 1
timer:                            compress PNOs     0.00s     0.00s 
timer:                             MRA compress     0.00s     0.00s 
timer:                          Transform Pairs     0.01s     0.01s 
timer:                          PNO Compression     0.02s     0.02s 
Information About All Pairs:
mp2_pair11           number=0 rank=  1 frozen=false
mp2_pair21           number=1 rank=  0 frozen=true
mp2_pair22           number=2 rank=  1 frozen=false
number of pairs=3
average rank   =0 (6.66667e-01)
largest rank   =1
saving vector of functions mp2_pair11
saving vector of functions mp2_pair22
timer:                        save pnos on disc     0.03s     0.03s 
PNOPairs Memory Information
Total: 0.01161 GB 
PNO  : 0.00298 GB 
KPNO : 0.00331 GB 
W    : 0.00532 GB 

timer:                                 truncate     0.00s     0.00s 
timer:      compute densities for G application     0.00s     0.00s 
pair21 is frozen: no optimization
timer:                Prepare for G application     0.01s     0.01s 
timer:                                    add K     0.00s     0.00s 
size of all Vpsi potentials (without Vnuc and J) 0.00331 GB 
time=53.52520 chunk=2 Vpsi+Vnuc+J=0.01116 GB
time=53.52923 chunk=2 Vpsi+Vnuc+J=0.01116 GB (after truncation)
timer:                           Apply G to all     0.88s     0.88s 
timer:                       apply Q and update     0.00s     0.00s 
mp2_pair11 residual norms:
[0.26452]
mp2_pair11 scaled residual norms:
[0.11245]
mp2_pair22 residual norms:
[0.26452]
mp2_pair22 scaled residual norms:
[0.11245]
timer:                          update all PNOs     0.89s     0.89s 
frozen pair: no orthonormalization
timer:                                     RRCD     0.01s     0.01s 
timer:                             MRA compress     0.00s     0.00s 
timer:                          Transform Pairs     0.00s     0.00s 
saving vector of functions mp2_pair11
saving vector of functions mp2_pair22
timer:                        save pnos on disc     0.06s     0.06s 


No convergence yet. Energy change = 0.06498

timer:                        Whole Iteration 1     7.04s     7.04s 
Information About All Pairs:
mp2_pair11           number=0 rank=  1 frozen=false
mp2_pair21           number=1 rank=  0 frozen=true
mp2_pair22           number=2 rank=  1 frozen=false
number of pairs=3
average rank   =0 (0.66667)
largest rank   =1
PNOPairs Memory Information
Total: 0.00397 GB 
PNO  : 0.00397 GB 
KPNO : 0.00000 GB 
W    : 0.00000 GB 

timer:                                 truncate     0.00s     0.00s 
wall time=55.48568 chunk=2 allK.size()=2 memory=0.00364 GB
timer:                             compute KPNO     1.06s     1.06s 
wall time=55.50046 chunk=2 allJ.size()=2 memory=0.00429 GB
timer:                             compute JPNO     0.01s     0.01s 
timer:                    compute Fock matrices     0.22s     0.22s 
timer:                             MRA compress     0.00s     0.00s 
timer:                          Transform Pairs     0.00s     0.00s 
timer:                             Canonicalize     0.00s     0.00s 
PNOPairs Memory Information
Total: 0.00761 GB 
PNO  : 0.00397 GB 
KPNO : 0.00364 GB 
W    : 0.00000 GB 

timer:                                 truncate     0.00s     0.00s 
mp2_pair21 is frozen: potential not computed
timer:                   Fluctuation Potentials     0.57s     0.57s 
timer:                       Fluctuation Matrix     0.03s     0.03s 
PNOPairs Memory Information
Total: 0.01292 GB 
PNO  : 0.00397 GB 
KPNO : 0.00364 GB 
W    : 0.00532 GB 

PNOPairs Memory Information
Total: 0.01292 GB 
PNO  : 0.00397 GB 
KPNO : 0.00364 GB 
W    : 0.00532 GB 

timer:                                 truncate     0.00s     0.00s 
timer:                             PNO Overlaps     0.03s     0.03s 
t_iter =  0  Hylleraas energy =  0.00000  ||R||_F =  0.17029  conv =  no
subspace solution [*]   1.00000000

t_iter =  1  Hylleraas energy =  -0.09125  ||R||_F =  0.00000  conv =  yes
=======================================================

Hylleraas MP2 Energies

=======================================================
    i    j      singlet      triplet        Total
=======================================================
    1    1  -4.56272e-02  0.00000e+00 -4.56272e-02
    2    1   0.00000e+00  0.00000e+00  0.00000e+00
    2    2  -4.56272e-02  0.00000e+00 -4.56272e-02
=======================================================
Hylleraas MP2 Energies (singlet): -9.12544e-02
Hylleraas MP2 Energies (triplet):  0.00000e+00
Hylleraas MP2 Energies (total)  : -9.12544e-02
=======================================================
-------------------------------------------
Total Reg Energy  =-9.12544e-02
Total F12 Energy  = 0.00000e+00
Sum Energies Total=-9.12544e-02
-------------------------------------------
timer:                         Solve Amplitudes     0.00s     0.00s 
pair11: density evals:
 [*]   0.28715000

pair22: density evals:
 [*]   0.28715000

timer:                            compress PNOs     0.00s     0.00s 
timer:                             MRA compress     0.00s     0.00s 
timer:                          Transform Pairs     0.01s     0.01s 
timer:                          PNO Compression     0.01s     0.01s 
Information About All Pairs:
mp2_pair11           number=0 rank=  1 frozen=false
mp2_pair21           number=1 rank=  0 frozen=true
mp2_pair22           number=2 rank=  1 frozen=false
number of pairs=3
average rank   =0 (6.66667e-01)
largest rank   =1
saving vector of functions mp2_pair11
saving vector of functions mp2_pair22
timer:                        save pnos on disc     0.07s     0.07s 
PNOPairs Memory Information
Total: 0.01292 GB 
PNO  : 0.00397 GB 
KPNO : 0.00364 GB 
W    : 0.00532 GB 

timer:                                 truncate     0.00s     0.00s 
timer:      compute densities for G application     0.00s     0.00s 
pair21 is frozen: no optimization
timer:                Prepare for G application     0.01s     0.01s 
timer:                                    add K     0.00s     0.00s 
size of all Vpsi potentials (without Vnuc and J) 0.00364 GB 
time=56.51867 chunk=2 Vpsi+Vnuc+J=0.01133 GB
time=56.52292 chunk=2 Vpsi+Vnuc+J=0.01133 GB (after truncation)
timer:                           Apply G to all     0.85s     0.85s 
timer:                       apply Q and update     0.00s     0.00s 
mp2_pair11 residual norms:
[0.05875]
mp2_pair11 scaled residual norms:
[0.03148]
mp2_pair22 residual norms:
[0.05875]
mp2_pair22 scaled residual norms:
[0.03148]
timer:                          update all PNOs     0.89s     0.89s 
frozen pair: no orthonormalization
timer:                                     RRCD     0.01s     0.01s 
timer:                             MRA compress     0.00s     0.00s 
timer:                          Transform Pairs     0.00s     0.00s 
saving vector of functions mp2_pair11
saving vector of functions mp2_pair22
timer:                        save pnos on disc     0.04s     0.04s 


No convergence yet. Energy change = 0.02628

timer:                        Whole Iteration 2     2.96s     2.96s 
Information About All Pairs:
mp2_pair11           number=0 rank=  1 frozen=false
mp2_pair21           number=1 rank=  0 frozen=true
mp2_pair22           number=2 rank=  1 frozen=false
number of pairs=3
average rank   =0 (0.66667)
largest rank   =1
PNOPairs Memory Information
Total: 0.00397 GB 
PNO  : 0.00397 GB 
KPNO : 0.00000 GB 
W    : 0.00000 GB 

timer:                                 truncate     0.00s     0.00s 
wall time=58.44528 chunk=2 allK.size()=2 memory=0.00364 GB
timer:                             compute KPNO     1.06s     1.06s 
wall time=58.45791 chunk=2 allJ.size()=2 memory=0.00429 GB
timer:                             compute JPNO     0.01s     0.01s 
timer:                    compute Fock matrices     0.22s     0.22s 
timer:                             MRA compress     0.00s     0.00s 
timer:                          Transform Pairs     0.00s     0.00s 
timer:                             Canonicalize     0.00s     0.00s 
PNOPairs Memory Information
Total: 0.00761 GB 
PNO  : 0.00397 GB 
KPNO : 0.00364 GB 
W    : 0.00000 GB 

timer:                                 truncate     0.00s     0.00s 
mp2_pair21 is frozen: potential not computed
timer:                   Fluctuation Potentials     0.57s     0.57s 
timer:                       Fluctuation Matrix     0.03s     0.03s 
PNOPairs Memory Information
Total: 0.01292 GB 
PNO  : 0.00397 GB 
KPNO : 0.00364 GB 
W    : 0.00532 GB 

PNOPairs Memory Information
Total: 0.01292 GB 
PNO  : 0.00397 GB 
KPNO : 0.00364 GB 
W    : 0.00532 GB 

timer:                                 truncate     0.00s     0.00s 
timer:                             PNO Overlaps     0.03s     0.03s 
t_iter =  0  Hylleraas energy =  0.00000  ||R||_F =  0.17586  conv =  no
subspace solution [*]   1.00000000

t_iter =  1  Hylleraas energy =  -0.09443  ||R||_F =  0.00000  conv =  yes
=======================================================

Hylleraas MP2 Energies

=======================================================
    i    j      singlet      triplet        Total
=======================================================
    1    1  -4.72147e-02  0.00000e+00 -4.72147e-02
    2    1   0.00000e+00  0.00000e+00  0.00000e+00
    2    2  -4.72147e-02  0.00000e+00 -4.72147e-02
=======================================================
Hylleraas MP2 Energies (singlet): -9.44294e-02
Hylleraas MP2 Energies (triplet):  0.00000e+00
Hylleraas MP2 Energies (total)  : -9.44294e-02
=======================================================
-------------------------------------------
Total Reg Energy  =-9.44294e-02
Total F12 Energy  = 0.00000e+00
Sum Energies Total=-9.44294e-02
-------------------------------------------
timer:                         Solve Amplitudes     0.00s     0.00s 
pair11: density evals:
 [*]   0.28831706

pair22: density evals:
 [*]   0.28831705

timer:                            compress PNOs     0.00s     0.00s 
timer:                             MRA compress     0.00s     0.00s 
timer:                          Transform Pairs     0.01s     0.01s 
timer:                          PNO Compression     0.01s     0.01s 
Information About All Pairs:
mp2_pair11           number=0 rank=  1 frozen=false
mp2_pair21           number=1 rank=  0 frozen=true
mp2_pair22           number=2 rank=  1 frozen=false
number of pairs=3
average rank   =0 (6.66667e-01)
largest rank   =1
saving vector of functions mp2_pair11
saving vector of functions mp2_pair22
timer:                        save pnos on disc     0.06s     0.06s 
PNOPairs Memory Information
Total: 0.01292 GB 
PNO  : 0.00397 GB 
KPNO : 0.00364 GB 
W    : 0.00532 GB 

timer:                                 truncate     0.00s     0.00s 
timer:      compute densities for G application     0.00s     0.00s 
pair21 is frozen: no optimization
timer:                Prepare for G application     0.01s     0.01s 
timer:                                    add K     0.00s     0.00s 
size of all Vpsi potentials (without Vnuc and J) 0.00364 GB 
time=59.48035 chunk=2 Vpsi+Vnuc+J=0.01133 GB
time=59.48454 chunk=2 Vpsi+Vnuc+J=0.01133 GB (after truncation)
timer:                           Apply G to all     0.85s     0.85s 
timer:                       apply Q and update     0.00s     0.00s 
mp2_pair11 residual norms:
[0.02453]
mp2_pair11 scaled residual norms:
[0.01317]
mp2_pair22 residual norms:
[0.02453]
mp2_pair22 scaled residual norms:
[0.01317]
timer:                          update all PNOs     0.86s     0.86s 
frozen pair: no orthonormalization
timer:                                     RRCD     0.01s     0.01s 
timer:                             MRA compress     0.00s     0.00s 
timer:                          Transform Pairs     0.00s     0.00s 
saving vector of functions mp2_pair11
saving vector of functions mp2_pair22
timer:                        save pnos on disc     0.06s     0.06s 


No convergence yet. Energy change = 0.00317

timer:                        Whole Iteration 3     2.97s     2.97s 
Information About All Pairs:
mp2_pair11           number=0 rank=  1 frozen=false
mp2_pair21           number=1 rank=  0 frozen=true
mp2_pair22           number=2 rank=  1 frozen=false
number of pairs=3
average rank   =0 (0.66667)
largest rank   =1
PNOPairs Memory Information
Total: 0.00397 GB 
PNO  : 0.00397 GB 
KPNO : 0.00000 GB 
W    : 0.00000 GB 

timer:                                 truncate     0.00s     0.00s 
wall time=61.42690 chunk=2 allK.size()=2 memory=0.00364 GB
timer:                             compute KPNO     1.08s     1.08s 
wall time=61.43952 chunk=2 allJ.size()=2 memory=0.00429 GB
timer:                             compute JPNO     0.01s     0.01s 
timer:                    compute Fock matrices     0.22s     0.22s 
timer:                             MRA compress     0.00s     0.00s 
timer:                          Transform Pairs     0.00s     0.00s 
timer:                             Canonicalize     0.00s     0.00s 
PNOPairs Memory Information
Total: 0.00761 GB 
PNO  : 0.00397 GB 
KPNO : 0.00364 GB 
W    : 0.00000 GB 

timer:                                 truncate     0.00s     0.00s 
mp2_pair21 is frozen: potential not computed
timer:                   Fluctuation Potentials     0.57s     0.57s 
timer:                       Fluctuation Matrix     0.03s     0.03s 
PNOPairs Memory Information
Total: 0.01292 GB 
PNO  : 0.00397 GB 
KPNO : 0.00364 GB 
W    : 0.00532 GB 

PNOPairs Memory Information
Total: 0.01292 GB 
PNO  : 0.00397 GB 
KPNO : 0.00364 GB 
W    : 0.00532 GB 

timer:                                 truncate     0.00s     0.00s 
timer:                             PNO Overlaps     0.03s     0.03s 
t_iter =  0  Hylleraas energy =  0.00000  ||R||_F =  0.17790  conv =  no
subspace solution [*]   1.00000000

t_iter =  1  Hylleraas energy =  -0.09503  ||R||_F =  0.00000  conv =  yes
=======================================================

Hylleraas MP2 Energies

=======================================================
    i    j      singlet      triplet        Total
=======================================================
    1    1  -4.75150e-02  0.00000e+00 -4.75150e-02
    2    1   0.00000e+00  0.00000e+00  0.00000e+00
    2    2  -4.75150e-02  0.00000e+00 -4.75150e-02
=======================================================
Hylleraas MP2 Energies (singlet): -9.50299e-02
Hylleraas MP2 Energies (triplet):  0.00000e+00
Hylleraas MP2 Energies (total)  : -9.50299e-02
=======================================================
-------------------------------------------
Total Reg Energy  =-9.50299e-02
Total F12 Energy  = 0.00000e+00
Sum Energies Total=-9.50299e-02
-------------------------------------------
timer:                         Solve Amplitudes     0.00s     0.00s 
pair11: density evals:
 [*]   0.28535984

pair22: density evals:
 [*]   0.28535984

timer:                            compress PNOs     0.00s     0.00s 
timer:                             MRA compress     0.00s     0.00s 
timer:                          Transform Pairs     0.01s     0.01s 
timer:                          PNO Compression     0.03s     0.03s 
Information About All Pairs:
mp2_pair11           number=0 rank=  1 frozen=false
mp2_pair21           number=1 rank=  0 frozen=true
mp2_pair22           number=2 rank=  1 frozen=false
number of pairs=3
average rank   =0 (6.66667e-01)
largest rank   =1
saving vector of functions mp2_pair11
saving vector of functions mp2_pair22
timer:                        save pnos on disc     0.03s     0.03s 
PNOPairs Memory Information
Total: 0.01292 GB 
PNO  : 0.00397 GB 
KPNO : 0.00364 GB 
W    : 0.00532 GB 

timer:                                 truncate     0.00s     0.00s 
timer:      compute densities for G application     0.00s     0.00s 
pair21 is frozen: no optimization
timer:                Prepare for G application     0.01s     0.01s 
timer:                                    add K     0.00s     0.00s 
size of all Vpsi potentials (without Vnuc and J) 0.00364 GB 
time=62.44381 chunk=2 Vpsi+Vnuc+J=0.01133 GB
time=62.44807 chunk=2 Vpsi+Vnuc+J=0.01133 GB (after truncation)
timer:                           Apply G to all     0.85s     0.85s 
timer:                       apply Q and update     0.00s     0.00s 
mp2_pair11 residual norms:
[0.01241]
mp2_pair11 scaled residual norms:
[0.00663]
mp2_pair22 residual norms:
[0.01241]
mp2_pair22 scaled residual norms:
[0.00663]
timer:                          update all PNOs     0.86s     0.86s 
frozen pair: no orthonormalization
timer:                                     RRCD     0.01s     0.01s 
timer:                             MRA compress     0.00s     0.00s 
timer:                          Transform Pairs     0.00s     0.00s 
saving vector of functions mp2_pair11
saving vector of functions mp2_pair22
timer:                        save pnos on disc     0.06s     0.06s 


No convergence yet. Energy change = 0.00060

timer:                        Whole Iteration 4     2.96s     2.96s 
Information About All Pairs:
mp2_pair11           number=0 rank=  1 frozen=false
mp2_pair21           number=1 rank=  0 frozen=true
mp2_pair22           number=2 rank=  1 frozen=false
number of pairs=3
average rank   =0 (0.66667)
largest rank   =1
PNOPairs Memory Information
Total: 0.00397 GB 
PNO  : 0.00397 GB 
KPNO : 0.00000 GB 
W    : 0.00000 GB 

timer:                                 truncate     0.00s     0.00s 
wall time=64.38796 chunk=2 allK.size()=2 memory=0.00364 GB
timer:                             compute KPNO     1.08s     1.08s 
wall time=64.40049 chunk=2 allJ.size()=2 memory=0.00429 GB
timer:                             compute JPNO     0.01s     0.01s 
timer:                    compute Fock matrices     0.22s     0.22s 
timer:                             MRA compress     0.00s     0.00s 
timer:                          Transform Pairs     0.00s     0.00s 
timer:                             Canonicalize     0.00s     0.00s 
PNOPairs Memory Information
Total: 0.00761 GB 
PNO  : 0.00397 GB 
KPNO : 0.00364 GB 
W    : 0.00000 GB 

timer:                                 truncate     0.00s     0.00s 
mp2_pair21 is frozen: potential not computed
timer:                   Fluctuation Potentials     0.57s     0.57s 
timer:                       Fluctuation Matrix     0.03s     0.03s 
PNOPairs Memory Information
Total: 0.01292 GB 
PNO  : 0.00397 GB 
KPNO : 0.00364 GB 
W    : 0.00532 GB 

PNOPairs Memory Information
Total: 0.01292 GB 
PNO  : 0.00397 GB 
KPNO : 0.00364 GB 
W    : 0.00532 GB 

timer:                                 truncate     0.01s     0.01s 
timer:                             PNO Overlaps     0.03s     0.03s 
t_iter =  0  Hylleraas energy =  0.00000  ||R||_F =  0.17878  conv =  no
subspace solution [*]   1.00000000

t_iter =  1  Hylleraas energy =  -0.09519  ||R||_F =  0.00000  conv =  yes
=======================================================

Hylleraas MP2 Energies

=======================================================
    i    j      singlet      triplet        Total
=======================================================
    1    1  -4.75960e-02  0.00000e+00 -4.75960e-02
    2    1   0.00000e+00  0.00000e+00  0.00000e+00
    2    2  -4.75960e-02  0.00000e+00 -4.75960e-02
=======================================================
Hylleraas MP2 Energies (singlet): -9.51921e-02
Hylleraas MP2 Energies (triplet):  0.00000e+00
Hylleraas MP2 Energies (total)  : -9.51921e-02
=======================================================
-------------------------------------------
Total Reg Energy  =-9.51921e-02
Total F12 Energy  = 0.00000e+00
Sum Energies Total=-9.51921e-02
-------------------------------------------
timer:                         Solve Amplitudes     0.00s     0.00s 
pair11: density evals:
 [*]   0.28351407

pair22: density evals:
 [*]   0.28351407

timer:                            compress PNOs     0.00s     0.00s 
timer:                             MRA compress     0.00s     0.00s 
timer:                          Transform Pairs     0.01s     0.01s 
timer:                          PNO Compression     0.01s     0.01s 
Information About All Pairs:
mp2_pair11           number=0 rank=  1 frozen=false
mp2_pair21           number=1 rank=  0 frozen=true
mp2_pair22           number=2 rank=  1 frozen=false
number of pairs=3
average rank   =0 (6.66667e-01)
largest rank   =1
saving vector of functions mp2_pair11
saving vector of functions mp2_pair22
timer:                        save pnos on disc     0.06s     0.06s 
PNOPairs Memory Information
Total: 0.01292 GB 
PNO  : 0.00397 GB 
KPNO : 0.00364 GB 
W    : 0.00532 GB 

timer:                                 truncate     0.00s     0.00s 
timer:      compute densities for G application     0.00s     0.00s 
pair21 is frozen: no optimization
timer:                Prepare for G application     0.01s     0.01s 
timer:                                    add K     0.00s     0.00s 
size of all Vpsi potentials (without Vnuc and J) 0.00364 GB 
time=65.41622 chunk=2 Vpsi+Vnuc+J=0.01133 GB
time=65.42049 chunk=2 Vpsi+Vnuc+J=0.01133 GB (after truncation)
timer:                           Apply G to all     0.86s     0.86s 
timer:                       apply Q and update     0.00s     0.00s 
mp2_pair11 residual norms:
[0.00681]
mp2_pair11 scaled residual norms:
[0.00363]
mp2_pair22 residual norms:
[0.00681]
mp2_pair22 scaled residual norms:
[0.00363]
timer:                          update all PNOs     0.87s     0.87s 
frozen pair: no orthonormalization
timer:                                     RRCD     0.01s     0.01s 
timer:                             MRA compress     0.00s     0.00s 
timer:                          Transform Pairs     0.00s     0.00s 
saving vector of functions mp2_pair11
saving vector of functions mp2_pair22
timer:                        save pnos on disc     0.06s     0.06s 


No convergence yet. Energy change = 0.00016

timer:                        Whole Iteration 5     2.98s     2.98s 
Information About All Pairs:
mp2_pair11           number=0 rank=  1 frozen=false
mp2_pair21           number=1 rank=  0 frozen=true
mp2_pair22           number=2 rank=  1 frozen=false
number of pairs=3
average rank   =0 (0.66667)
largest rank   =1
PNOPairs Memory Information
Total: 0.00397 GB 
PNO  : 0.00397 GB 
KPNO : 0.00000 GB 
W    : 0.00000 GB 

timer:                                 truncate     0.00s     0.00s 
wall time=67.39432 chunk=2 allK.size()=2 memory=0.00364 GB
timer:                             compute KPNO     1.10s     1.10s 
wall time=67.40706 chunk=2 allJ.size()=2 memory=0.00429 GB
timer:                             compute JPNO     0.01s     0.01s 
timer:                    compute Fock matrices     0.21s     0.21s 
timer:                             MRA compress     0.00s     0.00s 
timer:                          Transform Pairs     0.01s     0.01s 
timer:                             Canonicalize     0.01s     0.01s 
PNOPairs Memory Information
Total: 0.00761 GB 
PNO  : 0.00397 GB 
KPNO : 0.00364 GB 
W    : 0.00000 GB 

timer:                                 truncate     0.00s     0.00s 
mp2_pair21 is frozen: potential not computed
timer:                   Fluctuation Potentials     0.57s     0.57s 
timer:                       Fluctuation Matrix     0.03s     0.03s 
PNOPairs Memory Information
Total: 0.01292 GB 
PNO  : 0.00397 GB 
KPNO : 0.00364 GB 
W    : 0.00532 GB 

PNOPairs Memory Information
Total: 0.01292 GB 
PNO  : 0.00397 GB 
KPNO : 0.00364 GB 
W    : 0.00532 GB 

timer:                                 truncate     0.00s     0.00s 
timer:                             PNO Overlaps     0.03s     0.03s 
t_iter =  0  Hylleraas energy =  0.00000  ||R||_F =  0.17919  conv =  no
subspace solution [*]   1.00000000

t_iter =  1  Hylleraas energy =  -0.09524  ||R||_F =  0.00000  conv =  yes
=======================================================

Hylleraas MP2 Energies

=======================================================
    i    j      singlet      triplet        Total
=======================================================
    1    1  -4.76209e-02  0.00000e+00 -4.76209e-02
    2    1   0.00000e+00  0.00000e+00  0.00000e+00
    2    2  -4.76209e-02  0.00000e+00 -4.76209e-02
=======================================================
Hylleraas MP2 Energies (singlet): -9.52417e-02
Hylleraas MP2 Energies (triplet):  0.00000e+00
Hylleraas MP2 Energies (total)  : -9.52417e-02
=======================================================
-------------------------------------------
Total Reg Energy  =-9.52417e-02
Total F12 Energy  = 0.00000e+00
Sum Energies Total=-9.52417e-02
-------------------------------------------
timer:                         Solve Amplitudes     0.00s     0.00s 
pair11: density evals:
 [*]   0.28249133

pair22: density evals:
 [*]   0.28249133

timer:                            compress PNOs     0.00s     0.00s 
timer:                             MRA compress     0.00s     0.00s 
timer:                          Transform Pairs     0.01s     0.01s 
timer:                          PNO Compression     0.01s     0.01s 
Information About All Pairs:
mp2_pair11           number=0 rank=  1 frozen=false
mp2_pair21           number=1 rank=  0 frozen=true
mp2_pair22           number=2 rank=  1 frozen=false
number of pairs=3
average rank   =0 (6.66667e-01)
largest rank   =1
saving vector of functions mp2_pair11
saving vector of functions mp2_pair22
timer:                        save pnos on disc     0.06s     0.06s 
PNOPairs Memory Information
Total: 0.01292 GB 
PNO  : 0.00397 GB 
KPNO : 0.00364 GB 
W    : 0.00532 GB 

timer:                                 truncate     0.00s     0.00s 
timer:      compute densities for G application     0.00s     0.00s 
pair21 is frozen: no optimization
timer:                Prepare for G application     0.01s     0.01s 
timer:                                    add K     0.00s     0.00s 
size of all Vpsi potentials (without Vnuc and J) 0.00364 GB 
time=68.41859 chunk=2 Vpsi+Vnuc+J=0.01133 GB
time=68.42291 chunk=2 Vpsi+Vnuc+J=0.01133 GB (after truncation)
timer:                           Apply G to all     0.86s     0.86s 
timer:                       apply Q and update     0.00s     0.00s 
mp2_pair11 residual norms:
[0.00393]
mp2_pair11 scaled residual norms:
[0.00209]
mp2_pair22 residual norms:
[0.00393]
mp2_pair22 scaled residual norms:
[0.00209]
timer:                          update all PNOs     0.87s     0.87s 
frozen pair: no orthonormalization
timer:                                     RRCD     0.01s     0.01s 
timer:                             MRA compress     0.00s     0.00s 
timer:                          Transform Pairs     0.00s     0.00s 
saving vector of functions mp2_pair11
saving vector of functions mp2_pair22
timer:                        save pnos on disc     0.07s     0.07s 


CONVERGED!
energy change = 0.00005

re-entering loop to compute the correct amplitudes and energies
timer:                        Whole Iteration 6     3.01s     3.01s 
Information About All Pairs:
mp2_pair11           number=0 rank=  1 frozen=false
mp2_pair21           number=1 rank=  0 frozen=true
mp2_pair22           number=2 rank=  1 frozen=false
number of pairs=3
average rank   =0 (0.66667)
largest rank   =1
PNOPairs Memory Information
Total: 0.00397 GB 
PNO  : 0.00397 GB 
KPNO : 0.00000 GB 
W    : 0.00000 GB 

timer:                                 truncate     0.00s     0.00s 
wall time=70.38673 chunk=2 allK.size()=2 memory=0.00364 GB
timer:                             compute KPNO     1.08s     1.08s 
wall time=70.39942 chunk=2 allJ.size()=2 memory=0.00429 GB
timer:                             compute JPNO     0.01s     0.01s 
timer:                    compute Fock matrices     0.21s     0.21s 
timer:                             MRA compress     0.00s     0.00s 
timer:                          Transform Pairs     0.00s     0.00s 
timer:                             Canonicalize     0.01s     0.01s 
PNOPairs Memory Information
Total: 0.00761 GB 
PNO  : 0.00397 GB 
KPNO : 0.00364 GB 
W    : 0.00000 GB 

timer:                                 truncate     0.00s     0.00s 
mp2_pair21 is frozen: potential not computed
timer:                   Fluctuation Potentials     0.56s     0.56s 
timer:                       Fluctuation Matrix     0.03s     0.03s 
PNOPairs Memory Information
Total: 0.01292 GB 
PNO  : 0.00397 GB 
KPNO : 0.00364 GB 
W    : 0.00532 GB 

PNOPairs Memory Information
Total: 0.01292 GB 
PNO  : 0.00397 GB 
KPNO : 0.00364 GB 
W    : 0.00532 GB 

timer:                                 truncate     0.00s     0.00s 
timer:                             PNO Overlaps     0.03s     0.03s 
t_iter =  0  Hylleraas energy =  0.00000  ||R||_F =  0.17940  conv =  no
subspace solution [*]   1.00000000

t_iter =  1  Hylleraas energy =  -0.09526  ||R||_F =  0.00000  conv =  yes
=======================================================

Hylleraas MP2 Energies

=======================================================
    i    j      singlet      triplet        Total
=======================================================
    1    1  -4.76305e-02  0.00000e+00 -4.76305e-02
    2    1   0.00000e+00  0.00000e+00  0.00000e+00
    2    2  -4.76305e-02  0.00000e+00 -4.76305e-02
=======================================================
Hylleraas MP2 Energies (singlet): -9.52609e-02
Hylleraas MP2 Energies (triplet):  0.00000e+00
Hylleraas MP2 Energies (total)  : -9.52609e-02
=======================================================
-------------------------------------------
Total Reg Energy  =-9.52609e-02
Total F12 Energy  = 0.00000e+00
Sum Energies Total=-9.52609e-02
-------------------------------------------
timer:                         Solve Amplitudes     0.00s     0.00s 
pair11: density evals:
 [*]   0.28195744

pair22: density evals:
 [*]   0.28195744

timer:                            compress PNOs     0.00s     0.00s 
timer:                             MRA compress     0.00s     0.00s 
timer:                          Transform Pairs     0.01s     0.01s 
timer:                          PNO Compression     0.01s     0.01s 
Information About All Pairs:
mp2_pair11           number=0 rank=  1 frozen=false
mp2_pair21           number=1 rank=  0 frozen=true
mp2_pair22           number=2 rank=  1 frozen=false
number of pairs=3
average rank   =0 (6.66667e-01)
largest rank   =1
saving vector of functions mp2_pair11
saving vector of functions mp2_pair22
timer:                        save pnos on disc     0.05s     0.05s 
exiting: Iterations converged
PNO ranks:
PNO Rank for pair pair11 = 1
PNO Rank for pair pair21 = 0
PNO Rank for pair pair22 = 1
average rank 6.66667e-01
timer:                               PNO::solve    25.13s    25.13s 

--------------------------------
ITERATE-PAIRS-INTERNAL-ENDED
--------------------------------
mp2_pair21 converged!


Adaptive Sovler:
 Current Energy=-9.5260910029e-02
 DeltaE        =-9.5260910029e-02
 max dE (pair) =-4.7630454915e-02 (2)
 all_pairs_conv=false




not converged yet

freeze pair mp2_pair21 (not further optimized: Energy below 1.0000000000e-05)


--------Adaptive Solver Macroiteration 1 from max 10 ----------

Growing ranks with exop=quadrupole
maxrank reached for pair11 no further growing
pair21 is frozen: no growing
maxrank reached for pair22 no further growing
frozen pair: no orthonormalization
timer:                                     RRCD     0.01s     0.01s 
timer:                             MRA compress     0.00s     0.00s 
timer:                          Transform Pairs     0.01s     0.01s 
timer:                        grow PNO subspace     0.02s     0.02s 
SolveInternal: Parameters are assigned as
no_compute        = false
no_opt            = false
restart           = false
do_cispd          = false
econv             =1.0000000000e-04
maxrank (min,max) = (1,1)
Solving MP2 doubles
timer:          fock matrix     1.19s     1.19s
Information About All Pairs:
mp2_pair11           number=0 rank=  1 frozen=false
mp2_pair21           number=1 rank=  0 frozen=true
mp2_pair22           number=2 rank=  1 frozen=false
number of pairs=3
average rank   =0 (6.6666666667e-01)
largest rank   =1
PNOPairs Memory Information
Total: 0.0129208565 GB 
PNO  : 0.0039662123 GB 
KPNO : 0.0036391020 GB 
W    : 0.0053155422 GB 

timer:                                 truncate     0.00s     0.00s 
wall time=73.6368169785 chunk=2 allK.size()=2 memory=0.0036391020 GB
timer:                             compute KPNO     1.08s     1.08s 
wall time=73.6504309177 chunk=2 allJ.size()=2 memory=0.0042933226 GB
timer:                             compute JPNO     0.01s     0.01s 
timer:                    compute Fock matrices     0.22s     0.22s 
timer:                             MRA compress     0.00s     0.00s 
timer:                          Transform Pairs     0.01s     0.01s 
timer:                             Canonicalize     0.01s     0.01s 
PNOPairs Memory Information
Total: 0.0129208565 GB 
PNO  : 0.0039662123 GB 
KPNO : 0.0036391020 GB 
W    : 0.0053155422 GB 

timer:                                 truncate     0.00s     0.00s 
mp2_pair21 is frozen: potential not computed
timer:                   Fluctuation Potentials     0.57s     0.57s 
timer:                       Fluctuation Matrix     0.03s     0.03s 
PNOPairs Memory Information
Total: 0.0129208565 GB 
PNO  : 0.0039662123 GB 
KPNO : 0.0036391020 GB 
W    : 0.0053155422 GB 

PNOPairs Memory Information
Total: 0.0129208565 GB 
PNO  : 0.0039662123 GB 
KPNO : 0.0036391020 GB 
W    : 0.0053155422 GB 

timer:                                 truncate     0.00s     0.00s 
timer:                             PNO Overlaps     0.03s     0.03s 
t_iter =  0  Hylleraas energy =  0.0000000000  ||R||_F =  0.1794002089  conv =  no
subspace solution [*]   1.00000000

t_iter =  1  Hylleraas energy =  -0.0952609100  ||R||_F =  0.0000000000  conv =  yes
=======================================================

Hylleraas MP2 Energies

=======================================================
    i    j      singlet      triplet        Total
=======================================================
    1    1  -4.76305e-02  0.00000e+00 -4.76305e-02
    2    1   0.00000e+00  0.00000e+00  0.00000e+00
    2    2  -4.76305e-02  0.00000e+00 -4.76305e-02
=======================================================
Hylleraas MP2 Energies (singlet): -9.52609e-02
Hylleraas MP2 Energies (triplet):  0.00000e+00
Hylleraas MP2 Energies (total)  : -9.52609e-02
=======================================================
-------------------------------------------
Total Reg Energy  =-9.52609e-02
Total F12 Energy  = 0.00000e+00
Sum Energies Total=-9.52609e-02
-------------------------------------------
timer:                         Solve Amplitudes     0.00s     0.00s 
No optimization untill now: Compressing pno ranks with tighter threshold
1.00000e-10 instead of 1.00000e-08
pair11: density evals:
 [*]   0.28195744

pair22: density evals:
 [*]   0.28195744

timer:                            compress PNOs     0.00s     0.00s 
timer:                             MRA compress     0.00s     0.00s 
timer:                          Transform Pairs     0.01s     0.01s 
timer:                          PNO Compression     0.01s     0.01s 
Information About All Pairs:
mp2_pair11           number=0 rank=  1 frozen=false
mp2_pair21           number=1 rank=  0 frozen=true
mp2_pair22           number=2 rank=  1 frozen=false
number of pairs=3
average rank   =0 (6.66667e-01)
largest rank   =1
saving vector of functions mp2_pair11
saving vector of functions mp2_pair22
timer:                        save pnos on disc     0.06s     0.06s 
PNOPairs Memory Information
Total: 0.01292 GB 
PNO  : 0.00397 GB 
KPNO : 0.00364 GB 
W    : 0.00532 GB 

timer:                                 truncate     0.00s     0.00s 
timer:      compute densities for G application     0.00s     0.00s 
pair21 is frozen: no optimization
timer:                Prepare for G application     0.01s     0.01s 
timer:                                    add K     0.00s     0.00s 
size of all Vpsi potentials (without Vnuc and J) 0.00364 GB 
time=74.66839 chunk=2 Vpsi+Vnuc+J=0.01133 GB
time=74.67270 chunk=2 Vpsi+Vnuc+J=0.01133 GB (after truncation)
timer:                           Apply G to all     0.85s     0.85s 
timer:                       apply Q and update     0.00s     0.00s 
mp2_pair11 residual norms:
[0.00235]
mp2_pair11 scaled residual norms:
[0.00125]
mp2_pair22 residual norms:
[0.00235]
mp2_pair22 scaled residual norms:
[0.00125]
timer:                          update all PNOs     0.87s     0.87s 
frozen pair: no orthonormalization
timer:                                     RRCD     0.01s     0.01s 
timer:                             MRA compress     0.00s     0.00s 
timer:                          Transform Pairs     0.00s     0.00s 
saving vector of functions mp2_pair11
saving vector of functions mp2_pair22
timer:                        save pnos on disc     0.05s     0.05s 


CONVERGED!
energy change = 0.00000

re-entering loop to compute the correct amplitudes and energies
timer:                        Whole Iteration 1     2.97s     2.97s 
Information About All Pairs:
mp2_pair11           number=0 rank=  1 frozen=false
mp2_pair21           number=1 rank=  0 frozen=true
mp2_pair22           number=2 rank=  1 frozen=false
number of pairs=3
average rank   =0 (0.66667)
largest rank   =1
PNOPairs Memory Information
Total: 0.00397 GB 
PNO  : 0.00397 GB 
KPNO : 0.00000 GB 
W    : 0.00000 GB 

timer:                                 truncate     0.00s     0.00s 
wall time=76.60754 chunk=2 allK.size()=2 memory=0.00364 GB
timer:                             compute KPNO     1.08s     1.08s 
wall time=76.62010 chunk=2 allJ.size()=2 memory=0.00429 GB
timer:                             compute JPNO     0.01s     0.01s 
timer:                    compute Fock matrices     0.23s     0.23s 
timer:                             MRA compress     0.00s     0.00s 
timer:                          Transform Pairs     0.00s     0.00s 
timer:                             Canonicalize     0.00s     0.00s 
PNOPairs Memory Information
Total: 0.00761 GB 
PNO  : 0.00397 GB 
KPNO : 0.00364 GB 
W    : 0.00000 GB 

timer:                                 truncate     0.00s     0.00s 
mp2_pair21 is frozen: potential not computed
timer:                   Fluctuation Potentials     0.57s     0.57s 
timer:                       Fluctuation Matrix     0.03s     0.03s 
PNOPairs Memory Information
Total: 0.01292 GB 
PNO  : 0.00397 GB 
KPNO : 0.00364 GB 
W    : 0.00532 GB 

PNOPairs Memory Information
Total: 0.01292 GB 
PNO  : 0.00397 GB 
KPNO : 0.00364 GB 
W    : 0.00532 GB 

timer:                                 truncate     0.00s     0.00s 
timer:                             PNO Overlaps     0.03s     0.03s 
t_iter =  0  Hylleraas energy =  0.00000  ||R||_F =  0.17951  conv =  no
subspace solution [*]   1.00000000

t_iter =  1  Hylleraas energy =  -0.09526  ||R||_F =  0.00000  conv =  yes
=======================================================

Hylleraas MP2 Energies

=======================================================
    i    j      singlet      triplet        Total
=======================================================
    1    1  -4.76320e-02  0.00000e+00 -4.76320e-02
    2    1   0.00000e+00  0.00000e+00  0.00000e+00
    2    2  -4.76320e-02  0.00000e+00 -4.76320e-02
=======================================================
Hylleraas MP2 Energies (singlet): -9.52640e-02
Hylleraas MP2 Energies (triplet):  0.00000e+00
Hylleraas MP2 Energies (total)  : -9.52640e-02
=======================================================
-------------------------------------------
Total Reg Energy  =-9.52640e-02
Total F12 Energy  = 0.00000e+00
Sum Energies Total=-9.52640e-02
-------------------------------------------
timer:                         Solve Amplitudes     0.00s     0.00s 
pair11: density evals:
 [*]   0.28164198

pair22: density evals:
 [*]   0.28164197

timer:                            compress PNOs     0.00s     0.00s 
timer:                             MRA compress     0.00s     0.00s 
timer:                          Transform Pairs     0.01s     0.01s 
timer:                          PNO Compression     0.01s     0.01s 
Information About All Pairs:
mp2_pair11           number=0 rank=  1 frozen=false
mp2_pair21           number=1 rank=  0 frozen=true
mp2_pair22           number=2 rank=  1 frozen=false
number of pairs=3
average rank   =0 (6.66667e-01)
largest rank   =1
saving vector of functions mp2_pair11
saving vector of functions mp2_pair22
timer:                        save pnos on disc     0.06s     0.06s 
exiting: Iterations converged
PNO ranks:
PNO Rank for pair pair11 = 1
PNO Rank for pair pair21 = 0
PNO Rank for pair pair22 = 1
average rank 6.66667e-01
timer:                               PNO::solve     6.22s     6.22s 

--------------------------------
ITERATE-PAIRS-INTERNAL-ENDED
--------------------------------
mp2_pair11 converged!mp2_pair21 converged!mp2_pair22 converged!


Adaptive Sovler:
 Current Energy=-9.5264040830e-02
 DeltaE        =-3.1308006058e-06
 max dE (pair) =-1.5654010566e-06 (2)
 all_pairs_conv=true




deltaE below threshold Macroiterations converged!

=======================================================

Final MP2 Energies

=======================================================
    i    j      singlet      triplet        Total
=======================================================
    1    1  -4.76320e-02  0.00000e+00 -4.76320e-02
    2    1   0.00000e+00  0.00000e+00  0.00000e+00
    2    2  -4.76320e-02  0.00000e+00 -4.76320e-02
=======================================================
Final MP2 Energies (singlet): -9.52640e-02
Final MP2 Energies (triplet):  0.00000e+00
Final MP2 Energies (total)  : -9.52640e-02
=======================================================
-------------------------------------------
Total Reg Energy  =-9.52640e-02
Total F12 Energy  = 0.00000e+00
Sum Energies Total=-9.52640e-02
-------------------------------------------
Average | Max Rank: 0 | 1



--------------------------------------------------
MRA-PNO-MP2-F12 ended 
--------------------------------------------------
                 time scf = 4.31968e+01
               energy scf = -1.53554e+01
--------------------------------------------------
restarting PNO to reload pairs that converged before and were frozen
PNO Parameters
pno
       rank_increase  15         # default   maximum rank to increase in every macroiteration
               chunk  100        # default   chunk of functions operated on in parallel when G or K is applied (prevent memory shortage)
               debug  false      # default   debug mode
              freeze  1          # derived   frozen core approximation
             maxrank  1          # defined   maximal pno rank for all pairs
           guesstype  exop       # derived   the guesstype: exop (recommended, multiply polynomial excitation operators onto the occupied orbitals), empty (don't compute a guess), scf (use the ao basis from the SCF solver), partial_wave (create s,p,d ..., type functions and place on atoms), predefined (same as partial_wave but for predefined sets)
                exop  multipole  # derived   this string defines which excitation operators can be used, use 'dipole', 'dipole+', 'quadrupole', 'ocopole', or 'multipole', need to set guesstype to 'exop' which is the default
          exop_trigo  true       # default   use trigonometric excitation operators ( x --> sin(x)
        partial_wave             # default   atom centered partial wave guess of format like 'h-2s1p-o-3s2p1d', need to set guesstype to 'partial_wave' and adaptive_solver to 'none'
          predefined             # default   predefined partial wave guesses of type pvxz with x=d,t,q,5,6, need to set guesstype to 'predefined' and adaptive_solver to 'none'
           maxiter_t  100        # default   maximal number of iterations in the amplitude solver
       maxiter_micro  10         # default   Maximum of iterations for every cycle in the adaptive solver
       maxiter_macro  10         # default   Maximum of iterations of cycles in the adaptive solver
                tpno  1.0000e-08 # default   PNO cutoff threshold
          tpno_tight  1.0000e-10 # derived   PNO cutoff for the first iteration
    canonicalize_pno  true       # default   canonicalize the pnos before the amplitude solver
              thresh  1.0000e-04 # defined   MRA threshold
         econv_micro  1.0000e-04 # derived   Energy convergence for microiterations (Greens function based optimization) in adaptive solver
         econv_pairs  1.0000e-05 # derived   ENergy convergence for individual pairs in adaptive solver. Converged pairs are frozen automatically
         econv_macro  1.0000e-04 # derived   Energy convergence for macroiterations in adaptive solver, no effect if adaptive_solver is deactivated
               dconv  1.0000e-01 # default   convergence of every PNO in the Green's function solver
           op_thresh  1.0000e-06 # default   MRA operator thresh
             restart  all        # defined   restart pairs of this type, use 'mp2', 'cispd', 'all' or 'none'
          no_compute  none       # default   do not compute the pairs of this type, use 'mp2', 'cispd', 'all' or 'none'
              no_opt  all        # defined   do not optimize the pnos of this type, use 'mp2', 'cispd', 'all' or 'none'
            no_guess  all        # defined   guess for this type will be empty, use 'mp2', 'cispd', 'all' or 'none'
     adaptive_solver  none       # defined   Use adaptive solver for those pairs, use 'mp2', 'cispd', 'all' or 'none', works only in combination with guesstype 'exop'
                kain  true       # default   use KAIN solver in amplitude solver
       kain_subspace  5          # default   subspace size of the KAIN solver (amplitudes)
                 f12  false      # defined   use explicit correlation
        cispd_number  -1         # default   CIS(D) excitation numbers, to read in correct functions
        cispd_energy  0.0000e+00 # default   CIS energy
        freeze_pairs  none       # default   frozen pairs will not be optimized: Expected format 'a b c d' will freeze pairs ab and cd
freeze_pairs_of_orbital  []         # default    All pairs which originate from this orbital will not be optimized
active_pairs_of_orbital  []         # default    All pairs which originate from this orbital will not be frozen all other pairs will, if this vector is not empty
no_opt_in_first_iteration  false      # default   Do not optimize in the first iteration (then the potentials do not have to be evaluated, use this for large guesses)
            exchange  full       # default   approximate exchange with 'neglect' or xc functional -> same syntax as moldft
           save_pnos  true       # default   Save the OBS-PNOs to a file, before and after orthonormalization.
            diagonal  true       # defined   Compute only diagonal PNOs

end

**********************
Solve PNO-MP2
*********************


**********************
Iterate Pairs
*********************


************************
Standard Solver
***********************

Initializing Pairs:
Restart demanded for mp2 pairs
loading vector of functions mp2_pair11
Found PNOs for mp2_pair11 with rank 1
loading vector of functions mp2_pair21
failed to find PNO mp2_pair21 initialize as zero function
nloading vector of functions mp2_pair22
Found PNOs for mp2_pair22 with rank 1
no guess was explicitly demanded for mp2

timer:                                     RRCD     0.01s     0.01s 
timer:                             MRA compress     0.00s     0.00s 
timer:                          Transform Pairs     0.00s     0.00s 
timer:          apply Q and orthonormalize PNOs     0.04s     0.04s 
Created Guess:
pair11 with 1 guess functions
pair21 with 0 guess functions
pair22 with 1 guess functions
guess pair11 size: 1.9831061363e-03 | 1.9831061363e-03 Gbyte (after truncation)
guess pair22 size: 1.9831061363e-03 | 1.9831061363e-03 Gbyte (after truncation)
timer:                           truncate guess     0.00s     0.00s 
timer:                         Initialize Pairs     0.05s     0.05s 
Information About All Pairs:
mp2_pair11           number=0 rank=  1 frozen=false
mp2_pair21           number=1 rank=  0 frozen=true
mp2_pair22           number=2 rank=  1 frozen=false
number of pairs=3
average rank   =0 (6.6666666667e-01)
largest rank   =1
SolveInternal: Parameters are assigned as
no_compute        = false
no_opt            = true
restart           = true
do_cispd          = false
econv             =1.0000000000e-04
maxrank (min,max) = (1,1)
Solving MP2 doubles
timer:          fock matrix     1.20s     1.20s
Information About All Pairs:
mp2_pair11           number=0 rank=  1 frozen=false
mp2_pair21           number=1 rank=  0 frozen=true
mp2_pair22           number=2 rank=  1 frozen=false
number of pairs=3
average rank   =0 (6.6666666667e-01)
largest rank   =1
PNOPairs Memory Information
Total: 0.0039662123 GB 
PNO  : 0.0039662123 GB 
KPNO : 0.0000000000 GB 
W    : 0.0000000000 GB 

timer:                                 truncate     0.00s     0.00s 
wall time=79.9028201103 chunk=2 allK.size()=2 memory=0.0036391020 GB
timer:                             compute KPNO     1.09s     1.09s 
wall time=79.9155600071 chunk=2 allJ.size()=2 memory=0.0042933226 GB
timer:                             compute JPNO     0.01s     0.01s 
timer:                    compute Fock matrices     0.21s     0.21s 
timer:                             MRA compress     0.00s     0.00s 
timer:                          Transform Pairs     0.00s     0.00s 
timer:                             Canonicalize     0.00s     0.00s 
PNOPairs Memory Information
Total: 0.0076053143 GB 
PNO  : 0.0039662123 GB 
KPNO : 0.0036391020 GB 
W    : 0.0000000000 GB 

timer:                                 truncate     0.00s     0.00s 
mp2_pair21 is frozen: potential not computed
timer:                   Fluctuation Potentials     0.57s     0.57s 
timer:                       Fluctuation Matrix     0.03s     0.03s 
PNOPairs Memory Information
Total: 0.0129208565 GB 
PNO  : 0.0039662123 GB 
KPNO : 0.0036391020 GB 
W    : 0.0053155422 GB 

PNOPairs Memory Information
Total: 0.0129208565 GB 
PNO  : 0.0039662123 GB 
KPNO : 0.0036391020 GB 
W    : 0.0053155422 GB 

timer:                                 truncate     0.00s     0.00s 
timer:                             PNO Overlaps     0.03s     0.03s 
t_iter =  0  Hylleraas energy =  0.0000000000  ||R||_F =  0.1795115636  conv =  no
subspace solution [*]   1.00000000

t_iter =  1  Hylleraas energy =  -0.0952697895  ||R||_F =  0.0000000000  conv =  yes
=======================================================

Hylleraas MP2 Energies

=======================================================
    i    j      singlet      triplet        Total
=======================================================
    1    1  -4.76349e-02  0.00000e+00 -4.76349e-02
    2    1   0.00000e+00  0.00000e+00  0.00000e+00
    2    2  -4.76349e-02  0.00000e+00 -4.76349e-02
=======================================================
Hylleraas MP2 Energies (singlet): -9.52698e-02
Hylleraas MP2 Energies (triplet):  0.00000e+00
Hylleraas MP2 Energies (total)  : -9.52698e-02
=======================================================
-------------------------------------------
Total Reg Energy  =-9.52698e-02
Total F12 Energy  = 0.00000e+00
Sum Energies Total=-9.52698e-02
-------------------------------------------
timer:                         Solve Amplitudes     0.00s     0.00s 
No optimization untill now: Compressing pno ranks with tighter threshold
1.00000e-10 instead of 1.00000e-08
pair11: density evals:
 [*]   0.28166025

pair22: density evals:
 [*]   0.28166024

timer:                            compress PNOs     0.00s     0.00s 
timer:                             MRA compress     0.00s     0.00s 
timer:                          Transform Pairs     0.01s     0.01s 
timer:                          PNO Compression     0.01s     0.01s 
Information About All Pairs:
mp2_pair11           number=0 rank=  1 frozen=false
mp2_pair21           number=1 rank=  0 frozen=true
mp2_pair22           number=2 rank=  1 frozen=false
number of pairs=3
average rank   =0 (6.66667e-01)
largest rank   =1
saving vector of functions mp2_pair11
saving vector of functions mp2_pair22
timer:                        save pnos on disc     0.06s     0.06s 
exiting: Found no_opt keyword
PNO ranks:
PNO Rank for pair pair11 = 1
PNO Rank for pair pair21 = 0
PNO Rank for pair pair22 = 1
average rank 6.66667e-01
timer:                               PNO::solve     3.23s     3.23s 

--------------------------------
ITERATE-PAIRS-INTERNAL-ENDED
--------------------------------
=======================================================

Final MP2 Energies

=======================================================
    i    j      singlet      triplet        Total
=======================================================
    1    1  -4.76349e-02  0.00000e+00 -4.76349e-02
    2    1   0.00000e+00  0.00000e+00  0.00000e+00
    2    2  -4.76349e-02  0.00000e+00 -4.76349e-02
=======================================================
Final MP2 Energies (singlet): -9.52698e-02
Final MP2 Energies (triplet):  0.00000e+00
Final MP2 Energies (total)  : -9.52698e-02
=======================================================
-------------------------------------------
Total Reg Energy  =-9.52698e-02
Total F12 Energy  = 0.00000e+00
Sum Energies Total=-9.52698e-02
-------------------------------------------
Average | Max Rank: 0 | 1
                 time pno = 3.40716e+01
               energy mp2 = -9.52698e-02
     average pno rank mp2 = 0
         max pno rank mp2 = 1
--------------------------------------------------
            energy(total) = -1.54507e+01
--------------------------------------------------



Orthonormalization technique used: symmetric
No CABS used.
Tightening thresholds to +0.00010000 for post-processing
Overlap Matrix of all PNOs:
+1.00001686 -0.93500149 
-0.93500149 +1.00001686 
Before cherry pick
rank is +0
all used occupation numbers:
[+0.28166025 +0.28166024 ]
corresponding to active pairs:
[(0,0) (1,1) ]
After cherry pick
all used occupation numbers:
[+0.28166025 +0.28166024 ]
corresponding to active pairs:
[(0,0) (1,1) ]
Overlap Matrix before symmetric
[+0,*]  +1.00001686  -0.93500149
[+1,*]  -0.93500149  +1.00001686
Overlap Matrix after symmetric
[+0,*]  +1.00000003  +0.00000003
[+1,*]  +0.00000003  +1.00000003
Adding 3 HF orbitals
Size before adding CABS: 5.
Size after adding CABS: 5.
Compute G and F Tensor:
Assemble g,f using symmetries...
non zero elements:
 g : +1185
 h : +25
Overlap over whole basis
[+0,*]  +1.00000000  -0.00000017  +0.00000017  -0.00003770  +0.00003770
[+1,*]  -0.00000017  +1.00000000  -0.00000010  -0.00001227  +0.00000550
[+2,*]  +0.00000017  -0.00000010  +1.00000000  +0.00000550  -0.00001227
[+3,*]  -0.00003770  -0.00001227  +0.00000550  +1.00000003  +0.00000003
[+4,*]  +0.00003770  +0.00000550  -0.00001227  +0.00000003  +1.00000003

||S-1||=+0.00008005
finished at time 89.8

    Parallel environment
    --------------------
                  #nodes    1
       #threads per node    7+main = 8
          #total threads    8

  RMI message statistics (min / avg / max)
  ----------------------
   #messages in server q    0.00e+00 / 0.00e+00 / 0.00e+00
 #messages sent per node    0.00e+00 / 0.00e+00 / 0.00e+00
    #bytes sent per node    0.00e+00 / 0.00e+00 / 0.00e+00
 #messages recv per node    0.00e+00 / 0.00e+00 / 0.00e+00
    #bytes recv per node    0.00e+00 / 0.00e+00 / 0.00e+00
        #msgs systemwide    0.00e+00
       #bytes systemwide    0.00e+00

  Thread pool statistics (min / avg / max)
  ----------------------
         #tasks per node    1.49e+07 / 1.49e+07 / 1.49e+07
     #max q len per node    1.10e+04 / 1.10e+04 / 1.10e+04
  #hi-pri tasks per node    4.74e+06 / 4.74e+06 / 4.74e+06

         Total wall time    89.8s
         Total  cpu time    89.8s

