MADNESS runtime initialized with 7 threads in the pool and affinity -1 -1 -1
starting at time 0.1

--------------------------------------------
   MADNESS 0.10.1 multiresolution suite
--------------------------------------------

   number of processors ... 1
    processor frequency ... 1.799984e+09
            host system ... Linux
          configured by ... jsk
          configured on ... alandro
          configured at ... 2020-11-12T18:06:49
                    CXX ... /usr/bin/c++
               CXXFLAGS ... -O3 -DNDEBUG -march=native -I/home/jsk/install/numcpp/include/ -I/home/jsk/install/boost/boost_1_69_0/include -std=c++17
             tuning for ... default
                    MPI ... multiple
 multi-threaded runtime ... MADNESS ThreadPool
                   BLAS ... Intel MKL 26300 26300 MFLOP/s
               compiled ... 18:11:36  on  Nov 12 2020


-------------------------------------------------------------------------------------
SOLVING MRA-PNO-F12 as described in 
J.S. Kottmann, F.A. Bischoff, E.F. Valeev
Direct determination of optimal pair-natural orbitals in a real-space representation:
the second-order Møller-Plesset energy
Journal of Chemical Physics ... 2020
-------------------------------------------------------------------------------------


This script will run PNO-MP2 and print out tensors in binary
Call as: pno_integrals inputfileinput is input
ignoring unknown parameter in input file:  ncf

Angstrom being used to read input coordinates (1 Bohr = 1.88972613 Angstrom)


Asymptotic correction parameters
---------------------------------------
Atom vector is not empty: false
Using multipole approximation: false
Number of electrons = -1
Ionisation energy = 0.000000e+00
E(HOMO) = 0.000000e+00
R1 = 3.000000e+00
R2 = 4.000000e+00
DFT coefficient = 0.000000e+00
Interpolation scheme = linear
constructed symmetry operator for point group C1
dft
              charge  0.0000e+00 # defined   total molecular charge
                  xc  hf         # defined   XC input line
               smear  0.0000e+00 # default   smearing parameter
               econv  1.0000e-04 # defined   energy convergence
               dconv  5.0000e-04 # defined   density convergence
convergence_criteria  [bsh_residual, total_energy] # default   possible values are: bsh_residual, total_energy, each_energy, density
                   k  7          # defined   polynomial order
                   l  5.7370e+01 # derived   user coordinates box size
               deriv  abgv       # default   derivative method                            [abgv, bspline, ble]
           dft_deriv  abgv       # default   derivative method for gga potentials         [abgv, bspline, ble]
             maxrotn  2.5000e-01 # default   step restriction used in autoshift algorithm
             nvalpha  0          # default   number of alpha virtuals to compute
              nvbeta  0          # default   number of beta virtuals to compute
               nopen  0          # default   number of unpaired electrons = nalpha-nbeta
             maxiter  25         # default   maximum number of iterations
                 nio  1          # default   no. of io servers to use
     spin_restricted  true       # default   true if spin restricted
              plotlo  0          # default   range of MOs to print (for both spins if polarized
              plothi  -1         # default   range of MOs to print (for both spins if polarized
            plotdens  false      # default   If true print the density at convergence
            plotcoul  false      # default   If true plot the total coulomb potential at convergence
            localize  boys       # defined   localization method                          [pm, boys, new, canon]
          pointgroup  c1         # derived   use point (sub) group symmetry if not localized[c1, c2, ci, cs, c2v, c2h, d2, d2h]
             restart  false      # default   if true restart from orbitals on disk
           restartao  false      # default   if true restart from orbitals projected into AO basis (STO3G) on disk
          no_compute  false      # default   if true use orbitals on disk, set value to computed
           no_orient  false      # default   if true the molecule coordinates will not be reoriented
                save  true       # default   if true save orbitals to disk
              maxsub  10         # default   size of iterative subspace ... set to 0 or 1 to disable
        orbitalshift  0.0000e+00 # default   scf orbital shift: shift the occ orbitals to lower energies
            npt_plot  101        # default   no. of points to use in each dim for plots
           plot_cell  []         # default   lo hi in each dimension for plotting (default is all space)
             aobasis  6-31g      # derived   AO basis used for initial guess (6-31g or sto-3g)
           core_type  none       # default   core potential type                          [none, mpc]
         derivatives  false      # default   if true calculate nuclear derivatives
              dipole  false      # default   if true calculate dipole moment
      conv_only_dens  false      # default   if true remove bsh_residual from convergence criteria (deprecated)
            psp_calc  false      # default   pseudopotential calculation for all atoms
 print_dipole_matels  false      # default   if true output dipole matrix elements
            pcm_data  none       # default   do a PCM (solvent) calculation
             ac_data  none       # default   do a calculation with asymptotic correction (see ACParameters class in chem/AC.h for details)
             pure_ae  true       # default   pure all electron calculation with no pseudo-atoms
         print_level  3          # default   0: no output; 1: final energy; 2: iterations; 3: timings; 10: debug
              nalpha  3          # derived   number of alpha spin electrons
               nbeta  3          # derived   number of beta  spin electrons
           nmo_alpha  3          # derived   number of alpha spin molecular orbitals
            nmo_beta  3          # derived   number of beta spin molecular orbitals
                  lo  9.0905e-04 # derived   smallest length scale we need to resolve
            protocol  [1.0000e-04, 1.0000e-06] # derived   calculation protocol
                gopt  false      # default   geometry optimizer
                gtol  1.0000e-04 # default   geometry tolerance
               gtest  false      # default   geometry tolerance
                gval  1.0000e-05 # default   value precision
               gprec  1.0000e-04 # default   gradient precision
            gmaxiter  20         # default   optimization maxiter
    ginitial_hessian  false      # default   compute inital hessian for optimization
              algopt  bfgs       # default   algorithm used for optimization              [bfgs, cg]
            tdksprop  false      # default   time-dependent Kohn-Sham equation propagate
           nv_factor  1          # default   factor to multiply number of virtual orbitals with when automatically decreasing nvirt
           vnucextra  2          # default   load balance parameter for nuclear pot
        loadbalparts  2          # default   ??
            response  false      # default   response function calculation
       response_freq  0.0000e+00 # default   frequency for calculation response function
       response_axis  [1, 1, 1]  # default   response axis
           nonrotate  false      # default   if true do not molcule orient (redundant with no_orient
               rconv  1.0000e-06 # default   Response convergence
              efield  0.0000e+00 # default   eps for finite field
         efield_axis  0          # default   finite field axis                            [0, 1, 2]
              nwfile  none       # default   Base name of nwchem output files (.out and .movecs extensions) to read from
                 ncf  (none,1.0000e+00) # defined   nuclear correlation factor
             hessian  false      # default   compute the hessian matrix
           read_cphf  false      # default   read the converged orbital response for nuclear displacements from file
        restart_cphf  false      # default   read the guess orbital response for nuclear displacements from file
      purify_hessian  false      # default   symmetrize the hessian matrix based on atomic charges

end
              charge  0.0000e+00 # defined   total molecular charge
                  xc  hf         # defined   XC input line
               smear  0.0000e+00 # default   smearing parameter
               econv  1.0000e-04 # defined   energy convergence
               dconv  5.0000e-04 # defined   density convergence
convergence_criteria  [bsh_residual, total_energy] # default   possible values are: bsh_residual, total_energy, each_energy, density
                   k  7          # defined   polynomial order
                   l  5.7370e+01 # derived   user coordinates box size
               deriv  abgv       # default   derivative method                            [abgv, bspline, ble]
           dft_deriv  abgv       # default   derivative method for gga potentials         [abgv, bspline, ble]
             maxrotn  2.5000e-01 # default   step restriction used in autoshift algorithm
             nvalpha  0          # default   number of alpha virtuals to compute
              nvbeta  0          # default   number of beta virtuals to compute
               nopen  0          # default   number of unpaired electrons = nalpha-nbeta
             maxiter  25         # default   maximum number of iterations
                 nio  1          # default   no. of io servers to use
     spin_restricted  true       # default   true if spin restricted
              plotlo  0          # default   range of MOs to print (for both spins if polarized
              plothi  -1         # default   range of MOs to print (for both spins if polarized
            plotdens  false      # default   If true print the density at convergence
            plotcoul  false      # default   If true plot the total coulomb potential at convergence
            localize  boys       # defined   localization method                          [pm, boys, new, canon]
          pointgroup  c1         # derived   use point (sub) group symmetry if not localized[c1, c2, ci, cs, c2v, c2h, d2, d2h]
             restart  false      # default   if true restart from orbitals on disk
           restartao  false      # default   if true restart from orbitals projected into AO basis (STO3G) on disk
          no_compute  false      # default   if true use orbitals on disk, set value to computed
           no_orient  false      # default   if true the molecule coordinates will not be reoriented
                save  true       # default   if true save orbitals to disk
              maxsub  10         # default   size of iterative subspace ... set to 0 or 1 to disable
        orbitalshift  0.0000e+00 # default   scf orbital shift: shift the occ orbitals to lower energies
            npt_plot  101        # default   no. of points to use in each dim for plots
           plot_cell  []         # default   lo hi in each dimension for plotting (default is all space)
             aobasis  6-31g      # derived   AO basis used for initial guess (6-31g or sto-3g)
           core_type  none       # default   core potential type                          [none, mpc]
         derivatives  false      # default   if true calculate nuclear derivatives
              dipole  false      # default   if true calculate dipole moment
      conv_only_dens  false      # default   if true remove bsh_residual from convergence criteria (deprecated)
            psp_calc  false      # default   pseudopotential calculation for all atoms
 print_dipole_matels  false      # default   if true output dipole matrix elements
            pcm_data  none       # default   do a PCM (solvent) calculation
             ac_data  none       # default   do a calculation with asymptotic correction (see ACParameters class in chem/AC.h for details)
             pure_ae  true       # default   pure all electron calculation with no pseudo-atoms
         print_level  3          # default   0: no output; 1: final energy; 2: iterations; 3: timings; 10: debug
              nalpha  3          # derived   number of alpha spin electrons
               nbeta  3          # derived   number of beta  spin electrons
           nmo_alpha  3          # derived   number of alpha spin molecular orbitals
            nmo_beta  3          # derived   number of beta spin molecular orbitals
                  lo  9.0905e-04 # derived   smallest length scale we need to resolve
            protocol  [1.0000e-04, 1.0000e-06] # derived   calculation protocol
                gopt  false      # default   geometry optimizer
                gtol  1.0000e-04 # default   geometry tolerance
               gtest  false      # default   geometry tolerance
                gval  1.0000e-05 # default   value precision
               gprec  1.0000e-04 # default   gradient precision
            gmaxiter  20         # default   optimization maxiter
    ginitial_hessian  false      # default   compute inital hessian for optimization
              algopt  bfgs       # default   algorithm used for optimization              [bfgs, cg]
            tdksprop  false      # default   time-dependent Kohn-Sham equation propagate
           nv_factor  1          # default   factor to multiply number of virtual orbitals with when automatically decreasing nvirt
           vnucextra  2          # default   load balance parameter for nuclear pot
        loadbalparts  2          # default   ??
            response  false      # default   response function calculation
       response_freq  0.0000e+00 # default   frequency for calculation response function
       response_axis  [1, 1, 1]  # default   response axis
           nonrotate  false      # default   if true do not molcule orient (redundant with no_orient
               rconv  1.0000e-06 # default   Response convergence
              efield  0.0000e+00 # default   eps for finite field
         efield_axis  0          # default   finite field axis                            [0, 1, 2]
              nwfile  none       # default   Base name of nwchem output files (.out and .movecs extensions) to read from



 geometry
   eprec 1.0e-06
   units atomic
   Be            0.00000000           0.00000000           0.00000000
   H             0.00000000           0.00000000           7.36993192
   H             0.00000000           0.00000000          -7.36993192
 end

Solving NDIM= 3  with thresh 1.000000e-04     k 7    conv 5.000000e-04 

timer:     Project vnuclear     0.29s     0.29s
constructed nuclear correlation factor of the form
    R   =  1.000000e+00
with eprec  1.000000e-06
which means it's (nearly) a conventional calculation

timer:        reproject ncf     1.24s     1.24s
timer:        guess density     0.42s     0.42s
timer:   guess Coulomb potn     0.46s     0.46s
timer:       guess lda potn     0.08s     0.08s
timer:        guess overlap     0.01s     0.01s
timer:    KEmat reconstruct     0.01s     0.01s
timer:  KEmat differentiate     0.16s     0.16s
timer:       KEmat compress     0.05s     0.05s
timer: KEmat inner products     0.04s     0.04s
timer:     guess Kinet potn     0.26s     0.26s
timer:           guess fock     0.15s     0.15s
timer:      guess eigen sol     0.03s     0.03s
timer: guess orbital groupi     0.01s     0.01s

starting protocol at time      3.9s 
precision steps  1.000000e-04  -->  1.000000e-04
protocol: thresh 1.000000e-04 econv  1.000000e-04 dconv 5.000000e-04

ending protocol at time      3.9s 

Solving NDIM= 3  with thresh 1.000000e-04     k 7    conv 5.000000e-04 

timer:        Boys localize     0.23s     0.23s
orbital irreps []
timer:      reconstruct psi     0.04s     0.04s
timer:        compute Jnemo     0.37s     0.37s
timer:        compute Knemo     1.52s     1.52s
timer: compute Unemo 0.0154     0.06s     0.06s

  nuclear and kinetic     -21.15769826
         kinetic only      15.17692579
              coulomb       8.20389132
             exchange      -3.26765494
    nuclear-repulsion       1.15333494
   regularized energy     -15.06812694
  buggy if hybrid functionals are used..
timer:       compute energy     0.77s     0.77s
  restricting step for ab spin case orbitals: 1 2
Norm of vector changes ab spin case : rms 2.499153e-01    max 3.058978e-01
convergence: bshresidual, energy change, max energy change, density change 3.2e-01 1.5e+01 1.5e+01 1.4e+00
finished iteration  0 at time      8.7s with energy  -15.06812694
timer:        Boys localize     0.24s     0.24s
orbital irreps []
timer:      reconstruct psi     0.04s     0.04s
timer:        compute Jnemo     0.36s     0.36s
timer:        compute Knemo     1.51s     1.51s
timer: compute Unemo 0.0155     0.06s     0.06s

  nuclear and kinetic     -21.42577540
         kinetic only      14.88475553
              coulomb       8.03512689
             exchange      -3.03273086
    nuclear-repulsion       1.15333494
   regularized energy     -15.27004443
  buggy if hybrid functionals are used..
timer:       compute energy     0.80s     0.80s
Norm of vector changes ab spin case : rms 1.350075e-01    max 1.653128e-01
convergence: bshresidual, energy change, max energy change, density change 1.0e-01 2.0e-01 2.9e-01 3.5e-02
finished iteration  1 at time     13.4s with energy  -15.27004443
timer:        Boys localize     0.24s     0.24s
orbital irreps []
timer:      reconstruct psi     0.04s     0.04s
timer:        compute Jnemo     0.35s     0.35s
timer:        compute Knemo     1.62s     1.62s
timer: compute Unemo 0.0154     0.06s     0.06s

  nuclear and kinetic     -21.80087373
         kinetic only      14.99166225
              coulomb       8.27969591
             exchange      -2.96506705
    nuclear-repulsion       1.15333494
   regularized energy     -15.33290994
  buggy if hybrid functionals are used..
timer:       compute energy     0.83s     0.83s
Norm of vector changes ab spin case : rms 5.508884e-02    max 6.746626e-02
convergence: bshresidual, energy change, max energy change, density change 3.3e-02 6.3e-02 3.8e-01 1.4e-02
finished iteration  2 at time     18.2s with energy  -15.33290994
timer:        Boys localize     0.24s     0.24s
orbital irreps []
timer:      reconstruct psi     0.04s     0.04s
timer:        compute Jnemo     0.35s     0.35s
timer:        compute Knemo     1.65s     1.65s
timer: compute Unemo 0.0157     0.06s     0.06s

  nuclear and kinetic     -21.97704928
         kinetic only      15.06478340
              coulomb       8.43620800
             exchange      -2.95718177
    nuclear-repulsion       1.15333494
   regularized energy     -15.34468811
  buggy if hybrid functionals are used..
timer:       compute energy     0.80s     0.80s
Norm of vector changes ab spin case : rms 3.984910e-02    max 4.879879e-02
convergence: bshresidual, energy change, max energy change, density change 1.5e-02 1.2e-02 1.8e-01 6.6e-03
finished iteration  3 at time     23.1s with energy  -15.34468811
timer:        Boys localize     0.24s     0.24s
orbital irreps []
timer:      reconstruct psi     0.04s     0.04s
timer:        compute Jnemo     0.35s     0.35s
timer:        compute Knemo     1.69s     1.69s
timer: compute Unemo 0.0157     0.06s     0.06s

  nuclear and kinetic     -22.06498367
         kinetic only      15.10251168
              coulomb       8.51982095
             exchange      -2.95642570
    nuclear-repulsion       1.15333494
   regularized energy     -15.34825348
  buggy if hybrid functionals are used..
timer:       compute energy     0.82s     0.82s
Norm of vector changes ab spin case : rms 2.435852e-02    max 2.983231e-02
convergence: bshresidual, energy change, max energy change, density change 7.5e-03 3.6e-03 8.8e-02 2.2e-03
finished iteration  4 at time     28.1s with energy  -15.34825348
timer:        Boys localize     0.25s     0.25s
orbital irreps []
timer:      reconstruct psi     0.04s     0.04s
timer:        compute Jnemo     0.36s     0.36s
timer:        compute Knemo     1.70s     1.70s
timer: compute Unemo 0.0157     0.06s     0.06s

  nuclear and kinetic     -22.09492641
         kinetic only      15.11555816
              coulomb       8.54772232
             exchange      -2.95512818
    nuclear-repulsion       1.15333494
   regularized energy     -15.34899733
  buggy if hybrid functionals are used..
timer:       compute energy     0.83s     0.83s
Norm of vector changes ab spin case : rms 1.776400e-02    max 2.175520e-02
convergence: bshresidual, energy change, max energy change, density change 3.8e-03 7.4e-04 3.0e-02 1.1e-03
finished iteration  5 at time     33.2s with energy  -15.34899733
timer:        Boys localize     0.24s     0.24s
orbital irreps []
timer:      reconstruct psi     0.04s     0.04s
timer:        compute Jnemo     0.35s     0.35s
timer:        compute Knemo     1.70s     1.70s
timer: compute Unemo 0.0155     0.06s     0.06s

  nuclear and kinetic     -22.09446335
         kinetic only      15.11909333
              coulomb       8.54623298
             exchange      -2.95449334
    nuclear-repulsion       1.15333494
   regularized energy     -15.34938877
  buggy if hybrid functionals are used..
timer:       compute energy     0.82s     0.82s
Norm of vector changes ab spin case : rms 5.126898e-03    max 6.274910e-03
convergence: bshresidual, energy change, max energy change, density change 2.0e-03 3.9e-04 3.5e-03 6.8e-04
finished iteration  6 at time     38.2s with energy  -15.34938877
timer:        Boys localize     0.24s     0.24s
orbital irreps []
timer:      reconstruct psi     0.07s     0.07s
timer:        compute Jnemo     0.35s     0.35s
timer:        compute Knemo     1.70s     1.70s
timer: compute Unemo 0.0155     0.06s     0.06s

  nuclear and kinetic     -22.09758215
         kinetic only      15.12828509
              coulomb       8.55080416
             exchange      -2.95602916
    nuclear-repulsion       1.15333494
   regularized energy     -15.34947221
  buggy if hybrid functionals are used..
timer:       compute energy     0.82s     0.82s
Norm of vector changes ab spin case : rms 2.295799e-03    max 2.809544e-03
convergence: bshresidual, energy change, max energy change, density change 5.1e-04 8.3e-05 9.2e-03 2.9e-04
finished iteration  7 at time     43.3s with energy  -15.34947221
timer:        Boys localize     0.24s     0.24s
orbital irreps []
timer:      reconstruct psi     0.04s     0.04s
timer:        compute Jnemo     0.35s     0.35s
timer:        compute Knemo     1.69s     1.69s
timer: compute Unemo 0.0155     0.06s     0.06s

  nuclear and kinetic     -22.10160335
         kinetic only      15.13117398
              coulomb       8.55500010
             exchange      -2.95620859
    nuclear-repulsion       1.15333494
   regularized energy     -15.34947690
  buggy if hybrid functionals are used..
timer:       compute energy     0.83s     0.83s
Norm of vector changes ab spin case : rms 1.413627e-04    max 1.682492e-04
convergence: bshresidual, energy change, max energy change, density change 2.9e-04 4.7e-06 4.2e-03 1.4e-05
finished iteration  8 at time     48.4s with energy  -15.34947690

Iterations converged


ending protocol at time     48.4s 

 Dipole Moment (a.u.)
 -----------

     x:  -1.270729e-13
     y:  -7.273551e-14
     z:  -3.514146e-09
 Total Dipole Moment:  3.514146e-09 

timer:               dipole     0.01s     0.01s
Nemo Orbital Energies: [*]  -4.84277104  -0.30461956  -0.30461956

nemo energy:  -1.534948e+01
 at time 48.6
PNO Integrals evaluated as:
pnoint
       rank_increase  15         # default   maximum rank to increase in every macroiteration
               chunk  100        # default   chunk of functions operated on in parallel when G or K is applied (prevent memory shortage)
               debug  false      # default   debug mode
              freeze  1          # derived   frozen core approximation
             maxrank  1          # defined   maximal pno rank for all pairs
           guesstype  exop       # derived   the guesstype: exop (recommended, multiply polynomial excitation operators onto the occupied orbitals), empty (don't compute a guess), scf (use the ao basis from the SCF solver), partial_wave (create s,p,d ..., type functions and place on atoms), predefined (same as partial_wave but for predefined sets)
                exop  multipole  # derived   this string defines which excitation operators can be used, use 'dipole', 'dipole+', 'quadrupole', 'ocopole', or 'multipole', need to set guesstype to 'exop' which is the default
          exop_trigo  true       # default   use trigonometric excitation operators ( x --> sin(x)
        partial_wave             # default   atom centered partial wave guess of format like 'h-2s1p-o-3s2p1d', need to set guesstype to 'partial_wave' and adaptive_solver to 'none'
          predefined             # default   predefined partial wave guesses of type pvxz with x=d,t,q,5,6, need to set guesstype to 'predefined' and adaptive_solver to 'none'
           maxiter_t  100        # default   maximal number of iterations in the amplitude solver
       maxiter_micro  10         # default   Maximum of iterations for every cycle in the adaptive solver
       maxiter_macro  10         # default   Maximum of iterations of cycles in the adaptive solver
                tpno  1.0000e-08 # default   PNO cutoff threshold
          tpno_tight  1.0000e-10 # derived   PNO cutoff for the first iteration
    canonicalize_pno  true       # default   canonicalize the pnos before the amplitude solver
              thresh  1.0000e-04 # defined   MRA threshold
         econv_micro  1.0000e-04 # derived   Energy convergence for microiterations (Greens function based optimization) in adaptive solver
         econv_pairs  1.0000e-05 # derived   ENergy convergence for individual pairs in adaptive solver. Converged pairs are frozen automatically
         econv_macro  1.0000e-04 # derived   Energy convergence for macroiterations in adaptive solver, no effect if adaptive_solver is deactivated
               dconv  1.0000e-01 # default   convergence of every PNO in the Green's function solver
           op_thresh  1.0000e-06 # default   MRA operator thresh
             restart  none       # derived   restart pairs of this type, use 'mp2', 'cispd', 'all' or 'none'
          no_compute  none       # default   do not compute the pairs of this type, use 'mp2', 'cispd', 'all' or 'none'
              no_opt  none       # default   do not optimize the pnos of this type, use 'mp2', 'cispd', 'all' or 'none'
            no_guess  none       # derived   guess for this type will be empty, use 'mp2', 'cispd', 'all' or 'none'
     adaptive_solver  all        # default   Use adaptive solver for those pairs, use 'mp2', 'cispd', 'all' or 'none', works only in combination with guesstype 'exop'
                kain  true       # default   use KAIN solver in amplitude solver
       kain_subspace  5          # default   subspace size of the KAIN solver (amplitudes)
                 f12  false      # defined   use explicit correlation
        cispd_number  -1         # default   CIS(D) excitation numbers, to read in correct functions
        cispd_energy  0.0000e+00 # default   CIS energy
        freeze_pairs  none       # default   frozen pairs will not be optimized: Expected format 'a b c d' will freeze pairs ab and cd
freeze_pairs_of_orbital  []         # default    All pairs which originate from this orbital will not be optimized
active_pairs_of_orbital  []         # default    All pairs which originate from this orbital will not be frozen all other pairs will, if this vector is not empty
no_opt_in_first_iteration  false      # default   Do not optimize in the first iteration (then the potentials do not have to be evaluated, use this for large guesses)
            exchange  full       # default   approximate exchange with 'neglect' or xc functional -> same syntax as moldft
           save_pnos  true       # default   Save the OBS-PNOs to a file, before and after orthonormalization.
            diagonal  true       # defined   Compute only diagonal PNOs
              orthog  symmetric  # defined   orthogonalization method for PNO basis, also current default for a potential CABS. options: symmetric, canonical, cholesky, rr_cholesky,
         orthog_cabs  default    # default   orthogonalization method for CABS basis. options: symmetric, canonical, cholesky, rr_cholesky, uses same as orbitals basis if default.
               n_pno  2          # defined   desired size of PNO-basis (orbital space)
         cabs_option  none       # default   type of complementary auxiliary basis to be used. can be none ~ no CABS, gbs ~ Gaussian basis set as CABS, requires input via auxbas_file, pno ~ use superfluous PNOs as CABS, mixed ~ gbs&pno-option
       pno_cabs_size  -1         # default   size of a potential pno-cabs. defaults to -1 ~ all remaining PNOs, if pno-cabs or mixed-cabs
           only_diag  false      # default   use only diagonal elements PNOs
         cherry_pick  []         # default   cherry pick option to choose particular set of PNOs, not just blindly by occupation number. can be useful, if only a restricted number of PNOs can be used, to avoid separating degenerate pairs. can be envoked by passing a vector via [ elem1, elem2, ... ]
               gamma  1.4000e+00 # default   The f12 length scale, here to be used to compute f12-integrals
         cabs_thresh  1.0000e-04 # derived    thresh for cabs part
              auxbas  none       # default   atom centered partial wave guess of format like 'h-2s1p-o-3s2p1d'
         auxbas_file  none       # default   Use external comp. aux. basis in addition to the pnos as auxbasis. Give the filename as parameter. Give the auxbas in turbomole format. Don't use contractions. If a file is specified the auxbas parameter has no effect
   print_pno_overlap  true       # default   Print overlap matrix at certain steps in computation, for debugging purposes.
              n_virt  0          # defined   Compute this number of virtuals and include them in the integral construction, experimental and not robust!.
      hardcore_boson  false      # default   compute only integrals for hardcore boson hamiltonian (restricted to double occupations)

end
F12 Operators initialized right
timer:                    Testing F12 Operators     0.34s     0.34s 
timer:  Initializing (active) Exchange Orbitals     1.04s     1.04s 
Size of active mos and their exchange potentials:
K(acmos)=3.802657e-03 Gbyte
acmos   =3.332436e-03 Gbyte
PNO Parameters
pno
       rank_increase  15         # default   maximum rank to increase in every macroiteration
               chunk  100        # default   chunk of functions operated on in parallel when G or K is applied (prevent memory shortage)
               debug  false      # default   debug mode
              freeze  1          # derived   frozen core approximation
             maxrank  1          # defined   maximal pno rank for all pairs
           guesstype  exop       # derived   the guesstype: exop (recommended, multiply polynomial excitation operators onto the occupied orbitals), empty (don't compute a guess), scf (use the ao basis from the SCF solver), partial_wave (create s,p,d ..., type functions and place on atoms), predefined (same as partial_wave but for predefined sets)
                exop  multipole  # derived   this string defines which excitation operators can be used, use 'dipole', 'dipole+', 'quadrupole', 'ocopole', or 'multipole', need to set guesstype to 'exop' which is the default
          exop_trigo  true       # default   use trigonometric excitation operators ( x --> sin(x)
        partial_wave             # default   atom centered partial wave guess of format like 'h-2s1p-o-3s2p1d', need to set guesstype to 'partial_wave' and adaptive_solver to 'none'
          predefined             # default   predefined partial wave guesses of type pvxz with x=d,t,q,5,6, need to set guesstype to 'predefined' and adaptive_solver to 'none'
           maxiter_t  100        # default   maximal number of iterations in the amplitude solver
       maxiter_micro  10         # default   Maximum of iterations for every cycle in the adaptive solver
       maxiter_macro  10         # default   Maximum of iterations of cycles in the adaptive solver
                tpno  1.0000e-08 # default   PNO cutoff threshold
          tpno_tight  1.0000e-10 # derived   PNO cutoff for the first iteration
    canonicalize_pno  true       # default   canonicalize the pnos before the amplitude solver
              thresh  1.0000e-04 # defined   MRA threshold
         econv_micro  1.0000e-04 # derived   Energy convergence for microiterations (Greens function based optimization) in adaptive solver
         econv_pairs  1.0000e-05 # derived   ENergy convergence for individual pairs in adaptive solver. Converged pairs are frozen automatically
         econv_macro  1.0000e-04 # derived   Energy convergence for macroiterations in adaptive solver, no effect if adaptive_solver is deactivated
               dconv  1.0000e-01 # default   convergence of every PNO in the Green's function solver
           op_thresh  1.0000e-06 # default   MRA operator thresh
             restart  none       # derived   restart pairs of this type, use 'mp2', 'cispd', 'all' or 'none'
          no_compute  none       # default   do not compute the pairs of this type, use 'mp2', 'cispd', 'all' or 'none'
              no_opt  none       # default   do not optimize the pnos of this type, use 'mp2', 'cispd', 'all' or 'none'
            no_guess  none       # derived   guess for this type will be empty, use 'mp2', 'cispd', 'all' or 'none'
     adaptive_solver  all        # default   Use adaptive solver for those pairs, use 'mp2', 'cispd', 'all' or 'none', works only in combination with guesstype 'exop'
                kain  true       # default   use KAIN solver in amplitude solver
       kain_subspace  5          # default   subspace size of the KAIN solver (amplitudes)
                 f12  false      # defined   use explicit correlation
        cispd_number  -1         # default   CIS(D) excitation numbers, to read in correct functions
        cispd_energy  0.0000e+00 # default   CIS energy
        freeze_pairs  none       # default   frozen pairs will not be optimized: Expected format 'a b c d' will freeze pairs ab and cd
freeze_pairs_of_orbital  []         # default    All pairs which originate from this orbital will not be optimized
active_pairs_of_orbital  []         # default    All pairs which originate from this orbital will not be frozen all other pairs will, if this vector is not empty
no_opt_in_first_iteration  false      # default   Do not optimize in the first iteration (then the potentials do not have to be evaluated, use this for large guesses)
            exchange  full       # default   approximate exchange with 'neglect' or xc functional -> same syntax as moldft
           save_pnos  true       # default   Save the OBS-PNOs to a file, before and after orthonormalization.
            diagonal  true       # defined   Compute only diagonal PNOs

end

**********************
Solve PNO-MP2
*********************


**********************
Iterate Pairs
*********************


************************
Adaptive Solver
***********************

Initializing empty Pairs:
no guess was explicitly demanded for mp2

timer:                                     RRCD     0.00s     0.00s 
timer:                             MRA compress     0.00s     0.00s 
timer:                          Transform Pairs     0.00s     0.00s 
timer:          apply Q and orthonormalize PNOs     0.00s     0.00s 
Created Guess:
pair11 with 0 guess functions
pair21 with 0 guess functions
pair22 with 0 guess functions
guess pair11 size: 0.0000000000e+00 | 0.0000000000e+00 Gbyte (after truncation)
guess pair22 size: 0.0000000000e+00 | 0.0000000000e+00 Gbyte (after truncation)
timer:                           truncate guess     0.00s     0.00s 
timer:                         Initialize Pairs     0.00s     0.00s 
Keyword multipole is not known
Guess protocol for adaptively growing ranks is: [dipole+, quadrupole, big_fock_3, big_fock_3, big_fock_3, big_fock_3, big_fock_3, big_fock_3, big_fock_3, big_fock_3]


--------Adaptive Solver Macroiteration 0 from max 10 ----------

Growing ranks with exop=dipole+
Create guess functions by multiplying plane-waves to 1 functions 
Created 4 virtuals for pair11
pair21 is frozen: no growing
Create guess functions by multiplying plane-waves to 1 functions 
Created 4 virtuals for pair22
frozen pair: no orthonormalization
timer:                                     RRCD     0.02s     0.02s 
timer:                             MRA compress     0.00s     0.00s 
timer:                          Transform Pairs     0.01s     0.01s 
timer:                        grow PNO subspace     0.23s     0.23s 
SolveInternal: Parameters are assigned as
no_compute        = false
no_opt            = false
restart           = false
do_cispd          = false
econv             =1.0000000000e-04
maxrank (min,max) = (1,1)
Solving MP2 doubles
timer:          fock matrix     1.23s     1.23s
Information About All Pairs:
mp2_pair11           number=0 rank=  4 frozen=false
mp2_pair21           number=1 rank=  0 frozen=true
mp2_pair22           number=2 rank=  4 frozen=false
number of pairs=3
average rank   =2 (2.6666666667e+00)
largest rank   =4
PNOPairs Memory Information
Total: 0.0130844116 GB 
PNO  : 0.0130844116 GB 
KPNO : 0.0000000000 GB 
W    : 0.0000000000 GB 

timer:                                 truncate     0.00s     0.00s 
wall time=55.8428900242 chunk=8 allK.size()=8 memory=0.0119395256 GB
timer:                             compute KPNO     3.34s     3.34s 
wall time=55.8866469860 chunk=8 allJ.size()=8 memory=0.0143928528 GB
timer:                             compute JPNO     0.04s     0.04s 
timer:                    compute Fock matrices     0.53s     0.53s 
timer:                             MRA compress     0.00s     0.00s 
timer:                          Transform Pairs     0.03s     0.03s 
timer:                             Canonicalize     0.03s     0.03s 
PNOPairs Memory Information
Total: 0.0234701633 GB 
PNO  : 0.0125119686 GB 
KPNO : 0.0109581947 GB 
W    : 0.0000000000 GB 

timer:                                 truncate     0.01s     0.01s 
mp2_pair21 is frozen: potential not computed
timer:                   Fluctuation Potentials     2.00s     2.00s 
timer:                       Fluctuation Matrix     0.04s     0.04s 
PNOPairs Memory Information
Total: 0.0385172367 GB 
PNO  : 0.0125119686 GB 
KPNO : 0.0109581947 GB 
W    : 0.0150470734 GB 

PNOPairs Memory Information
Total: 0.0385172367 GB 
PNO  : 0.0125119686 GB 
KPNO : 0.0109581947 GB 
W    : 0.0150470734 GB 

timer:                                 truncate     0.01s     0.01s 
timer:                             PNO Overlaps     0.03s     0.03s 
t_iter =  0  Hylleraas energy =  0.0000000000  ||R||_F =  0.1579390381  conv =  no
subspace solution [*]   1.00000000

t_iter =  1  Hylleraas energy =  -0.0701030585  ||R||_F =  0.0000001099  conv =  yes
=======================================================

Hylleraas MP2 Energies

=======================================================
    i    j      singlet      triplet        Total
=======================================================
    1    1  -3.50515e-02  0.00000e+00 -3.50515e-02
    2    1   0.00000e+00  0.00000e+00  0.00000e+00
    2    2  -3.50515e-02  0.00000e+00 -3.50515e-02
=======================================================
Hylleraas MP2 Energies (singlet): -7.01031e-02
Hylleraas MP2 Energies (triplet):  0.00000e+00
Hylleraas MP2 Energies (total)  : -7.01031e-02
=======================================================
-------------------------------------------
Total Reg Energy  =-7.01031e-02
Total F12 Energy  = 0.00000e+00
Sum Energies Total=-7.01031e-02
-------------------------------------------
timer:                         Solve Amplitudes     0.00s     0.00s 
No optimization untill now: Compressing pno ranks with tighter threshold
1.00000e-10 instead of 1.00000e-08
pair11: density evals:
 [*]   0.00171313   0.00197189   0.00197189   0.20670661

pair11: # of PNOs reduced from  4  to  1  maxrank= 1
pair22: density evals:
 [*]   0.00171313   0.00197189   0.00197189   0.20670662

pair22: # of PNOs reduced from  4  to  1  maxrank= 1
timer:                            compress PNOs     0.00s     0.00s 
timer:                             MRA compress     0.00s     0.00s 
timer:                          Transform Pairs     0.01s     0.01s 
timer:                          PNO Compression     0.02s     0.02s 
Information About All Pairs:
mp2_pair11           number=0 rank=  1 frozen=false
mp2_pair21           number=1 rank=  0 frozen=true
mp2_pair22           number=2 rank=  1 frozen=false
number of pairs=3
average rank   =0 (6.66667e-01)
largest rank   =1
saving vector of functions mp2_pair11
saving vector of functions mp2_pair22
timer:                        save pnos on disc     0.04s     0.04s 
PNOPairs Memory Information
Total: 0.01227 GB 
PNO  : 0.00331 GB 
KPNO : 0.00331 GB 
W    : 0.00564 GB 

timer:                                 truncate     0.00s     0.00s 
timer:      compute densities for G application     0.00s     0.00s 
pair21 is frozen: no optimization
timer:                Prepare for G application     0.01s     0.01s 
timer:                                    add K     0.00s     0.00s 
size of all Vpsi potentials (without Vnuc and J) 0.00348 GB 
time=58.69872 chunk=2 Vpsi+Vnuc+J=0.01100 GB
time=58.70285 chunk=2 Vpsi+Vnuc+J=0.01100 GB (after truncation)
timer:                           Apply G to all     0.86s     0.86s 
timer:                       apply Q and update     0.00s     0.00s 
mp2_pair11 residual norms:
[0.25419]
mp2_pair11 scaled residual norms:
[0.11557]
mp2_pair22 residual norms:
[0.25419]
mp2_pair22 scaled residual norms:
[0.11557]
timer:                          update all PNOs     0.90s     0.90s 
frozen pair: no orthonormalization
timer:                                     RRCD     0.01s     0.01s 
timer:                             MRA compress     0.00s     0.00s 
timer:                          Transform Pairs     0.00s     0.00s 
saving vector of functions mp2_pair11
saving vector of functions mp2_pair22
timer:                        save pnos on disc     0.03s     0.03s 


No convergence yet. Energy change = 0.07010

timer:                        Whole Iteration 1     7.07s     7.07s 
Information About All Pairs:
mp2_pair11           number=0 rank=  1 frozen=false
mp2_pair21           number=1 rank=  0 frozen=true
mp2_pair22           number=2 rank=  1 frozen=false
number of pairs=3
average rank   =0 (0.66667)
largest rank   =1
PNOPairs Memory Information
Total: 0.00397 GB 
PNO  : 0.00397 GB 
KPNO : 0.00000 GB 
W    : 0.00000 GB 

timer:                                 truncate     0.00s     0.00s 
wall time=60.64215 chunk=2 allK.size()=2 memory=0.00397 GB
timer:                             compute KPNO     1.07s     1.07s 
wall time=60.65489 chunk=2 allJ.size()=2 memory=0.00429 GB
timer:                             compute JPNO     0.01s     0.01s 
timer:                    compute Fock matrices     0.22s     0.22s 
timer:                             MRA compress     0.00s     0.00s 
timer:                          Transform Pairs     0.00s     0.00s 
timer:                             Canonicalize     0.00s     0.00s 
PNOPairs Memory Information
Total: 0.00793 GB 
PNO  : 0.00397 GB 
KPNO : 0.00397 GB 
W    : 0.00000 GB 

timer:                                 truncate     0.00s     0.00s 
mp2_pair21 is frozen: potential not computed
timer:                   Fluctuation Potentials     0.56s     0.56s 
timer:                       Fluctuation Matrix     0.03s     0.03s 
PNOPairs Memory Information
Total: 0.01358 GB 
PNO  : 0.00397 GB 
KPNO : 0.00397 GB 
W    : 0.00564 GB 

PNOPairs Memory Information
Total: 0.01358 GB 
PNO  : 0.00397 GB 
KPNO : 0.00397 GB 
W    : 0.00564 GB 

timer:                                 truncate     0.00s     0.00s 
timer:                             PNO Overlaps     0.03s     0.03s 
t_iter =  0  Hylleraas energy =  0.00000  ||R||_F =  0.17104  conv =  no
subspace solution [*]   1.00000000

t_iter =  1  Hylleraas energy =  -0.09728  ||R||_F =  0.00000  conv =  yes
=======================================================

Hylleraas MP2 Energies

=======================================================
    i    j      singlet      triplet        Total
=======================================================
    1    1  -4.86403e-02  0.00000e+00 -4.86403e-02
    2    1   0.00000e+00  0.00000e+00  0.00000e+00
    2    2  -4.86403e-02  0.00000e+00 -4.86403e-02
=======================================================
Hylleraas MP2 Energies (singlet): -9.72806e-02
Hylleraas MP2 Energies (triplet):  0.00000e+00
Hylleraas MP2 Energies (total)  : -9.72806e-02
=======================================================
-------------------------------------------
Total Reg Energy  =-9.72806e-02
Total F12 Energy  = 0.00000e+00
Sum Energies Total=-9.72806e-02
-------------------------------------------
timer:                         Solve Amplitudes     0.00s     0.00s 
pair11: density evals:
 [*]   0.32348402

pair22: density evals:
 [*]   0.32348404

timer:                            compress PNOs     0.00s     0.00s 
timer:                             MRA compress     0.00s     0.00s 
timer:                          Transform Pairs     0.01s     0.01s 
timer:                          PNO Compression     0.01s     0.01s 
Information About All Pairs:
mp2_pair11           number=0 rank=  1 frozen=false
mp2_pair21           number=1 rank=  0 frozen=true
mp2_pair22           number=2 rank=  1 frozen=false
number of pairs=3
average rank   =0 (6.66667e-01)
largest rank   =1
saving vector of functions mp2_pair11
saving vector of functions mp2_pair22
timer:                        save pnos on disc     0.06s     0.06s 
PNOPairs Memory Information
Total: 0.01358 GB 
PNO  : 0.00397 GB 
KPNO : 0.00397 GB 
W    : 0.00564 GB 

timer:                                 truncate     0.00s     0.00s 
timer:      compute densities for G application     0.00s     0.00s 
pair21 is frozen: no optimization
timer:                Prepare for G application     0.01s     0.01s 
timer:                                    add K     0.00s     0.00s 
size of all Vpsi potentials (without Vnuc and J) 0.00397 GB 
time=61.66677 chunk=2 Vpsi+Vnuc+J=0.01116 GB
time=61.67113 chunk=2 Vpsi+Vnuc+J=0.01116 GB (after truncation)
timer:                           Apply G to all     0.83s     0.83s 
timer:                       apply Q and update     0.00s     0.00s 
mp2_pair11 residual norms:
[0.05562]
mp2_pair11 scaled residual norms:
[0.03163]
mp2_pair22 residual norms:
[0.05562]
mp2_pair22 scaled residual norms:
[0.03163]
timer:                          update all PNOs     0.84s     0.84s 
frozen pair: no orthonormalization
timer:                                     RRCD     0.01s     0.01s 
timer:                             MRA compress     0.00s     0.00s 
timer:                          Transform Pairs     0.00s     0.00s 
saving vector of functions mp2_pair11
saving vector of functions mp2_pair22
timer:                        save pnos on disc     0.06s     0.06s 


No convergence yet. Energy change = 0.02718

timer:                        Whole Iteration 2     2.94s     2.94s 
Information About All Pairs:
mp2_pair11           number=0 rank=  1 frozen=false
mp2_pair21           number=1 rank=  0 frozen=true
mp2_pair22           number=2 rank=  1 frozen=false
number of pairs=3
average rank   =0 (0.66667)
largest rank   =1
PNOPairs Memory Information
Total: 0.00397 GB 
PNO  : 0.00397 GB 
KPNO : 0.00000 GB 
W    : 0.00000 GB 

timer:                                 truncate     0.00s     0.00s 
wall time=63.57203 chunk=2 allK.size()=2 memory=0.00397 GB
timer:                             compute KPNO     1.06s     1.06s 
wall time=63.58468 chunk=2 allJ.size()=2 memory=0.00429 GB
timer:                             compute JPNO     0.01s     0.01s 
timer:                    compute Fock matrices     0.22s     0.22s 
timer:                             MRA compress     0.00s     0.00s 
timer:                          Transform Pairs     0.00s     0.00s 
timer:                             Canonicalize     0.00s     0.00s 
PNOPairs Memory Information
Total: 0.00793 GB 
PNO  : 0.00397 GB 
KPNO : 0.00397 GB 
W    : 0.00000 GB 

timer:                                 truncate     0.00s     0.00s 
mp2_pair21 is frozen: potential not computed
timer:                   Fluctuation Potentials     0.56s     0.56s 
timer:                       Fluctuation Matrix     0.03s     0.03s 
PNOPairs Memory Information
Total: 0.01358 GB 
PNO  : 0.00397 GB 
KPNO : 0.00397 GB 
W    : 0.00564 GB 

PNOPairs Memory Information
Total: 0.01358 GB 
PNO  : 0.00397 GB 
KPNO : 0.00397 GB 
W    : 0.00564 GB 

timer:                                 truncate     0.00s     0.00s 
timer:                             PNO Overlaps     0.03s     0.03s 
t_iter =  0  Hylleraas energy =  0.00000  ||R||_F =  0.17603  conv =  no
subspace solution [*]   1.00000000

t_iter =  1  Hylleraas energy =  -0.10040  ||R||_F =  0.00000  conv =  yes
=======================================================

Hylleraas MP2 Energies

=======================================================
    i    j      singlet      triplet        Total
=======================================================
    1    1  -5.01984e-02  0.00000e+00 -5.01984e-02
    2    1   0.00000e+00  0.00000e+00  0.00000e+00
    2    2  -5.01984e-02  0.00000e+00 -5.01984e-02
=======================================================
Hylleraas MP2 Energies (singlet): -1.00397e-01
Hylleraas MP2 Energies (triplet):  0.00000e+00
Hylleraas MP2 Energies (total)  : -1.00397e-01
=======================================================
-------------------------------------------
Total Reg Energy  =-1.00397e-01
Total F12 Energy  = 0.00000e+00
Sum Energies Total=-1.00397e-01
-------------------------------------------
timer:                         Solve Amplitudes     0.00s     0.00s 
pair11: density evals:
 [*]   0.32527383

pair22: density evals:
 [*]   0.32527384

timer:                            compress PNOs     0.00s     0.00s 
timer:                             MRA compress     0.00s     0.00s 
timer:                          Transform Pairs     0.01s     0.01s 
timer:                          PNO Compression     0.01s     0.01s 
Information About All Pairs:
mp2_pair11           number=0 rank=  1 frozen=false
mp2_pair21           number=1 rank=  0 frozen=true
mp2_pair22           number=2 rank=  1 frozen=false
number of pairs=3
average rank   =0 (6.66667e-01)
largest rank   =1
saving vector of functions mp2_pair11
saving vector of functions mp2_pair22
timer:                        save pnos on disc     0.06s     0.06s 
PNOPairs Memory Information
Total: 0.01358 GB 
PNO  : 0.00397 GB 
KPNO : 0.00397 GB 
W    : 0.00564 GB 

timer:                                 truncate     0.00s     0.00s 
timer:      compute densities for G application     0.00s     0.00s 
pair21 is frozen: no optimization
timer:                Prepare for G application     0.01s     0.01s 
timer:                                    add K     0.00s     0.00s 
size of all Vpsi potentials (without Vnuc and J) 0.00397 GB 
time=64.59150 chunk=2 Vpsi+Vnuc+J=0.01116 GB
time=64.59579 chunk=2 Vpsi+Vnuc+J=0.01116 GB (after truncation)
timer:                           Apply G to all     0.84s     0.84s 
timer:                       apply Q and update     0.00s     0.00s 
mp2_pair11 residual norms:
[0.02282]
mp2_pair11 scaled residual norms:
[0.01301]
mp2_pair22 residual norms:
[0.02282]
mp2_pair22 scaled residual norms:
[0.01301]
timer:                          update all PNOs     0.85s     0.85s 
frozen pair: no orthonormalization
timer:                                     RRCD     0.02s     0.02s 
timer:                             MRA compress     0.00s     0.00s 
timer:                          Transform Pairs     0.00s     0.00s 
saving vector of functions mp2_pair11
saving vector of functions mp2_pair22
timer:                        save pnos on disc     0.05s     0.05s 


No convergence yet. Energy change = 0.00312

timer:                        Whole Iteration 3     2.93s     2.93s 
Information About All Pairs:
mp2_pair11           number=0 rank=  1 frozen=false
mp2_pair21           number=1 rank=  0 frozen=true
mp2_pair22           number=2 rank=  1 frozen=false
number of pairs=3
average rank   =0 (0.66667)
largest rank   =1
PNOPairs Memory Information
Total: 0.00397 GB 
PNO  : 0.00397 GB 
KPNO : 0.00000 GB 
W    : 0.00000 GB 

timer:                                 truncate     0.00s     0.00s 
wall time=66.53306 chunk=2 allK.size()=2 memory=0.00397 GB
timer:                             compute KPNO     1.09s     1.09s 
wall time=66.54584 chunk=2 allJ.size()=2 memory=0.00429 GB
timer:                             compute JPNO     0.01s     0.01s 
timer:                    compute Fock matrices     0.22s     0.22s 
timer:                             MRA compress     0.00s     0.00s 
timer:                          Transform Pairs     0.00s     0.00s 
timer:                             Canonicalize     0.00s     0.00s 
PNOPairs Memory Information
Total: 0.00793 GB 
PNO  : 0.00397 GB 
KPNO : 0.00397 GB 
W    : 0.00000 GB 

timer:                                 truncate     0.00s     0.00s 
mp2_pair21 is frozen: potential not computed
timer:                   Fluctuation Potentials     0.56s     0.56s 
timer:                       Fluctuation Matrix     0.03s     0.03s 
PNOPairs Memory Information
Total: 0.01358 GB 
PNO  : 0.00397 GB 
KPNO : 0.00397 GB 
W    : 0.00564 GB 

PNOPairs Memory Information
Total: 0.01358 GB 
PNO  : 0.00397 GB 
KPNO : 0.00397 GB 
W    : 0.00564 GB 

timer:                                 truncate     0.00s     0.00s 
timer:                             PNO Overlaps     0.03s     0.03s 
t_iter =  0  Hylleraas energy =  0.00000  ||R||_F =  0.17782  conv =  no
subspace solution [*]   1.00000000

t_iter =  1  Hylleraas energy =  -0.10097  ||R||_F =  0.00000  conv =  yes
=======================================================

Hylleraas MP2 Energies

=======================================================
    i    j      singlet      triplet        Total
=======================================================
    1    1  -5.04850e-02  0.00000e+00 -5.04850e-02
    2    1   0.00000e+00  0.00000e+00  0.00000e+00
    2    2  -5.04850e-02  0.00000e+00 -5.04850e-02
=======================================================
Hylleraas MP2 Energies (singlet): -1.00970e-01
Hylleraas MP2 Energies (triplet):  0.00000e+00
Hylleraas MP2 Energies (total)  : -1.00970e-01
=======================================================
-------------------------------------------
Total Reg Energy  =-1.00970e-01
Total F12 Energy  = 0.00000e+00
Sum Energies Total=-1.00970e-01
-------------------------------------------
timer:                         Solve Amplitudes     0.00s     0.00s 
pair11: density evals:
 [*]   0.32243773

pair22: density evals:
 [*]   0.32243774

timer:                            compress PNOs     0.00s     0.00s 
timer:                             MRA compress     0.00s     0.00s 
timer:                          Transform Pairs     0.01s     0.01s 
timer:                          PNO Compression     0.01s     0.01s 
Information About All Pairs:
mp2_pair11           number=0 rank=  1 frozen=false
mp2_pair21           number=1 rank=  0 frozen=true
mp2_pair22           number=2 rank=  1 frozen=false
number of pairs=3
average rank   =0 (6.66667e-01)
largest rank   =1
saving vector of functions mp2_pair11
saving vector of functions mp2_pair22
timer:                        save pnos on disc     0.06s     0.06s 
PNOPairs Memory Information
Total: 0.01358 GB 
PNO  : 0.00397 GB 
KPNO : 0.00397 GB 
W    : 0.00564 GB 

timer:                                 truncate     0.00s     0.00s 
timer:      compute densities for G application     0.00s     0.00s 
pair21 is frozen: no optimization
timer:                Prepare for G application     0.01s     0.01s 
timer:                                    add K     0.00s     0.00s 
size of all Vpsi potentials (without Vnuc and J) 0.00397 GB 
time=67.55902 chunk=2 Vpsi+Vnuc+J=0.01116 GB
time=67.56323 chunk=2 Vpsi+Vnuc+J=0.01116 GB (after truncation)
timer:                           Apply G to all     0.84s     0.84s 
timer:                       apply Q and update     0.00s     0.00s 
mp2_pair11 residual norms:
[0.01136]
mp2_pair11 scaled residual norms:
[0.00645]
mp2_pair22 residual norms:
[0.01136]
mp2_pair22 scaled residual norms:
[0.00645]
timer:                          update all PNOs     0.85s     0.85s 
frozen pair: no orthonormalization
timer:                                     RRCD     0.01s     0.01s 
timer:                             MRA compress     0.00s     0.00s 
timer:                          Transform Pairs     0.00s     0.00s 
saving vector of functions mp2_pair11
saving vector of functions mp2_pair22
timer:                        save pnos on disc     0.06s     0.06s 


No convergence yet. Energy change = 0.00057

timer:                        Whole Iteration 4     2.97s     2.97s 
Information About All Pairs:
mp2_pair11           number=0 rank=  1 frozen=false
mp2_pair21           number=1 rank=  0 frozen=true
mp2_pair22           number=2 rank=  1 frozen=false
number of pairs=3
average rank   =0 (0.66667)
largest rank   =1
PNOPairs Memory Information
Total: 0.00397 GB 
PNO  : 0.00397 GB 
KPNO : 0.00000 GB 
W    : 0.00000 GB 

timer:                                 truncate     0.00s     0.00s 
wall time=69.53259 chunk=2 allK.size()=2 memory=0.00397 GB
timer:                             compute KPNO     1.12s     1.12s 
wall time=69.57472 chunk=2 allJ.size()=2 memory=0.00429 GB
timer:                             compute JPNO     0.04s     0.04s 
timer:                    compute Fock matrices     0.21s     0.21s 
timer:                             MRA compress     0.00s     0.00s 
timer:                          Transform Pairs     0.01s     0.01s 
timer:                             Canonicalize     0.01s     0.01s 
PNOPairs Memory Information
Total: 0.00793 GB 
PNO  : 0.00397 GB 
KPNO : 0.00397 GB 
W    : 0.00000 GB 

timer:                                 truncate     0.00s     0.00s 
mp2_pair21 is frozen: potential not computed
timer:                   Fluctuation Potentials     0.56s     0.56s 
timer:                       Fluctuation Matrix     0.03s     0.03s 
PNOPairs Memory Information
Total: 0.01358 GB 
PNO  : 0.00397 GB 
KPNO : 0.00397 GB 
W    : 0.00564 GB 

PNOPairs Memory Information
Total: 0.01358 GB 
PNO  : 0.00397 GB 
KPNO : 0.00397 GB 
W    : 0.00564 GB 

timer:                                 truncate     0.00s     0.00s 
timer:                             PNO Overlaps     0.03s     0.03s 
t_iter =  0  Hylleraas energy =  0.00000  ||R||_F =  0.17857  conv =  no
subspace solution [*]   1.00000000

t_iter =  1  Hylleraas energy =  -0.10112  ||R||_F =  0.00000  conv =  yes
=======================================================

Hylleraas MP2 Energies

=======================================================
    i    j      singlet      triplet        Total
=======================================================
    1    1  -5.05601e-02  0.00000e+00 -5.05601e-02
    2    1   0.00000e+00  0.00000e+00  0.00000e+00
    2    2  -5.05601e-02  0.00000e+00 -5.05601e-02
=======================================================
Hylleraas MP2 Energies (singlet): -1.01120e-01
Hylleraas MP2 Energies (triplet):  0.00000e+00
Hylleraas MP2 Energies (total)  : -1.01120e-01
=======================================================
-------------------------------------------
Total Reg Energy  =-1.01120e-01
Total F12 Energy  = 0.00000e+00
Sum Energies Total=-1.01120e-01
-------------------------------------------
timer:                         Solve Amplitudes     0.00s     0.00s 
pair11: density evals:
 [*]   0.32066084

pair22: density evals:
 [*]   0.32066086

timer:                            compress PNOs     0.00s     0.00s 
timer:                             MRA compress     0.00s     0.00s 
timer:                          Transform Pairs     0.01s     0.01s 
timer:                          PNO Compression     0.01s     0.01s 
Information About All Pairs:
mp2_pair11           number=0 rank=  1 frozen=false
mp2_pair21           number=1 rank=  0 frozen=true
mp2_pair22           number=2 rank=  1 frozen=false
number of pairs=3
average rank   =0 (6.66667e-01)
largest rank   =1
saving vector of functions mp2_pair11
saving vector of functions mp2_pair22
timer:                        save pnos on disc     0.06s     0.06s 
PNOPairs Memory Information
Total: 0.01358 GB 
PNO  : 0.00397 GB 
KPNO : 0.00397 GB 
W    : 0.00564 GB 

timer:                                 truncate     0.00s     0.00s 
timer:      compute densities for G application     0.00s     0.00s 
pair21 is frozen: no optimization
timer:                Prepare for G application     0.01s     0.01s 
timer:                                    add K     0.00s     0.00s 
size of all Vpsi potentials (without Vnuc and J) 0.00397 GB 
time=70.57164 chunk=2 Vpsi+Vnuc+J=0.01116 GB
time=70.57578 chunk=2 Vpsi+Vnuc+J=0.01116 GB (after truncation)
timer:                           Apply G to all     0.83s     0.83s 
timer:                       apply Q and update     0.00s     0.00s 
mp2_pair11 residual norms:
[0.00614]
mp2_pair11 scaled residual norms:
[0.00347]
mp2_pair22 residual norms:
[0.00614]
mp2_pair22 scaled residual norms:
[0.00347]
timer:                          update all PNOs     0.85s     0.85s 
frozen pair: no orthonormalization
timer:                                     RRCD     0.01s     0.01s 
timer:                             MRA compress     0.00s     0.00s 
timer:                          Transform Pairs     0.00s     0.00s 
saving vector of functions mp2_pair11
saving vector of functions mp2_pair22
timer:                        save pnos on disc     0.06s     0.06s 


No convergence yet. Energy change = 0.00015

timer:                        Whole Iteration 5     3.01s     3.01s 
Information About All Pairs:
mp2_pair11           number=0 rank=  1 frozen=false
mp2_pair21           number=1 rank=  0 frozen=true
mp2_pair22           number=2 rank=  1 frozen=false
number of pairs=3
average rank   =0 (0.66667)
largest rank   =1
PNOPairs Memory Information
Total: 0.00397 GB 
PNO  : 0.00397 GB 
KPNO : 0.00000 GB 
W    : 0.00000 GB 

timer:                                 truncate     0.00s     0.00s 
wall time=72.52037 chunk=2 allK.size()=2 memory=0.00397 GB
timer:                             compute KPNO     1.10s     1.10s 
wall time=72.53305 chunk=2 allJ.size()=2 memory=0.00429 GB
timer:                             compute JPNO     0.01s     0.01s 
timer:                    compute Fock matrices     0.22s     0.22s 
timer:                             MRA compress     0.00s     0.00s 
timer:                          Transform Pairs     0.00s     0.00s 
timer:                             Canonicalize     0.00s     0.00s 
PNOPairs Memory Information
Total: 0.00793 GB 
PNO  : 0.00397 GB 
KPNO : 0.00397 GB 
W    : 0.00000 GB 

timer:                                 truncate     0.00s     0.00s 
mp2_pair21 is frozen: potential not computed
timer:                   Fluctuation Potentials     0.56s     0.56s 
timer:                       Fluctuation Matrix     0.04s     0.04s 
PNOPairs Memory Information
Total: 0.01358 GB 
PNO  : 0.00397 GB 
KPNO : 0.00397 GB 
W    : 0.00564 GB 

PNOPairs Memory Information
Total: 0.01358 GB 
PNO  : 0.00397 GB 
KPNO : 0.00397 GB 
W    : 0.00564 GB 

timer:                                 truncate     0.00s     0.00s 
timer:                             PNO Overlaps     0.03s     0.03s 
t_iter =  0  Hylleraas energy =  0.00000  ||R||_F =  0.17891  conv =  no
subspace solution [*]   1.00000000

t_iter =  1  Hylleraas energy =  -0.10116  ||R||_F =  0.00000  conv =  yes
=======================================================

Hylleraas MP2 Energies

=======================================================
    i    j      singlet      triplet        Total
=======================================================
    1    1  -5.05810e-02  0.00000e+00 -5.05810e-02
    2    1   0.00000e+00  0.00000e+00  0.00000e+00
    2    2  -5.05810e-02  0.00000e+00 -5.05810e-02
=======================================================
Hylleraas MP2 Energies (singlet): -1.01162e-01
Hylleraas MP2 Energies (triplet):  0.00000e+00
Hylleraas MP2 Energies (total)  : -1.01162e-01
=======================================================
-------------------------------------------
Total Reg Energy  =-1.01162e-01
Total F12 Energy  = 0.00000e+00
Sum Energies Total=-1.01162e-01
-------------------------------------------
timer:                         Solve Amplitudes     0.00s     0.00s 
pair11: density evals:
 [*]   0.31971076

pair22: density evals:
 [*]   0.31971077

timer:                            compress PNOs     0.00s     0.00s 
timer:                             MRA compress     0.00s     0.00s 
timer:                          Transform Pairs     0.01s     0.01s 
timer:                          PNO Compression     0.01s     0.01s 
Information About All Pairs:
mp2_pair11           number=0 rank=  1 frozen=false
mp2_pair21           number=1 rank=  0 frozen=true
mp2_pair22           number=2 rank=  1 frozen=false
number of pairs=3
average rank   =0 (6.66667e-01)
largest rank   =1
saving vector of functions mp2_pair11
saving vector of functions mp2_pair22
timer:                        save pnos on disc     0.07s     0.07s 
PNOPairs Memory Information
Total: 0.01358 GB 
PNO  : 0.00397 GB 
KPNO : 0.00397 GB 
W    : 0.00564 GB 

timer:                                 truncate     0.00s     0.00s 
timer:      compute densities for G application     0.00s     0.00s 
pair21 is frozen: no optimization
timer:                Prepare for G application     0.01s     0.01s 
timer:                                    add K     0.00s     0.00s 
size of all Vpsi potentials (without Vnuc and J) 0.00397 GB 
time=73.55690 chunk=2 Vpsi+Vnuc+J=0.01116 GB
time=73.56121 chunk=2 Vpsi+Vnuc+J=0.01116 GB (after truncation)
timer:                           Apply G to all     0.83s     0.83s 
timer:                       apply Q and update     0.00s     0.00s 
mp2_pair11 residual norms:
[0.00352]
mp2_pair11 scaled residual norms:
[0.00199]
mp2_pair22 residual norms:
[0.00352]
mp2_pair22 scaled residual norms:
[0.00199]
timer:                          update all PNOs     0.84s     0.84s 
frozen pair: no orthonormalization
timer:                                     RRCD     0.01s     0.01s 
timer:                             MRA compress     0.00s     0.00s 
timer:                          Transform Pairs     0.00s     0.00s 
saving vector of functions mp2_pair11
saving vector of functions mp2_pair22
timer:                        save pnos on disc     0.07s     0.07s 


CONVERGED!
energy change = 0.00004

re-entering loop to compute the correct amplitudes and energies
timer:                        Whole Iteration 6     2.99s     2.99s 
Information About All Pairs:
mp2_pair11           number=0 rank=  1 frozen=false
mp2_pair21           number=1 rank=  0 frozen=true
mp2_pair22           number=2 rank=  1 frozen=false
number of pairs=3
average rank   =0 (0.66667)
largest rank   =1
PNOPairs Memory Information
Total: 0.00397 GB 
PNO  : 0.00397 GB 
KPNO : 0.00000 GB 
W    : 0.00000 GB 

timer:                                 truncate     0.00s     0.00s 
wall time=75.53248 chunk=2 allK.size()=2 memory=0.00397 GB
timer:                             compute KPNO     1.12s     1.12s 
wall time=75.54461 chunk=2 allJ.size()=2 memory=0.00429 GB
timer:                             compute JPNO     0.01s     0.01s 
timer:                    compute Fock matrices     0.21s     0.21s 
timer:                             MRA compress     0.00s     0.00s 
timer:                          Transform Pairs     0.00s     0.00s 
timer:                             Canonicalize     0.00s     0.00s 
PNOPairs Memory Information
Total: 0.00793 GB 
PNO  : 0.00397 GB 
KPNO : 0.00397 GB 
W    : 0.00000 GB 

timer:                                 truncate     0.00s     0.00s 
mp2_pair21 is frozen: potential not computed
timer:                   Fluctuation Potentials     0.57s     0.57s 
timer:                       Fluctuation Matrix     0.03s     0.03s 
PNOPairs Memory Information
Total: 0.01358 GB 
PNO  : 0.00397 GB 
KPNO : 0.00397 GB 
W    : 0.00564 GB 

PNOPairs Memory Information
Total: 0.01358 GB 
PNO  : 0.00397 GB 
KPNO : 0.00397 GB 
W    : 0.00564 GB 

timer:                                 truncate     0.00s     0.00s 
timer:                             PNO Overlaps     0.03s     0.03s 
t_iter =  0  Hylleraas energy =  0.00000  ||R||_F =  0.17908  conv =  no
subspace solution [*]   1.00000000

t_iter =  1  Hylleraas energy =  -0.10118  ||R||_F =  0.00000  conv =  yes
=======================================================

Hylleraas MP2 Energies

=======================================================
    i    j      singlet      triplet        Total
=======================================================
    1    1  -5.05888e-02  0.00000e+00 -5.05888e-02
    2    1   0.00000e+00  0.00000e+00  0.00000e+00
    2    2  -5.05888e-02  0.00000e+00 -5.05888e-02
=======================================================
Hylleraas MP2 Energies (singlet): -1.01178e-01
Hylleraas MP2 Energies (triplet):  0.00000e+00
Hylleraas MP2 Energies (total)  : -1.01178e-01
=======================================================
-------------------------------------------
Total Reg Energy  =-1.01178e-01
Total F12 Energy  = 0.00000e+00
Sum Energies Total=-1.01178e-01
-------------------------------------------
timer:                         Solve Amplitudes     0.00s     0.00s 
pair11: density evals:
 [*]   0.31919291

pair22: density evals:
 [*]   0.31919293

timer:                            compress PNOs     0.00s     0.00s 
timer:                             MRA compress     0.00s     0.00s 
timer:                          Transform Pairs     0.01s     0.01s 
timer:                          PNO Compression     0.01s     0.01s 
Information About All Pairs:
mp2_pair11           number=0 rank=  1 frozen=false
mp2_pair21           number=1 rank=  0 frozen=true
mp2_pair22           number=2 rank=  1 frozen=false
number of pairs=3
average rank   =0 (6.66667e-01)
largest rank   =1
saving vector of functions mp2_pair11
saving vector of functions mp2_pair22
timer:                        save pnos on disc     0.06s     0.06s 
exiting: Iterations converged
PNO ranks:
PNO Rank for pair pair11 = 1
PNO Rank for pair pair21 = 0
PNO Rank for pair pair22 = 1
average rank 6.66667e-01
timer:                               PNO::solve    25.20s    25.20s 

--------------------------------
ITERATE-PAIRS-INTERNAL-ENDED
--------------------------------
mp2_pair21 converged!


Adaptive Sovler:
 Current Energy=-1.0117757381e-01
 DeltaE        =-1.0117757381e-01
 max dE (pair) =-5.0588787754e-02 (2)
 all_pairs_conv=false




not converged yet

freeze pair mp2_pair21 (not further optimized: Energy below 1.0000000000e-05)


--------Adaptive Solver Macroiteration 1 from max 10 ----------

Growing ranks with exop=quadrupole
maxrank reached for pair11 no further growing
pair21 is frozen: no growing
maxrank reached for pair22 no further growing
frozen pair: no orthonormalization
timer:                                     RRCD     0.01s     0.01s 
timer:                             MRA compress     0.00s     0.00s 
timer:                          Transform Pairs     0.01s     0.01s 
timer:                        grow PNO subspace     0.02s     0.02s 
SolveInternal: Parameters are assigned as
no_compute        = false
no_opt            = false
restart           = false
do_cispd          = false
econv             =1.0000000000e-04
maxrank (min,max) = (1,1)
Solving MP2 doubles
timer:          fock matrix     1.22s     1.22s
Information About All Pairs:
mp2_pair11           number=0 rank=  1 frozen=false
mp2_pair21           number=1 rank=  0 frozen=true
mp2_pair22           number=2 rank=  1 frozen=false
number of pairs=3
average rank   =0 (6.6666666667e-01)
largest rank   =1
PNOPairs Memory Information
Total: 0.0135750771 GB 
PNO  : 0.0039662123 GB 
KPNO : 0.0039662123 GB 
W    : 0.0056426525 GB 

timer:                                 truncate     0.00s     0.00s 
wall time=78.8312611580 chunk=2 allK.size()=2 memory=0.0039662123 GB
timer:                             compute KPNO     1.11s     1.11s 
wall time=78.8455431461 chunk=2 allJ.size()=2 memory=0.0042933226 GB
timer:                             compute JPNO     0.01s     0.01s 
timer:                    compute Fock matrices     0.22s     0.22s 
timer:                             MRA compress     0.00s     0.00s 
timer:                          Transform Pairs     0.01s     0.01s 
timer:                             Canonicalize     0.01s     0.01s 
PNOPairs Memory Information
Total: 0.0135750771 GB 
PNO  : 0.0039662123 GB 
KPNO : 0.0039662123 GB 
W    : 0.0056426525 GB 

timer:                                 truncate     0.00s     0.00s 
mp2_pair21 is frozen: potential not computed
timer:                   Fluctuation Potentials     0.56s     0.56s 
timer:                       Fluctuation Matrix     0.03s     0.03s 
PNOPairs Memory Information
Total: 0.0135750771 GB 
PNO  : 0.0039662123 GB 
KPNO : 0.0039662123 GB 
W    : 0.0056426525 GB 

PNOPairs Memory Information
Total: 0.0135750771 GB 
PNO  : 0.0039662123 GB 
KPNO : 0.0039662123 GB 
W    : 0.0056426525 GB 

timer:                                 truncate     0.00s     0.00s 
timer:                             PNO Overlaps     0.03s     0.03s 
t_iter =  0  Hylleraas energy =  0.0000000000  ||R||_F =  0.1790843506  conv =  no
subspace solution [*]   1.00000000

t_iter =  1  Hylleraas energy =  -0.1011775738  ||R||_F =  0.0000000000  conv =  yes
=======================================================

Hylleraas MP2 Energies

=======================================================
    i    j      singlet      triplet        Total
=======================================================
    1    1  -5.05888e-02  0.00000e+00 -5.05888e-02
    2    1   0.00000e+00  0.00000e+00  0.00000e+00
    2    2  -5.05888e-02  0.00000e+00 -5.05888e-02
=======================================================
Hylleraas MP2 Energies (singlet): -1.01178e-01
Hylleraas MP2 Energies (triplet):  0.00000e+00
Hylleraas MP2 Energies (total)  : -1.01178e-01
=======================================================
-------------------------------------------
Total Reg Energy  =-1.01178e-01
Total F12 Energy  = 0.00000e+00
Sum Energies Total=-1.01178e-01
-------------------------------------------
timer:                         Solve Amplitudes     0.00s     0.00s 
No optimization untill now: Compressing pno ranks with tighter threshold
1.00000e-10 instead of 1.00000e-08
pair11: density evals:
 [*]   0.31919291

pair22: density evals:
 [*]   0.31919293

timer:                            compress PNOs     0.00s     0.00s 
timer:                             MRA compress     0.00s     0.00s 
timer:                          Transform Pairs     0.01s     0.01s 
timer:                          PNO Compression     0.01s     0.01s 
Information About All Pairs:
mp2_pair11           number=0 rank=  1 frozen=false
mp2_pair21           number=1 rank=  0 frozen=true
mp2_pair22           number=2 rank=  1 frozen=false
number of pairs=3
average rank   =0 (6.66667e-01)
largest rank   =1
saving vector of functions mp2_pair11
saving vector of functions mp2_pair22
timer:                        save pnos on disc     0.06s     0.06s 
PNOPairs Memory Information
Total: 0.01358 GB 
PNO  : 0.00397 GB 
KPNO : 0.00397 GB 
W    : 0.00564 GB 

timer:                                 truncate     0.00s     0.00s 
timer:      compute densities for G application     0.00s     0.00s 
pair21 is frozen: no optimization
timer:                Prepare for G application     0.01s     0.01s 
timer:                                    add K     0.00s     0.00s 
size of all Vpsi potentials (without Vnuc and J) 0.00397 GB 
time=79.86387 chunk=2 Vpsi+Vnuc+J=0.01116 GB
time=79.86809 chunk=2 Vpsi+Vnuc+J=0.01116 GB (after truncation)
timer:                           Apply G to all     0.83s     0.83s 
timer:                       apply Q and update     0.00s     0.00s 
mp2_pair11 residual norms:
[0.00212]
mp2_pair11 scaled residual norms:
[0.00120]
mp2_pair22 residual norms:
[0.00212]
mp2_pair22 scaled residual norms:
[0.00120]
timer:                          update all PNOs     0.87s     0.87s 
frozen pair: no orthonormalization
timer:                                     RRCD     0.01s     0.01s 
timer:                             MRA compress     0.00s     0.00s 
timer:                          Transform Pairs     0.00s     0.00s 
saving vector of functions mp2_pair11
saving vector of functions mp2_pair22
timer:                        save pnos on disc     0.03s     0.03s 


CONVERGED!
energy change = 0.00000

re-entering loop to compute the correct amplitudes and energies
timer:                        Whole Iteration 1     2.99s     2.99s 
Information About All Pairs:
mp2_pair11           number=0 rank=  1 frozen=false
mp2_pair21           number=1 rank=  0 frozen=true
mp2_pair22           number=2 rank=  1 frozen=false
number of pairs=3
average rank   =0 (0.66667)
largest rank   =1
PNOPairs Memory Information
Total: 0.00397 GB 
PNO  : 0.00397 GB 
KPNO : 0.00000 GB 
W    : 0.00000 GB 

timer:                                 truncate     0.00s     0.00s 
wall time=81.79943 chunk=2 allK.size()=2 memory=0.00397 GB
timer:                             compute KPNO     1.09s     1.09s 
wall time=81.81205 chunk=2 allJ.size()=2 memory=0.00429 GB
timer:                             compute JPNO     0.01s     0.01s 
timer:                    compute Fock matrices     0.22s     0.22s 
timer:                             MRA compress     0.00s     0.00s 
timer:                          Transform Pairs     0.00s     0.00s 
timer:                             Canonicalize     0.01s     0.01s 
PNOPairs Memory Information
Total: 0.00793 GB 
PNO  : 0.00397 GB 
KPNO : 0.00397 GB 
W    : 0.00000 GB 

timer:                                 truncate     0.00s     0.00s 
mp2_pair21 is frozen: potential not computed
timer:                   Fluctuation Potentials     0.57s     0.57s 
timer:                       Fluctuation Matrix     0.03s     0.03s 
PNOPairs Memory Information
Total: 0.01358 GB 
PNO  : 0.00397 GB 
KPNO : 0.00397 GB 
W    : 0.00564 GB 

PNOPairs Memory Information
Total: 0.01358 GB 
PNO  : 0.00397 GB 
KPNO : 0.00397 GB 
W    : 0.00564 GB 

timer:                                 truncate     0.00s     0.00s 
timer:                             PNO Overlaps     0.03s     0.03s 
t_iter =  0  Hylleraas energy =  0.00000  ||R||_F =  0.17918  conv =  no
subspace solution [*]   1.00000000

t_iter =  1  Hylleraas energy =  -0.10118  ||R||_F =  0.00000  conv =  yes
=======================================================

Hylleraas MP2 Energies

=======================================================
    i    j      singlet      triplet        Total
=======================================================
    1    1  -5.05920e-02  0.00000e+00 -5.05920e-02
    2    1   0.00000e+00  0.00000e+00  0.00000e+00
    2    2  -5.05920e-02  0.00000e+00 -5.05920e-02
=======================================================
Hylleraas MP2 Energies (singlet): -1.01184e-01
Hylleraas MP2 Energies (triplet):  0.00000e+00
Hylleraas MP2 Energies (total)  : -1.01184e-01
=======================================================
-------------------------------------------
Total Reg Energy  =-1.01184e-01
Total F12 Energy  = 0.00000e+00
Sum Energies Total=-1.01184e-01
-------------------------------------------
timer:                         Solve Amplitudes     0.00s     0.00s 
pair11: density evals:
 [*]   0.31890881

pair22: density evals:
 [*]   0.31890883

timer:                            compress PNOs     0.00s     0.00s 
timer:                             MRA compress     0.00s     0.00s 
timer:                          Transform Pairs     0.01s     0.01s 
timer:                          PNO Compression     0.01s     0.01s 
Information About All Pairs:
mp2_pair11           number=0 rank=  1 frozen=false
mp2_pair21           number=1 rank=  0 frozen=true
mp2_pair22           number=2 rank=  1 frozen=false
number of pairs=3
average rank   =0 (6.66667e-01)
largest rank   =1
saving vector of functions mp2_pair11
saving vector of functions mp2_pair22
timer:                        save pnos on disc     0.06s     0.06s 
exiting: Iterations converged
PNO ranks:
PNO Rank for pair pair11 = 1
PNO Rank for pair pair21 = 0
PNO Rank for pair pair22 = 1
average rank 6.66667e-01
timer:                               PNO::solve     6.25s     6.25s 

--------------------------------
ITERATE-PAIRS-INTERNAL-ENDED
--------------------------------
mp2_pair11 converged!mp2_pair21 converged!mp2_pair22 converged!


Adaptive Sovler:
 Current Energy=-1.0118390972e-01
 DeltaE        =-6.3359139201e-06
 max dE (pair) =-3.1679566252e-06 (2)
 all_pairs_conv=true




deltaE below threshold Macroiterations converged!

=======================================================

Final MP2 Energies

=======================================================
    i    j      singlet      triplet        Total
=======================================================
    1    1  -5.05920e-02  0.00000e+00 -5.05920e-02
    2    1   0.00000e+00  0.00000e+00  0.00000e+00
    2    2  -5.05920e-02  0.00000e+00 -5.05920e-02
=======================================================
Final MP2 Energies (singlet): -1.01184e-01
Final MP2 Energies (triplet):  0.00000e+00
Final MP2 Energies (total)  : -1.01184e-01
=======================================================
-------------------------------------------
Total Reg Energy  =-1.01184e-01
Total F12 Energy  = 0.00000e+00
Sum Energies Total=-1.01184e-01
-------------------------------------------
Average | Max Rank: 0 | 1



--------------------------------------------------
MRA-PNO-MP2-F12 ended 
--------------------------------------------------
                 time scf = 4.82968e+01
               energy scf = -1.53495e+01
--------------------------------------------------
restarting PNO to reload pairs that converged before and were frozen
PNO Parameters
pno
       rank_increase  15         # default   maximum rank to increase in every macroiteration
               chunk  100        # default   chunk of functions operated on in parallel when G or K is applied (prevent memory shortage)
               debug  false      # default   debug mode
              freeze  1          # derived   frozen core approximation
             maxrank  1          # defined   maximal pno rank for all pairs
           guesstype  exop       # derived   the guesstype: exop (recommended, multiply polynomial excitation operators onto the occupied orbitals), empty (don't compute a guess), scf (use the ao basis from the SCF solver), partial_wave (create s,p,d ..., type functions and place on atoms), predefined (same as partial_wave but for predefined sets)
                exop  multipole  # derived   this string defines which excitation operators can be used, use 'dipole', 'dipole+', 'quadrupole', 'ocopole', or 'multipole', need to set guesstype to 'exop' which is the default
          exop_trigo  true       # default   use trigonometric excitation operators ( x --> sin(x)
        partial_wave             # default   atom centered partial wave guess of format like 'h-2s1p-o-3s2p1d', need to set guesstype to 'partial_wave' and adaptive_solver to 'none'
          predefined             # default   predefined partial wave guesses of type pvxz with x=d,t,q,5,6, need to set guesstype to 'predefined' and adaptive_solver to 'none'
           maxiter_t  100        # default   maximal number of iterations in the amplitude solver
       maxiter_micro  10         # default   Maximum of iterations for every cycle in the adaptive solver
       maxiter_macro  10         # default   Maximum of iterations of cycles in the adaptive solver
                tpno  1.0000e-08 # default   PNO cutoff threshold
          tpno_tight  1.0000e-10 # derived   PNO cutoff for the first iteration
    canonicalize_pno  true       # default   canonicalize the pnos before the amplitude solver
              thresh  1.0000e-04 # defined   MRA threshold
         econv_micro  1.0000e-04 # derived   Energy convergence for microiterations (Greens function based optimization) in adaptive solver
         econv_pairs  1.0000e-05 # derived   ENergy convergence for individual pairs in adaptive solver. Converged pairs are frozen automatically
         econv_macro  1.0000e-04 # derived   Energy convergence for macroiterations in adaptive solver, no effect if adaptive_solver is deactivated
               dconv  1.0000e-01 # default   convergence of every PNO in the Green's function solver
           op_thresh  1.0000e-06 # default   MRA operator thresh
             restart  all        # defined   restart pairs of this type, use 'mp2', 'cispd', 'all' or 'none'
          no_compute  none       # default   do not compute the pairs of this type, use 'mp2', 'cispd', 'all' or 'none'
              no_opt  all        # defined   do not optimize the pnos of this type, use 'mp2', 'cispd', 'all' or 'none'
            no_guess  all        # defined   guess for this type will be empty, use 'mp2', 'cispd', 'all' or 'none'
     adaptive_solver  none       # defined   Use adaptive solver for those pairs, use 'mp2', 'cispd', 'all' or 'none', works only in combination with guesstype 'exop'
                kain  true       # default   use KAIN solver in amplitude solver
       kain_subspace  5          # default   subspace size of the KAIN solver (amplitudes)
                 f12  false      # defined   use explicit correlation
        cispd_number  -1         # default   CIS(D) excitation numbers, to read in correct functions
        cispd_energy  0.0000e+00 # default   CIS energy
        freeze_pairs  none       # default   frozen pairs will not be optimized: Expected format 'a b c d' will freeze pairs ab and cd
freeze_pairs_of_orbital  []         # default    All pairs which originate from this orbital will not be optimized
active_pairs_of_orbital  []         # default    All pairs which originate from this orbital will not be frozen all other pairs will, if this vector is not empty
no_opt_in_first_iteration  false      # default   Do not optimize in the first iteration (then the potentials do not have to be evaluated, use this for large guesses)
            exchange  full       # default   approximate exchange with 'neglect' or xc functional -> same syntax as moldft
           save_pnos  true       # default   Save the OBS-PNOs to a file, before and after orthonormalization.
            diagonal  true       # defined   Compute only diagonal PNOs

end

**********************
Solve PNO-MP2
*********************


**********************
Iterate Pairs
*********************


************************
Standard Solver
***********************

Initializing Pairs:
Restart demanded for mp2 pairs
loading vector of functions mp2_pair11
Found PNOs for mp2_pair11 with rank 1
loading vector of functions mp2_pair21
failed to find PNO mp2_pair21 initialize as zero function
nloading vector of functions mp2_pair22
Found PNOs for mp2_pair22 with rank 1
no guess was explicitly demanded for mp2

timer:                                     RRCD     0.01s     0.01s 
timer:                             MRA compress     0.00s     0.00s 
timer:                          Transform Pairs     0.00s     0.00s 
timer:          apply Q and orthonormalize PNOs     0.04s     0.04s 
Created Guess:
pair11 with 1 guess functions
pair21 with 0 guess functions
pair22 with 1 guess functions
guess pair11 size: 1.9831061363e-03 | 1.9831061363e-03 Gbyte (after truncation)
guess pair22 size: 1.9831061363e-03 | 1.9831061363e-03 Gbyte (after truncation)
timer:                           truncate guess     0.00s     0.00s 
timer:                         Initialize Pairs     0.05s     0.05s 
Information About All Pairs:
mp2_pair11           number=0 rank=  1 frozen=false
mp2_pair21           number=1 rank=  0 frozen=true
mp2_pair22           number=2 rank=  1 frozen=false
number of pairs=3
average rank   =0 (6.6666666667e-01)
largest rank   =1
SolveInternal: Parameters are assigned as
no_compute        = false
no_opt            = true
restart           = true
do_cispd          = false
econv             =1.0000000000e-04
maxrank (min,max) = (1,1)
Solving MP2 doubles
timer:          fock matrix     1.21s     1.21s
Information About All Pairs:
mp2_pair11           number=0 rank=  1 frozen=false
mp2_pair21           number=1 rank=  0 frozen=true
mp2_pair22           number=2 rank=  1 frozen=false
number of pairs=3
average rank   =0 (6.6666666667e-01)
largest rank   =1
PNOPairs Memory Information
Total: 0.0039662123 GB 
PNO  : 0.0039662123 GB 
KPNO : 0.0000000000 GB 
W    : 0.0000000000 GB 

timer:                                 truncate     0.00s     0.00s 
wall time=85.1201009750 chunk=2 allK.size()=2 memory=0.0039662123 GB
timer:                             compute KPNO     1.11s     1.11s 
wall time=85.1327500343 chunk=2 allJ.size()=2 memory=0.0042933226 GB
timer:                             compute JPNO     0.01s     0.01s 
timer:                    compute Fock matrices     0.22s     0.22s 
timer:                             MRA compress     0.00s     0.00s 
timer:                          Transform Pairs     0.00s     0.00s 
timer:                             Canonicalize     0.01s     0.01s 
PNOPairs Memory Information
Total: 0.0079324245 GB 
PNO  : 0.0039662123 GB 
KPNO : 0.0039662123 GB 
W    : 0.0000000000 GB 

timer:                                 truncate     0.00s     0.00s 
mp2_pair21 is frozen: potential not computed
timer:                   Fluctuation Potentials     0.59s     0.59s 
timer:                       Fluctuation Matrix     0.03s     0.03s 
PNOPairs Memory Information
Total: 0.0135750771 GB 
PNO  : 0.0039662123 GB 
KPNO : 0.0039662123 GB 
W    : 0.0056426525 GB 

PNOPairs Memory Information
Total: 0.0135750771 GB 
PNO  : 0.0039662123 GB 
KPNO : 0.0039662123 GB 
W    : 0.0056426525 GB 

timer:                                 truncate     0.00s     0.00s 
timer:                             PNO Overlaps     0.03s     0.03s 
t_iter =  0  Hylleraas energy =  0.0000000000  ||R||_F =  0.1791806406  conv =  no
subspace solution [*]   1.00000000

t_iter =  1  Hylleraas energy =  -0.1011902136  ||R||_F =  0.0000000000  conv =  yes
=======================================================

Hylleraas MP2 Energies

=======================================================
    i    j      singlet      triplet        Total
=======================================================
    1    1  -5.05951e-02  0.00000e+00 -5.05951e-02
    2    1   0.00000e+00  0.00000e+00  0.00000e+00
    2    2  -5.05951e-02  0.00000e+00 -5.05951e-02
=======================================================
Hylleraas MP2 Energies (singlet): -1.01190e-01
Hylleraas MP2 Energies (triplet):  0.00000e+00
Hylleraas MP2 Energies (total)  : -1.01190e-01
=======================================================
-------------------------------------------
Total Reg Energy  =-1.01190e-01
Total F12 Energy  = 0.00000e+00
Sum Energies Total=-1.01190e-01
-------------------------------------------
timer:                         Solve Amplitudes     0.00s     0.00s 
No optimization untill now: Compressing pno ranks with tighter threshold
1.00000e-10 instead of 1.00000e-08
pair11: density evals:
 [*]   0.31892961

pair22: density evals:
 [*]   0.31892963

timer:                            compress PNOs     0.00s     0.00s 
timer:                             MRA compress     0.00s     0.00s 
timer:                          Transform Pairs     0.01s     0.01s 
timer:                          PNO Compression     0.01s     0.01s 
Information About All Pairs:
mp2_pair11           number=0 rank=  1 frozen=false
mp2_pair21           number=1 rank=  0 frozen=true
mp2_pair22           number=2 rank=  1 frozen=false
number of pairs=3
average rank   =0 (6.66667e-01)
largest rank   =1
saving vector of functions mp2_pair11
saving vector of functions mp2_pair22
timer:                        save pnos on disc     0.01s     0.01s 
exiting: Found no_opt keyword
PNO ranks:
PNO Rank for pair pair11 = 1
PNO Rank for pair pair21 = 0
PNO Rank for pair pair22 = 1
average rank 6.66667e-01
timer:                               PNO::solve     3.23s     3.23s 

--------------------------------
ITERATE-PAIRS-INTERNAL-ENDED
--------------------------------
=======================================================

Final MP2 Energies

=======================================================
    i    j      singlet      triplet        Total
=======================================================
    1    1  -5.05951e-02  0.00000e+00 -5.05951e-02
    2    1   0.00000e+00  0.00000e+00  0.00000e+00
    2    2  -5.05951e-02  0.00000e+00 -5.05951e-02
=======================================================
Final MP2 Energies (singlet): -1.01190e-01
Final MP2 Energies (triplet):  0.00000e+00
Final MP2 Energies (total)  : -1.01190e-01
=======================================================
-------------------------------------------
Total Reg Energy  =-1.01190e-01
Total F12 Energy  = 0.00000e+00
Sum Energies Total=-1.01190e-01
-------------------------------------------
Average | Max Rank: 0 | 1
                 time pno = 3.41619e+01
               energy mp2 = -1.01190e-01
     average pno rank mp2 = 0
         max pno rank mp2 = 1
--------------------------------------------------
            energy(total) = -1.54507e+01
--------------------------------------------------



Orthonormalization technique used: symmetric
No CABS used.
Tightening thresholds to +0.00010000 for post-processing
Overlap Matrix of all PNOs:
+1.00002047 +0.95185781 
+0.95185781 +1.00002047 
Before cherry pick
rank is +0
all used occupation numbers:
[+0.31892963 +0.31892961 ]
corresponding to active pairs:
[(1,1) (0,0) ]
After cherry pick
all used occupation numbers:
[+0.31892963 +0.31892961 ]
corresponding to active pairs:
[(1,1) (0,0) ]
Overlap Matrix before symmetric
[+0,*]  +1.00002047  +0.95185781
[+1,*]  +0.95185781  +1.00002047
Overlap Matrix after symmetric
[+0,*]  +1.00000007  -0.00000008
[+1,*]  -0.00000008  +1.00000007
Adding 3 HF orbitals
Size before adding CABS: 5.
Size after adding CABS: 5.
Compute G and F Tensor:
Assemble g,f using symmetries...
non zero elements:
 g : +1185
 h : +25
Overlap over whole basis
[+0,*]  +1.00000000  -0.00000039  -0.00000039  -0.00005110  -0.00005110
[+1,*]  -0.00000039  +1.00000000  +0.00000003  -0.00000803  -0.00001675
[+2,*]  -0.00000039  +0.00000003  +1.00000000  -0.00001675  -0.00000803
[+3,*]  -0.00005110  -0.00000803  -0.00001675  +1.00000007  -0.00000008
[+4,*]  -0.00005110  -0.00001675  -0.00000803  -0.00000008  +1.00000007

||S-1||=+0.00010874
finished at time 95.0

    Parallel environment
    --------------------
                  #nodes    1
       #threads per node    7+main = 8
          #total threads    8

  RMI message statistics (min / avg / max)
  ----------------------
   #messages in server q    0.00e+00 / 0.00e+00 / 0.00e+00
 #messages sent per node    0.00e+00 / 0.00e+00 / 0.00e+00
    #bytes sent per node    0.00e+00 / 0.00e+00 / 0.00e+00
 #messages recv per node    0.00e+00 / 0.00e+00 / 0.00e+00
    #bytes recv per node    0.00e+00 / 0.00e+00 / 0.00e+00
        #msgs systemwide    0.00e+00
       #bytes systemwide    0.00e+00

  Thread pool statistics (min / avg / max)
  ----------------------
         #tasks per node    1.62e+07 / 1.62e+07 / 1.62e+07
     #max q len per node    1.08e+04 / 1.08e+04 / 1.08e+04
  #hi-pri tasks per node    5.17e+06 / 5.17e+06 / 5.17e+06

         Total wall time    95.0s
         Total  cpu time    95.0s

