MADNESS runtime initialized with 7 threads in the pool and affinity -1 -1 -1
starting at time 0.1

--------------------------------------------
   MADNESS 0.10.1 multiresolution suite
--------------------------------------------

   number of processors ... 1
    processor frequency ... 1.799985e+09
            host system ... Linux
          configured by ... jsk
          configured on ... alandro
          configured at ... 2020-11-12T18:06:49
                    CXX ... /usr/bin/c++
               CXXFLAGS ... -O3 -DNDEBUG -march=native -I/home/jsk/install/numcpp/include/ -I/home/jsk/install/boost/boost_1_69_0/include -std=c++17
             tuning for ... default
                    MPI ... multiple
 multi-threaded runtime ... MADNESS ThreadPool
                   BLAS ... Intel MKL 25504 25504 MFLOP/s
               compiled ... 18:11:36  on  Nov 12 2020


-------------------------------------------------------------------------------------
SOLVING MRA-PNO-F12 as described in 
J.S. Kottmann, F.A. Bischoff, E.F. Valeev
Direct determination of optimal pair-natural orbitals in a real-space representation:
the second-order Møller-Plesset energy
Journal of Chemical Physics ... 2020
-------------------------------------------------------------------------------------


This script will run PNO-MP2 and print out tensors in binary
Call as: pno_integrals inputfileinput is input
ignoring unknown parameter in input file:  ncf

Angstrom being used to read input coordinates (1 Bohr = 1.88972613 Angstrom)


Asymptotic correction parameters
---------------------------------------
Atom vector is not empty: false
Using multipole approximation: false
Number of electrons = -1
Ionisation energy = 0.000000e+00
E(HOMO) = 0.000000e+00
R1 = 3.000000e+00
R2 = 4.000000e+00
DFT coefficient = 0.000000e+00
Interpolation scheme = linear
constructed symmetry operator for point group C1
dft
              charge  0.0000e+00 # defined   total molecular charge
                  xc  hf         # defined   XC input line
               smear  0.0000e+00 # default   smearing parameter
               econv  1.0000e-04 # defined   energy convergence
               dconv  5.0000e-04 # defined   density convergence
convergence_criteria  [bsh_residual, total_energy] # default   possible values are: bsh_residual, total_energy, each_energy, density
                   k  7          # defined   polynomial order
                   l  5.6047e+01 # derived   user coordinates box size
               deriv  abgv       # default   derivative method                            [abgv, bspline, ble]
           dft_deriv  abgv       # default   derivative method for gga potentials         [abgv, bspline, ble]
             maxrotn  2.5000e-01 # default   step restriction used in autoshift algorithm
             nvalpha  0          # default   number of alpha virtuals to compute
              nvbeta  0          # default   number of beta virtuals to compute
               nopen  0          # default   number of unpaired electrons = nalpha-nbeta
             maxiter  25         # default   maximum number of iterations
                 nio  1          # default   no. of io servers to use
     spin_restricted  true       # default   true if spin restricted
              plotlo  0          # default   range of MOs to print (for both spins if polarized
              plothi  -1         # default   range of MOs to print (for both spins if polarized
            plotdens  false      # default   If true print the density at convergence
            plotcoul  false      # default   If true plot the total coulomb potential at convergence
            localize  boys       # defined   localization method                          [pm, boys, new, canon]
          pointgroup  c1         # derived   use point (sub) group symmetry if not localized[c1, c2, ci, cs, c2v, c2h, d2, d2h]
             restart  false      # default   if true restart from orbitals on disk
           restartao  false      # default   if true restart from orbitals projected into AO basis (STO3G) on disk
          no_compute  false      # default   if true use orbitals on disk, set value to computed
           no_orient  false      # default   if true the molecule coordinates will not be reoriented
                save  true       # default   if true save orbitals to disk
              maxsub  10         # default   size of iterative subspace ... set to 0 or 1 to disable
        orbitalshift  0.0000e+00 # default   scf orbital shift: shift the occ orbitals to lower energies
            npt_plot  101        # default   no. of points to use in each dim for plots
           plot_cell  []         # default   lo hi in each dimension for plotting (default is all space)
             aobasis  6-31g      # derived   AO basis used for initial guess (6-31g or sto-3g)
           core_type  none       # default   core potential type                          [none, mpc]
         derivatives  false      # default   if true calculate nuclear derivatives
              dipole  false      # default   if true calculate dipole moment
      conv_only_dens  false      # default   if true remove bsh_residual from convergence criteria (deprecated)
            psp_calc  false      # default   pseudopotential calculation for all atoms
 print_dipole_matels  false      # default   if true output dipole matrix elements
            pcm_data  none       # default   do a PCM (solvent) calculation
             ac_data  none       # default   do a calculation with asymptotic correction (see ACParameters class in chem/AC.h for details)
             pure_ae  true       # default   pure all electron calculation with no pseudo-atoms
         print_level  3          # default   0: no output; 1: final energy; 2: iterations; 3: timings; 10: debug
              nalpha  3          # derived   number of alpha spin electrons
               nbeta  3          # derived   number of beta  spin electrons
           nmo_alpha  3          # derived   number of alpha spin molecular orbitals
            nmo_beta  3          # derived   number of beta spin molecular orbitals
                  lo  9.0905e-04 # derived   smallest length scale we need to resolve
            protocol  [1.0000e-04, 1.0000e-06] # derived   calculation protocol
                gopt  false      # default   geometry optimizer
                gtol  1.0000e-04 # default   geometry tolerance
               gtest  false      # default   geometry tolerance
                gval  1.0000e-05 # default   value precision
               gprec  1.0000e-04 # default   gradient precision
            gmaxiter  20         # default   optimization maxiter
    ginitial_hessian  false      # default   compute inital hessian for optimization
              algopt  bfgs       # default   algorithm used for optimization              [bfgs, cg]
            tdksprop  false      # default   time-dependent Kohn-Sham equation propagate
           nv_factor  1          # default   factor to multiply number of virtual orbitals with when automatically decreasing nvirt
           vnucextra  2          # default   load balance parameter for nuclear pot
        loadbalparts  2          # default   ??
            response  false      # default   response function calculation
       response_freq  0.0000e+00 # default   frequency for calculation response function
       response_axis  [1, 1, 1]  # default   response axis
           nonrotate  false      # default   if true do not molcule orient (redundant with no_orient
               rconv  1.0000e-06 # default   Response convergence
              efield  0.0000e+00 # default   eps for finite field
         efield_axis  0          # default   finite field axis                            [0, 1, 2]
              nwfile  none       # default   Base name of nwchem output files (.out and .movecs extensions) to read from
                 ncf  (none,1.0000e+00) # defined   nuclear correlation factor
             hessian  false      # default   compute the hessian matrix
           read_cphf  false      # default   read the converged orbital response for nuclear displacements from file
        restart_cphf  false      # default   read the guess orbital response for nuclear displacements from file
      purify_hessian  false      # default   symmetrize the hessian matrix based on atomic charges

end
              charge  0.0000e+00 # defined   total molecular charge
                  xc  hf         # defined   XC input line
               smear  0.0000e+00 # default   smearing parameter
               econv  1.0000e-04 # defined   energy convergence
               dconv  5.0000e-04 # defined   density convergence
convergence_criteria  [bsh_residual, total_energy] # default   possible values are: bsh_residual, total_energy, each_energy, density
                   k  7          # defined   polynomial order
                   l  5.6047e+01 # derived   user coordinates box size
               deriv  abgv       # default   derivative method                            [abgv, bspline, ble]
           dft_deriv  abgv       # default   derivative method for gga potentials         [abgv, bspline, ble]
             maxrotn  2.5000e-01 # default   step restriction used in autoshift algorithm
             nvalpha  0          # default   number of alpha virtuals to compute
              nvbeta  0          # default   number of beta virtuals to compute
               nopen  0          # default   number of unpaired electrons = nalpha-nbeta
             maxiter  25         # default   maximum number of iterations
                 nio  1          # default   no. of io servers to use
     spin_restricted  true       # default   true if spin restricted
              plotlo  0          # default   range of MOs to print (for both spins if polarized
              plothi  -1         # default   range of MOs to print (for both spins if polarized
            plotdens  false      # default   If true print the density at convergence
            plotcoul  false      # default   If true plot the total coulomb potential at convergence
            localize  boys       # defined   localization method                          [pm, boys, new, canon]
          pointgroup  c1         # derived   use point (sub) group symmetry if not localized[c1, c2, ci, cs, c2v, c2h, d2, d2h]
             restart  false      # default   if true restart from orbitals on disk
           restartao  false      # default   if true restart from orbitals projected into AO basis (STO3G) on disk
          no_compute  false      # default   if true use orbitals on disk, set value to computed
           no_orient  false      # default   if true the molecule coordinates will not be reoriented
                save  true       # default   if true save orbitals to disk
              maxsub  10         # default   size of iterative subspace ... set to 0 or 1 to disable
        orbitalshift  0.0000e+00 # default   scf orbital shift: shift the occ orbitals to lower energies
            npt_plot  101        # default   no. of points to use in each dim for plots
           plot_cell  []         # default   lo hi in each dimension for plotting (default is all space)
             aobasis  6-31g      # derived   AO basis used for initial guess (6-31g or sto-3g)
           core_type  none       # default   core potential type                          [none, mpc]
         derivatives  false      # default   if true calculate nuclear derivatives
              dipole  false      # default   if true calculate dipole moment
      conv_only_dens  false      # default   if true remove bsh_residual from convergence criteria (deprecated)
            psp_calc  false      # default   pseudopotential calculation for all atoms
 print_dipole_matels  false      # default   if true output dipole matrix elements
            pcm_data  none       # default   do a PCM (solvent) calculation
             ac_data  none       # default   do a calculation with asymptotic correction (see ACParameters class in chem/AC.h for details)
             pure_ae  true       # default   pure all electron calculation with no pseudo-atoms
         print_level  3          # default   0: no output; 1: final energy; 2: iterations; 3: timings; 10: debug
              nalpha  3          # derived   number of alpha spin electrons
               nbeta  3          # derived   number of beta  spin electrons
           nmo_alpha  3          # derived   number of alpha spin molecular orbitals
            nmo_beta  3          # derived   number of beta spin molecular orbitals
                  lo  9.0905e-04 # derived   smallest length scale we need to resolve
            protocol  [1.0000e-04, 1.0000e-06] # derived   calculation protocol
                gopt  false      # default   geometry optimizer
                gtol  1.0000e-04 # default   geometry tolerance
               gtest  false      # default   geometry tolerance
                gval  1.0000e-05 # default   value precision
               gprec  1.0000e-04 # default   gradient precision
            gmaxiter  20         # default   optimization maxiter
    ginitial_hessian  false      # default   compute inital hessian for optimization
              algopt  bfgs       # default   algorithm used for optimization              [bfgs, cg]
            tdksprop  false      # default   time-dependent Kohn-Sham equation propagate
           nv_factor  1          # default   factor to multiply number of virtual orbitals with when automatically decreasing nvirt
           vnucextra  2          # default   load balance parameter for nuclear pot
        loadbalparts  2          # default   ??
            response  false      # default   response function calculation
       response_freq  0.0000e+00 # default   frequency for calculation response function
       response_axis  [1, 1, 1]  # default   response axis
           nonrotate  false      # default   if true do not molcule orient (redundant with no_orient
               rconv  1.0000e-06 # default   Response convergence
              efield  0.0000e+00 # default   eps for finite field
         efield_axis  0          # default   finite field axis                            [0, 1, 2]
              nwfile  none       # default   Base name of nwchem output files (.out and .movecs extensions) to read from



 geometry
   eprec 1.0e-06
   units atomic
   Be            0.00000000           0.00000000           0.00000000
   H             0.00000000           0.00000000           6.04712363
   H             0.00000000           0.00000000          -6.04712363
 end

Solving NDIM= 3  with thresh 1.000000e-04     k 7    conv 5.000000e-04 

timer:     Project vnuclear     0.28s     0.28s
constructed nuclear correlation factor of the form
    R   =  1.000000e+00
with eprec  1.000000e-06
which means it's (nearly) a conventional calculation

timer:        reproject ncf     1.08s     1.08s
timer:        guess density     0.40s     0.40s
timer:   guess Coulomb potn     0.42s     0.42s
timer:       guess lda potn     0.09s     0.09s
timer:        guess overlap     0.01s     0.01s
timer:    KEmat reconstruct     0.03s     0.03s
timer:  KEmat differentiate     0.16s     0.16s
timer:       KEmat compress     0.05s     0.05s
timer: KEmat inner products     0.04s     0.04s
timer:     guess Kinet potn     0.29s     0.29s
timer:           guess fock     0.17s     0.17s
timer:      guess eigen sol     0.04s     0.04s
timer: guess orbital groupi     0.01s     0.01s

starting protocol at time      3.8s 
precision steps  1.000000e-04  -->  1.000000e-04
protocol: thresh 1.000000e-04 econv  1.000000e-04 dconv 5.000000e-04

ending protocol at time      3.8s 

Solving NDIM= 3  with thresh 1.000000e-04     k 7    conv 5.000000e-04 

timer:        Boys localize     0.19s     0.19s
orbital irreps []
timer:      reconstruct psi     0.03s     0.03s
timer:        compute Jnemo     0.35s     0.35s
timer:        compute Knemo     1.51s     1.51s
timer: compute Unemo 0.0151     0.06s     0.06s

  nuclear and kinetic     -22.06013549
         kinetic only      15.11755567
              coulomb       8.55557123
             exchange      -3.17992516
    nuclear-repulsion       1.40562696
   regularized energy     -15.27886247
  buggy if hybrid functionals are used..
timer:       compute energy     0.75s     0.75s
Norm of vector changes ab spin case : rms 1.503935e-01    max 1.839025e-01
convergence: bshresidual, energy change, max energy change, density change 1.8e-01 1.5e+01 1.5e+01 1.4e+00
finished iteration  0 at time      8.4s with energy  -15.27886247
timer:        Boys localize     0.21s     0.21s
orbital irreps []
timer:      reconstruct psi     0.03s     0.03s
timer:        compute Jnemo     0.31s     0.31s
timer:        compute Knemo     1.49s     1.49s
timer: compute Unemo 0.0149     0.06s     0.06s

  nuclear and kinetic     -22.28621498
         kinetic only      14.93759239
              coulomb       8.53221873
             exchange      -3.04231200
    nuclear-repulsion       1.40562696
   regularized energy     -15.39068130
  buggy if hybrid functionals are used..
timer:       compute energy     0.71s     0.71s
Norm of vector changes ab spin case : rms 6.473280e-02    max 7.921816e-02
convergence: bshresidual, energy change, max energy change, density change 4.8e-02 1.1e-01 2.3e-01 2.1e-02
finished iteration  1 at time     12.7s with energy  -15.39068130
timer:        Boys localize     0.22s     0.22s
orbital irreps []
timer:      reconstruct psi     0.03s     0.03s
timer:        compute Jnemo     0.31s     0.31s
timer:        compute Knemo     1.55s     1.55s
timer: compute Unemo 0.0149     0.06s     0.06s

  nuclear and kinetic     -22.45097121
         kinetic only      14.96736369
              coulomb       8.64805178
             exchange      -3.01094657
    nuclear-repulsion       1.40562696
   regularized energy     -15.40823904
  buggy if hybrid functionals are used..
timer:       compute energy     0.73s     0.73s
Norm of vector changes ab spin case : rms 2.424496e-02    max 2.968729e-02
convergence: bshresidual, energy change, max energy change, density change 1.4e-02 1.8e-02 1.6e-01 7.3e-03
finished iteration  2 at time     17.2s with energy  -15.40823904
timer:        Boys localize     0.21s     0.21s
orbital irreps []
timer:      reconstruct psi     0.03s     0.03s
timer:        compute Jnemo     0.31s     0.31s
timer:        compute Knemo     1.56s     1.56s
timer: compute Unemo 0.0147     0.06s     0.06s

  nuclear and kinetic     -22.52648747
         kinetic only      14.99362491
              coulomb       8.71489051
             exchange      -3.00497948
    nuclear-repulsion       1.40562696
   regularized energy     -15.41094948
  buggy if hybrid functionals are used..
timer:       compute energy     0.72s     0.72s
Norm of vector changes ab spin case : rms 1.205564e-02    max 1.475454e-02
convergence: bshresidual, energy change, max energy change, density change 5.3e-03 2.7e-03 7.6e-02 2.3e-03
finished iteration  3 at time     21.7s with energy  -15.41094948
timer:        Boys localize     0.28s     0.28s
orbital irreps []
timer:      reconstruct psi     0.09s     0.09s
timer:        compute Jnemo     0.38s     0.38s
timer:        compute Knemo     1.57s     1.57s
timer: compute Unemo 0.0149     0.06s     0.06s

  nuclear and kinetic     -22.55470454
         kinetic only      15.00333035
              coulomb       8.74093415
             exchange      -3.00324849
    nuclear-repulsion       1.40562696
   regularized energy     -15.41139192
  buggy if hybrid functionals are used..
timer:       compute energy     0.72s     0.72s
Norm of vector changes ab spin case : rms 2.715485e-03    max 3.325340e-03
convergence: bshresidual, energy change, max energy change, density change 1.3e-03 4.4e-04 2.8e-02 2.6e-04
finished iteration  4 at time     26.6s with energy  -15.41139192
timer:        Boys localize     0.21s     0.21s
orbital irreps []
timer:      reconstruct psi     0.03s     0.03s
timer:        compute Jnemo     0.31s     0.31s
timer:        compute Knemo     1.59s     1.59s
timer: compute Unemo 0.0149     0.06s     0.06s

  nuclear and kinetic     -22.55740420
         kinetic only      15.00403175
              coulomb       8.74302688
             exchange      -3.00265662
    nuclear-repulsion       1.40562696
   regularized energy     -15.41140697
  buggy if hybrid functionals are used..
timer:       compute energy     0.72s     0.72s
Norm of vector changes ab spin case : rms 1.690609e-03    max 2.070090e-03
convergence: bshresidual, energy change, max energy change, density change 5.5e-04 1.5e-05 2.7e-03 2.5e-04
finished iteration  5 at time     31.3s with energy  -15.41140697
timer:        Boys localize     0.23s     0.23s
orbital irreps []
timer:      reconstruct psi     0.03s     0.03s
timer:        compute Jnemo     0.31s     0.31s
timer:        compute Knemo     1.58s     1.58s
timer: compute Unemo 0.0149     0.06s     0.06s

  nuclear and kinetic     -22.55621191
         kinetic only      15.00477817
              coulomb       8.74185627
             exchange      -3.00268301
    nuclear-repulsion       1.40562696
   regularized energy     -15.41141168
  buggy if hybrid functionals are used..
timer:       compute energy     0.76s     0.76s
Norm of vector changes ab spin case : rms 1.022058e-03    max 1.251163e-03
convergence: bshresidual, energy change, max energy change, density change 3.6e-04 4.7e-06 1.2e-03 1.8e-04
finished iteration  6 at time     35.9s with energy  -15.41141168

Iterations converged


ending protocol at time     35.9s 

 Dipole Moment (a.u.)
 -----------

     x:  -1.658687e-13
     y:  -5.301250e-14
     z:  -6.875976e-07
 Total Dipole Moment:  6.875976e-07 

timer:               dipole     0.00s     0.00s
Nemo Orbital Energies: [*]  -4.88412436  -0.32740416  -0.32740417

nemo energy:  -1.541141e+01
 at time 36.1
PNO Integrals evaluated as:
pnoint
       rank_increase  15         # default   maximum rank to increase in every macroiteration
               chunk  100        # default   chunk of functions operated on in parallel when G or K is applied (prevent memory shortage)
               debug  false      # default   debug mode
              freeze  1          # derived   frozen core approximation
             maxrank  1          # defined   maximal pno rank for all pairs
           guesstype  exop       # derived   the guesstype: exop (recommended, multiply polynomial excitation operators onto the occupied orbitals), empty (don't compute a guess), scf (use the ao basis from the SCF solver), partial_wave (create s,p,d ..., type functions and place on atoms), predefined (same as partial_wave but for predefined sets)
                exop  multipole  # derived   this string defines which excitation operators can be used, use 'dipole', 'dipole+', 'quadrupole', 'ocopole', or 'multipole', need to set guesstype to 'exop' which is the default
          exop_trigo  true       # default   use trigonometric excitation operators ( x --> sin(x)
        partial_wave             # default   atom centered partial wave guess of format like 'h-2s1p-o-3s2p1d', need to set guesstype to 'partial_wave' and adaptive_solver to 'none'
          predefined             # default   predefined partial wave guesses of type pvxz with x=d,t,q,5,6, need to set guesstype to 'predefined' and adaptive_solver to 'none'
           maxiter_t  100        # default   maximal number of iterations in the amplitude solver
       maxiter_micro  10         # default   Maximum of iterations for every cycle in the adaptive solver
       maxiter_macro  10         # default   Maximum of iterations of cycles in the adaptive solver
                tpno  1.0000e-08 # default   PNO cutoff threshold
          tpno_tight  1.0000e-10 # derived   PNO cutoff for the first iteration
    canonicalize_pno  true       # default   canonicalize the pnos before the amplitude solver
              thresh  1.0000e-04 # defined   MRA threshold
         econv_micro  1.0000e-04 # derived   Energy convergence for microiterations (Greens function based optimization) in adaptive solver
         econv_pairs  1.0000e-05 # derived   ENergy convergence for individual pairs in adaptive solver. Converged pairs are frozen automatically
         econv_macro  1.0000e-04 # derived   Energy convergence for macroiterations in adaptive solver, no effect if adaptive_solver is deactivated
               dconv  1.0000e-01 # default   convergence of every PNO in the Green's function solver
           op_thresh  1.0000e-06 # default   MRA operator thresh
             restart  none       # derived   restart pairs of this type, use 'mp2', 'cispd', 'all' or 'none'
          no_compute  none       # default   do not compute the pairs of this type, use 'mp2', 'cispd', 'all' or 'none'
              no_opt  none       # default   do not optimize the pnos of this type, use 'mp2', 'cispd', 'all' or 'none'
            no_guess  none       # derived   guess for this type will be empty, use 'mp2', 'cispd', 'all' or 'none'
     adaptive_solver  all        # default   Use adaptive solver for those pairs, use 'mp2', 'cispd', 'all' or 'none', works only in combination with guesstype 'exop'
                kain  true       # default   use KAIN solver in amplitude solver
       kain_subspace  5          # default   subspace size of the KAIN solver (amplitudes)
                 f12  false      # defined   use explicit correlation
        cispd_number  -1         # default   CIS(D) excitation numbers, to read in correct functions
        cispd_energy  0.0000e+00 # default   CIS energy
        freeze_pairs  none       # default   frozen pairs will not be optimized: Expected format 'a b c d' will freeze pairs ab and cd
freeze_pairs_of_orbital  []         # default    All pairs which originate from this orbital will not be optimized
active_pairs_of_orbital  []         # default    All pairs which originate from this orbital will not be frozen all other pairs will, if this vector is not empty
no_opt_in_first_iteration  false      # default   Do not optimize in the first iteration (then the potentials do not have to be evaluated, use this for large guesses)
            exchange  full       # default   approximate exchange with 'neglect' or xc functional -> same syntax as moldft
           save_pnos  true       # default   Save the OBS-PNOs to a file, before and after orthonormalization.
            diagonal  true       # defined   Compute only diagonal PNOs
              orthog  symmetric  # defined   orthogonalization method for PNO basis, also current default for a potential CABS. options: symmetric, canonical, cholesky, rr_cholesky,
         orthog_cabs  default    # default   orthogonalization method for CABS basis. options: symmetric, canonical, cholesky, rr_cholesky, uses same as orbitals basis if default.
               n_pno  2          # defined   desired size of PNO-basis (orbital space)
         cabs_option  none       # default   type of complementary auxiliary basis to be used. can be none ~ no CABS, gbs ~ Gaussian basis set as CABS, requires input via auxbas_file, pno ~ use superfluous PNOs as CABS, mixed ~ gbs&pno-option
       pno_cabs_size  -1         # default   size of a potential pno-cabs. defaults to -1 ~ all remaining PNOs, if pno-cabs or mixed-cabs
           only_diag  false      # default   use only diagonal elements PNOs
         cherry_pick  []         # default   cherry pick option to choose particular set of PNOs, not just blindly by occupation number. can be useful, if only a restricted number of PNOs can be used, to avoid separating degenerate pairs. can be envoked by passing a vector via [ elem1, elem2, ... ]
               gamma  1.4000e+00 # default   The f12 length scale, here to be used to compute f12-integrals
         cabs_thresh  1.0000e-04 # derived    thresh for cabs part
              auxbas  none       # default   atom centered partial wave guess of format like 'h-2s1p-o-3s2p1d'
         auxbas_file  none       # default   Use external comp. aux. basis in addition to the pnos as auxbasis. Give the filename as parameter. Give the auxbas in turbomole format. Don't use contractions. If a file is specified the auxbas parameter has no effect
   print_pno_overlap  true       # default   Print overlap matrix at certain steps in computation, for debugging purposes.
              n_virt  0          # defined   Compute this number of virtuals and include them in the integral construction, experimental and not robust!.
      hardcore_boson  false      # default   compute only integrals for hardcore boson hamiltonian (restricted to double occupations)

end
F12 Operators initialized right
timer:                    Testing F12 Operators     0.34s     0.34s 
timer:  Initializing (active) Exchange Orbitals     0.95s     0.95s 
Size of active mos and their exchange potentials:
K(acmos)=3.639102e-03 Gbyte
acmos   =2.903104e-03 Gbyte
PNO Parameters
pno
       rank_increase  15         # default   maximum rank to increase in every macroiteration
               chunk  100        # default   chunk of functions operated on in parallel when G or K is applied (prevent memory shortage)
               debug  false      # default   debug mode
              freeze  1          # derived   frozen core approximation
             maxrank  1          # defined   maximal pno rank for all pairs
           guesstype  exop       # derived   the guesstype: exop (recommended, multiply polynomial excitation operators onto the occupied orbitals), empty (don't compute a guess), scf (use the ao basis from the SCF solver), partial_wave (create s,p,d ..., type functions and place on atoms), predefined (same as partial_wave but for predefined sets)
                exop  multipole  # derived   this string defines which excitation operators can be used, use 'dipole', 'dipole+', 'quadrupole', 'ocopole', or 'multipole', need to set guesstype to 'exop' which is the default
          exop_trigo  true       # default   use trigonometric excitation operators ( x --> sin(x)
        partial_wave             # default   atom centered partial wave guess of format like 'h-2s1p-o-3s2p1d', need to set guesstype to 'partial_wave' and adaptive_solver to 'none'
          predefined             # default   predefined partial wave guesses of type pvxz with x=d,t,q,5,6, need to set guesstype to 'predefined' and adaptive_solver to 'none'
           maxiter_t  100        # default   maximal number of iterations in the amplitude solver
       maxiter_micro  10         # default   Maximum of iterations for every cycle in the adaptive solver
       maxiter_macro  10         # default   Maximum of iterations of cycles in the adaptive solver
                tpno  1.0000e-08 # default   PNO cutoff threshold
          tpno_tight  1.0000e-10 # derived   PNO cutoff for the first iteration
    canonicalize_pno  true       # default   canonicalize the pnos before the amplitude solver
              thresh  1.0000e-04 # defined   MRA threshold
         econv_micro  1.0000e-04 # derived   Energy convergence for microiterations (Greens function based optimization) in adaptive solver
         econv_pairs  1.0000e-05 # derived   ENergy convergence for individual pairs in adaptive solver. Converged pairs are frozen automatically
         econv_macro  1.0000e-04 # derived   Energy convergence for macroiterations in adaptive solver, no effect if adaptive_solver is deactivated
               dconv  1.0000e-01 # default   convergence of every PNO in the Green's function solver
           op_thresh  1.0000e-06 # default   MRA operator thresh
             restart  none       # derived   restart pairs of this type, use 'mp2', 'cispd', 'all' or 'none'
          no_compute  none       # default   do not compute the pairs of this type, use 'mp2', 'cispd', 'all' or 'none'
              no_opt  none       # default   do not optimize the pnos of this type, use 'mp2', 'cispd', 'all' or 'none'
            no_guess  none       # derived   guess for this type will be empty, use 'mp2', 'cispd', 'all' or 'none'
     adaptive_solver  all        # default   Use adaptive solver for those pairs, use 'mp2', 'cispd', 'all' or 'none', works only in combination with guesstype 'exop'
                kain  true       # default   use KAIN solver in amplitude solver
       kain_subspace  5          # default   subspace size of the KAIN solver (amplitudes)
                 f12  false      # defined   use explicit correlation
        cispd_number  -1         # default   CIS(D) excitation numbers, to read in correct functions
        cispd_energy  0.0000e+00 # default   CIS energy
        freeze_pairs  none       # default   frozen pairs will not be optimized: Expected format 'a b c d' will freeze pairs ab and cd
freeze_pairs_of_orbital  []         # default    All pairs which originate from this orbital will not be optimized
active_pairs_of_orbital  []         # default    All pairs which originate from this orbital will not be frozen all other pairs will, if this vector is not empty
no_opt_in_first_iteration  false      # default   Do not optimize in the first iteration (then the potentials do not have to be evaluated, use this for large guesses)
            exchange  full       # default   approximate exchange with 'neglect' or xc functional -> same syntax as moldft
           save_pnos  true       # default   Save the OBS-PNOs to a file, before and after orthonormalization.
            diagonal  true       # defined   Compute only diagonal PNOs

end

**********************
Solve PNO-MP2
*********************


**********************
Iterate Pairs
*********************


************************
Adaptive Solver
***********************

Initializing empty Pairs:
no guess was explicitly demanded for mp2

timer:                                     RRCD     0.00s     0.00s 
timer:                             MRA compress     0.00s     0.00s 
timer:                          Transform Pairs     0.00s     0.00s 
timer:          apply Q and orthonormalize PNOs     0.00s     0.00s 
Created Guess:
pair11 with 0 guess functions
pair21 with 0 guess functions
pair22 with 0 guess functions
guess pair11 size: 0.0000000000e+00 | 0.0000000000e+00 Gbyte (after truncation)
guess pair22 size: 0.0000000000e+00 | 0.0000000000e+00 Gbyte (after truncation)
timer:                           truncate guess     0.00s     0.00s 
timer:                         Initialize Pairs     0.00s     0.00s 
Keyword multipole is not known
Guess protocol for adaptively growing ranks is: [dipole+, quadrupole, big_fock_3, big_fock_3, big_fock_3, big_fock_3, big_fock_3, big_fock_3, big_fock_3, big_fock_3]


--------Adaptive Solver Macroiteration 0 from max 10 ----------

Growing ranks with exop=dipole+
Create guess functions by multiplying plane-waves to 1 functions 
Created 4 virtuals for pair11
pair21 is frozen: no growing
Create guess functions by multiplying plane-waves to 1 functions 
Created 4 virtuals for pair22
frozen pair: no orthonormalization
timer:                                     RRCD     0.01s     0.01s 
timer:                             MRA compress     0.00s     0.00s 
timer:                          Transform Pairs     0.01s     0.01s 
timer:                        grow PNO subspace     0.21s     0.21s 
SolveInternal: Parameters are assigned as
no_compute        = false
no_opt            = false
restart           = false
do_cispd          = false
econv             =1.0000000000e-04
maxrank (min,max) = (1,1)
Solving MP2 doubles
timer:          fock matrix     1.12s     1.12s
Information About All Pairs:
mp2_pair11           number=0 rank=  4 frozen=false
mp2_pair21           number=1 rank=  0 frozen=true
mp2_pair22           number=2 rank=  4 frozen=false
number of pairs=3
average rank   =2 (2.6666666667e+00)
largest rank   =4
PNOPairs Memory Information
Total: 0.0112853050 GB 
PNO  : 0.0112853050 GB 
KPNO : 0.0000000000 GB 
W    : 0.0000000000 GB 

timer:                                 truncate     0.00s     0.00s 
wall time=42.6377840042 chunk=8 allK.size()=8 memory=0.0116124153 GB
timer:                             compute KPNO     2.99s     2.99s 
wall time=42.6805200577 chunk=8 allJ.size()=8 memory=0.0122666359 GB
timer:                             compute JPNO     0.04s     0.04s 
timer:                    compute Fock matrices     0.49s     0.49s 
timer:                             MRA compress     0.00s     0.00s 
timer:                          Transform Pairs     0.03s     0.03s 
timer:                             Canonicalize     0.03s     0.03s 
PNOPairs Memory Information
Total: 0.0222434998 GB 
PNO  : 0.0109581947 GB 
KPNO : 0.0112853050 GB 
W    : 0.0000000000 GB 

timer:                                 truncate     0.01s     0.01s 
mp2_pair21 is frozen: potential not computed
timer:                   Fluctuation Potentials     1.72s     1.72s 
timer:                       Fluctuation Matrix     0.04s     0.04s 
PNOPairs Memory Information
Total: 0.0369634628 GB 
PNO  : 0.0109581947 GB 
KPNO : 0.0112853050 GB 
W    : 0.0147199631 GB 

PNOPairs Memory Information
Total: 0.0369634628 GB 
PNO  : 0.0109581947 GB 
KPNO : 0.0112853050 GB 
W    : 0.0147199631 GB 

timer:                                 truncate     0.01s     0.01s 
timer:                             PNO Overlaps     0.03s     0.03s 
t_iter =  0  Hylleraas energy =  0.0000000000  ||R||_F =  0.1511666437  conv =  no
subspace solution [*]   1.00000000

t_iter =  1  Hylleraas energy =  -0.0417565744  ||R||_F =  0.0000000246  conv =  yes
=======================================================

Hylleraas MP2 Energies

=======================================================
    i    j      singlet      triplet        Total
=======================================================
    1    1  -2.08783e-02  0.00000e+00 -2.08783e-02
    2    1   0.00000e+00  0.00000e+00  0.00000e+00
    2    2  -2.08783e-02  0.00000e+00 -2.08783e-02
=======================================================
Hylleraas MP2 Energies (singlet): -4.17566e-02
Hylleraas MP2 Energies (triplet):  0.00000e+00
Hylleraas MP2 Energies (total)  : -4.17566e-02
=======================================================
-------------------------------------------
Total Reg Energy  =-4.17566e-02
Total F12 Energy  = 0.00000e+00
Sum Energies Total=-4.17566e-02
-------------------------------------------
timer:                         Solve Amplitudes     0.00s     0.00s 
No optimization untill now: Compressing pno ranks with tighter threshold
1.00000e-10 instead of 1.00000e-08
pair11: density evals:
 [*]   0.00244537   0.00270723   0.00270723   0.07508741

pair11: # of PNOs reduced from  4  to  1  maxrank= 1
pair22: density evals:
 [*]   0.00244537   0.00270723   0.00270723   0.07508742

pair22: # of PNOs reduced from  4  to  1  maxrank= 1
timer:                            compress PNOs     0.00s     0.00s 
timer:                             MRA compress     0.00s     0.00s 
timer:                          Transform Pairs     0.01s     0.01s 
timer:                          PNO Compression     0.01s     0.01s 
Information About All Pairs:
mp2_pair11           number=0 rank=  1 frozen=false
mp2_pair21           number=1 rank=  0 frozen=true
mp2_pair22           number=2 rank=  1 frozen=false
number of pairs=3
average rank   =0 (6.66667e-01)
largest rank   =1
saving vector of functions mp2_pair11
saving vector of functions mp2_pair22
timer:                        save pnos on disc     0.03s     0.03s 
PNOPairs Memory Information
Total: 0.01129 GB 
PNO  : 0.00331 GB 
KPNO : 0.00331 GB 
W    : 0.00466 GB 

timer:                                 truncate     0.00s     0.00s 
timer:      compute densities for G application     0.00s     0.00s 
pair21 is frozen: no optimization
timer:                Prepare for G application     0.01s     0.01s 
timer:                                    add K     0.00s     0.00s 
size of all Vpsi potentials (without Vnuc and J) 0.00331 GB 
time=45.18362 chunk=2 Vpsi+Vnuc+J=0.01018 GB
time=45.18746 chunk=2 Vpsi+Vnuc+J=0.01018 GB (after truncation)
timer:                           Apply G to all     0.81s     0.81s 
timer:                       apply Q and update     0.00s     0.00s 
mp2_pair11 residual norms:
[0.33259]
mp2_pair11 scaled residual norms:
[0.09114]
mp2_pair22 residual norms:
[0.33259]
mp2_pair22 scaled residual norms:
[0.09114]
timer:                          update all PNOs     0.82s     0.82s 
frozen pair: no orthonormalization
timer:                                     RRCD     0.01s     0.01s 
timer:                             MRA compress     0.00s     0.00s 
timer:                          Transform Pairs     0.00s     0.00s 
saving vector of functions mp2_pair11
saving vector of functions mp2_pair22
timer:                        save pnos on disc     0.03s     0.03s 


No convergence yet. Energy change = 0.04176

timer:                        Whole Iteration 1     6.33s     6.33s 
Information About All Pairs:
mp2_pair11           number=0 rank=  1 frozen=false
mp2_pair21           number=1 rank=  0 frozen=true
mp2_pair22           number=2 rank=  1 frozen=false
number of pairs=3
average rank   =0 (0.66667)
largest rank   =1
PNOPairs Memory Information
Total: 0.00348 GB 
PNO  : 0.00348 GB 
KPNO : 0.00000 GB 
W    : 0.00000 GB 

timer:                                 truncate     0.00s     0.00s 
wall time=46.98713 chunk=2 allK.size()=2 memory=0.00364 GB
timer:                             compute KPNO     1.01s     1.01s 
wall time=46.99893 chunk=2 allJ.size()=2 memory=0.00380 GB
timer:                             compute JPNO     0.01s     0.01s 
timer:                    compute Fock matrices     0.21s     0.21s 
timer:                             MRA compress     0.00s     0.00s 
timer:                          Transform Pairs     0.00s     0.00s 
timer:                             Canonicalize     0.00s     0.00s 
PNOPairs Memory Information
Total: 0.00711 GB 
PNO  : 0.00348 GB 
KPNO : 0.00364 GB 
W    : 0.00000 GB 

timer:                                 truncate     0.00s     0.00s 
mp2_pair21 is frozen: potential not computed
timer:                   Fluctuation Potentials     0.50s     0.50s 
timer:                       Fluctuation Matrix     0.03s     0.03s 
PNOPairs Memory Information
Total: 0.01243 GB 
PNO  : 0.00348 GB 
KPNO : 0.00364 GB 
W    : 0.00532 GB 

PNOPairs Memory Information
Total: 0.01243 GB 
PNO  : 0.00348 GB 
KPNO : 0.00364 GB 
W    : 0.00532 GB 

timer:                                 truncate     0.00s     0.00s 
timer:                             PNO Overlaps     0.03s     0.03s 
t_iter =  0  Hylleraas energy =  0.00000  ||R||_F =  0.16940  conv =  no
subspace solution [*]   1.00000000

t_iter =  1  Hylleraas energy =  -0.06085  ||R||_F =  0.00000  conv =  yes
=======================================================

Hylleraas MP2 Energies

=======================================================
    i    j      singlet      triplet        Total
=======================================================
    1    1  -3.04252e-02  0.00000e+00 -3.04252e-02
    2    1   0.00000e+00  0.00000e+00  0.00000e+00
    2    2  -3.04252e-02  0.00000e+00 -3.04252e-02
=======================================================
Hylleraas MP2 Energies (singlet): -6.08504e-02
Hylleraas MP2 Energies (triplet):  0.00000e+00
Hylleraas MP2 Energies (total)  : -6.08504e-02
=======================================================
-------------------------------------------
Total Reg Energy  =-6.08504e-02
Total F12 Energy  = 0.00000e+00
Sum Energies Total=-6.08504e-02
-------------------------------------------
timer:                         Solve Amplitudes     0.00s     0.00s 
pair11: density evals:
 [*]   0.12903623

pair22: density evals:
 [*]   0.12903623

timer:                            compress PNOs     0.00s     0.00s 
timer:                             MRA compress     0.00s     0.00s 
timer:                          Transform Pairs     0.01s     0.01s 
timer:                          PNO Compression     0.01s     0.01s 
Information About All Pairs:
mp2_pair11           number=0 rank=  1 frozen=false
mp2_pair21           number=1 rank=  0 frozen=true
mp2_pair22           number=2 rank=  1 frozen=false
number of pairs=3
average rank   =0 (6.66667e-01)
largest rank   =1
saving vector of functions mp2_pair11
saving vector of functions mp2_pair22
timer:                        save pnos on disc     0.05s     0.05s 
PNOPairs Memory Information
Total: 0.01243 GB 
PNO  : 0.00348 GB 
KPNO : 0.00364 GB 
W    : 0.00532 GB 

timer:                                 truncate     0.00s     0.00s 
timer:      compute densities for G application     0.00s     0.00s 
pair21 is frozen: no optimization
timer:                Prepare for G application     0.01s     0.01s 
timer:                                    add K     0.00s     0.00s 
size of all Vpsi potentials (without Vnuc and J) 0.00364 GB 
time=47.91679 chunk=2 Vpsi+Vnuc+J=0.01018 GB
time=47.92066 chunk=2 Vpsi+Vnuc+J=0.01018 GB (after truncation)
timer:                           Apply G to all     0.78s     0.78s 
timer:                       apply Q and update     0.00s     0.00s 
mp2_pair11 residual norms:
[0.08138]
mp2_pair11 scaled residual norms:
[0.02923]
mp2_pair22 residual norms:
[0.08138]
mp2_pair22 scaled residual norms:
[0.02923]
timer:                          update all PNOs     0.79s     0.79s 
frozen pair: no orthonormalization
timer:                                     RRCD     0.01s     0.01s 
timer:                             MRA compress     0.00s     0.00s 
timer:                          Transform Pairs     0.00s     0.00s 
saving vector of functions mp2_pair11
saving vector of functions mp2_pair22
timer:                        save pnos on disc     0.06s     0.06s 


No convergence yet. Energy change = 0.01909

timer:                        Whole Iteration 2     2.73s     2.73s 
Information About All Pairs:
mp2_pair11           number=0 rank=  1 frozen=false
mp2_pair21           number=1 rank=  0 frozen=true
mp2_pair22           number=2 rank=  1 frozen=false
number of pairs=3
average rank   =0 (0.66667)
largest rank   =1
PNOPairs Memory Information
Total: 0.00348 GB 
PNO  : 0.00348 GB 
KPNO : 0.00000 GB 
W    : 0.00000 GB 

timer:                                 truncate     0.00s     0.00s 
wall time=49.69690 chunk=2 allK.size()=2 memory=0.00364 GB
timer:                             compute KPNO     0.99s     0.99s 
wall time=49.70873 chunk=2 allJ.size()=2 memory=0.00380 GB
timer:                             compute JPNO     0.01s     0.01s 
timer:                    compute Fock matrices     0.20s     0.20s 
timer:                             MRA compress     0.00s     0.00s 
timer:                          Transform Pairs     0.00s     0.00s 
timer:                             Canonicalize     0.00s     0.00s 
PNOPairs Memory Information
Total: 0.00711 GB 
PNO  : 0.00348 GB 
KPNO : 0.00364 GB 
W    : 0.00000 GB 

timer:                                 truncate     0.00s     0.00s 
mp2_pair21 is frozen: potential not computed
timer:                   Fluctuation Potentials     0.52s     0.52s 
timer:                       Fluctuation Matrix     0.03s     0.03s 
PNOPairs Memory Information
Total: 0.01243 GB 
PNO  : 0.00348 GB 
KPNO : 0.00364 GB 
W    : 0.00532 GB 

PNOPairs Memory Information
Total: 0.01243 GB 
PNO  : 0.00348 GB 
KPNO : 0.00364 GB 
W    : 0.00532 GB 

timer:                                 truncate     0.00s     0.00s 
timer:                             PNO Overlaps     0.03s     0.03s 
t_iter =  0  Hylleraas energy =  0.00000  ||R||_F =  0.17882  conv =  no
subspace solution [*]   1.00000000

t_iter =  1  Hylleraas energy =  -0.06414  ||R||_F =  0.00000  conv =  yes
=======================================================

Hylleraas MP2 Energies

=======================================================
    i    j      singlet      triplet        Total
=======================================================
    1    1  -3.20687e-02  0.00000e+00 -3.20687e-02
    2    1   0.00000e+00  0.00000e+00  0.00000e+00
    2    2  -3.20687e-02  0.00000e+00 -3.20687e-02
=======================================================
Hylleraas MP2 Energies (singlet): -6.41374e-02
Hylleraas MP2 Energies (triplet):  0.00000e+00
Hylleraas MP2 Energies (total)  : -6.41374e-02
=======================================================
-------------------------------------------
Total Reg Energy  =-6.41374e-02
Total F12 Energy  = 0.00000e+00
Sum Energies Total=-6.41374e-02
-------------------------------------------
timer:                         Solve Amplitudes     0.00s     0.00s 
pair11: density evals:
 [*]   0.12864888

pair22: density evals:
 [*]   0.12864889

timer:                            compress PNOs     0.00s     0.00s 
timer:                             MRA compress     0.00s     0.00s 
timer:                          Transform Pairs     0.01s     0.01s 
timer:                          PNO Compression     0.01s     0.01s 
Information About All Pairs:
mp2_pair11           number=0 rank=  1 frozen=false
mp2_pair21           number=1 rank=  0 frozen=true
mp2_pair22           number=2 rank=  1 frozen=false
number of pairs=3
average rank   =0 (6.66667e-01)
largest rank   =1
saving vector of functions mp2_pair11
saving vector of functions mp2_pair22
timer:                        save pnos on disc     0.01s     0.01s 
PNOPairs Memory Information
Total: 0.01243 GB 
PNO  : 0.00348 GB 
KPNO : 0.00364 GB 
W    : 0.00532 GB 

timer:                                 truncate     0.00s     0.00s 
timer:      compute densities for G application     0.00s     0.00s 
pair21 is frozen: no optimization
timer:                Prepare for G application     0.01s     0.01s 
timer:                                    add K     0.00s     0.00s 
size of all Vpsi potentials (without Vnuc and J) 0.00364 GB 
time=50.60840 chunk=2 Vpsi+Vnuc+J=0.01051 GB
time=50.61263 chunk=2 Vpsi+Vnuc+J=0.01051 GB (after truncation)
timer:                           Apply G to all     0.79s     0.79s 
timer:                       apply Q and update     0.00s     0.00s 
mp2_pair11 residual norms:
[0.03488]
mp2_pair11 scaled residual norms:
[0.01251]
mp2_pair22 residual norms:
[0.03488]
mp2_pair22 scaled residual norms:
[0.01251]
timer:                          update all PNOs     0.80s     0.80s 
frozen pair: no orthonormalization
timer:                                     RRCD     0.01s     0.01s 
timer:                             MRA compress     0.00s     0.00s 
timer:                          Transform Pairs     0.00s     0.00s 
saving vector of functions mp2_pair11
saving vector of functions mp2_pair22
timer:                        save pnos on disc     0.04s     0.04s 


No convergence yet. Energy change = 0.00329

timer:                        Whole Iteration 3     2.69s     2.69s 
Information About All Pairs:
mp2_pair11           number=0 rank=  1 frozen=false
mp2_pair21           number=1 rank=  0 frozen=true
mp2_pair22           number=2 rank=  1 frozen=false
number of pairs=3
average rank   =0 (0.66667)
largest rank   =1
PNOPairs Memory Information
Total: 0.00348 GB 
PNO  : 0.00348 GB 
KPNO : 0.00000 GB 
W    : 0.00000 GB 

timer:                                 truncate     0.00s     0.00s 
wall time=52.38593 chunk=2 allK.size()=2 memory=0.00364 GB
timer:                             compute KPNO     1.00s     1.00s 
wall time=52.39771 chunk=2 allJ.size()=2 memory=0.00380 GB
timer:                             compute JPNO     0.01s     0.01s 
timer:                    compute Fock matrices     0.20s     0.20s 
timer:                             MRA compress     0.00s     0.00s 
timer:                          Transform Pairs     0.00s     0.00s 
timer:                             Canonicalize     0.00s     0.00s 
PNOPairs Memory Information
Total: 0.00711 GB 
PNO  : 0.00348 GB 
KPNO : 0.00364 GB 
W    : 0.00000 GB 

timer:                                 truncate     0.00s     0.00s 
mp2_pair21 is frozen: potential not computed
timer:                   Fluctuation Potentials     0.49s     0.49s 
timer:                       Fluctuation Matrix     0.03s     0.03s 
PNOPairs Memory Information
Total: 0.01243 GB 
PNO  : 0.00348 GB 
KPNO : 0.00364 GB 
W    : 0.00532 GB 

PNOPairs Memory Information
Total: 0.01243 GB 
PNO  : 0.00348 GB 
KPNO : 0.00364 GB 
W    : 0.00532 GB 

timer:                                 truncate     0.00s     0.00s 
timer:                             PNO Overlaps     0.03s     0.03s 
t_iter =  0  Hylleraas energy =  0.00000  ||R||_F =  0.18238  conv =  no
subspace solution [*]   1.00000000

t_iter =  1  Hylleraas energy =  -0.06480  ||R||_F =  0.00000  conv =  yes
=======================================================

Hylleraas MP2 Energies

=======================================================
    i    j      singlet      triplet        Total
=======================================================
    1    1  -3.24017e-02  0.00000e+00 -3.24017e-02
    2    1   0.00000e+00  0.00000e+00  0.00000e+00
    2    2  -3.24018e-02  0.00000e+00 -3.24018e-02
=======================================================
Hylleraas MP2 Energies (singlet): -6.48035e-02
Hylleraas MP2 Energies (triplet):  0.00000e+00
Hylleraas MP2 Energies (total)  : -6.48035e-02
=======================================================
-------------------------------------------
Total Reg Energy  =-6.48035e-02
Total F12 Energy  = 0.00000e+00
Sum Energies Total=-6.48035e-02
-------------------------------------------
timer:                         Solve Amplitudes     0.00s     0.00s 
pair11: density evals:
 [*]   0.12624853

pair22: density evals:
 [*]   0.12624854

timer:                            compress PNOs     0.00s     0.00s 
timer:                             MRA compress     0.00s     0.00s 
timer:                          Transform Pairs     0.01s     0.01s 
timer:                          PNO Compression     0.01s     0.01s 
Information About All Pairs:
mp2_pair11           number=0 rank=  1 frozen=false
mp2_pair21           number=1 rank=  0 frozen=true
mp2_pair22           number=2 rank=  1 frozen=false
number of pairs=3
average rank   =0 (6.66667e-01)
largest rank   =1
saving vector of functions mp2_pair11
saving vector of functions mp2_pair22
timer:                        save pnos on disc     0.03s     0.03s 
PNOPairs Memory Information
Total: 0.01243 GB 
PNO  : 0.00348 GB 
KPNO : 0.00364 GB 
W    : 0.00532 GB 

timer:                                 truncate     0.00s     0.00s 
timer:      compute densities for G application     0.00s     0.00s 
pair21 is frozen: no optimization
timer:                Prepare for G application     0.01s     0.01s 
timer:                                    add K     0.00s     0.00s 
size of all Vpsi potentials (without Vnuc and J) 0.00364 GB 
time=53.29433 chunk=2 Vpsi+Vnuc+J=0.01051 GB
time=53.29824 chunk=2 Vpsi+Vnuc+J=0.01051 GB (after truncation)
timer:                           Apply G to all     0.78s     0.78s 
timer:                       apply Q and update     0.00s     0.00s 
mp2_pair11 residual norms:
[0.01781]
mp2_pair11 scaled residual norms:
[0.00633]
mp2_pair22 residual norms:
[0.01781]
mp2_pair22 scaled residual norms:
[0.00633]
timer:                          update all PNOs     0.80s     0.80s 
frozen pair: no orthonormalization
timer:                                     RRCD     0.01s     0.01s 
timer:                             MRA compress     0.00s     0.00s 
timer:                          Transform Pairs     0.00s     0.00s 
saving vector of functions mp2_pair11
saving vector of functions mp2_pair22
timer:                        save pnos on disc     0.05s     0.05s 


No convergence yet. Energy change = 0.00067

timer:                        Whole Iteration 4     2.69s     2.69s 
Information About All Pairs:
mp2_pair11           number=0 rank=  1 frozen=false
mp2_pair21           number=1 rank=  0 frozen=true
mp2_pair22           number=2 rank=  1 frozen=false
number of pairs=3
average rank   =0 (0.66667)
largest rank   =1
PNOPairs Memory Information
Total: 0.00348 GB 
PNO  : 0.00348 GB 
KPNO : 0.00000 GB 
W    : 0.00000 GB 

timer:                                 truncate     0.00s     0.00s 
wall time=55.07576 chunk=2 allK.size()=2 memory=0.00364 GB
timer:                             compute KPNO     0.99s     0.99s 
wall time=55.08755 chunk=2 allJ.size()=2 memory=0.00380 GB
timer:                             compute JPNO     0.01s     0.01s 
timer:                    compute Fock matrices     0.21s     0.21s 
timer:                             MRA compress     0.00s     0.00s 
timer:                          Transform Pairs     0.00s     0.00s 
timer:                             Canonicalize     0.00s     0.00s 
PNOPairs Memory Information
Total: 0.00711 GB 
PNO  : 0.00348 GB 
KPNO : 0.00364 GB 
W    : 0.00000 GB 

timer:                                 truncate     0.00s     0.00s 
mp2_pair21 is frozen: potential not computed
timer:                   Fluctuation Potentials     0.49s     0.49s 
timer:                       Fluctuation Matrix     0.04s     0.04s 
PNOPairs Memory Information
Total: 0.01243 GB 
PNO  : 0.00348 GB 
KPNO : 0.00364 GB 
W    : 0.00532 GB 

PNOPairs Memory Information
Total: 0.01243 GB 
PNO  : 0.00348 GB 
KPNO : 0.00364 GB 
W    : 0.00532 GB 

timer:                                 truncate     0.00s     0.00s 
timer:                             PNO Overlaps     0.03s     0.03s 
t_iter =  0  Hylleraas energy =  0.00000  ||R||_F =  0.18397  conv =  no
subspace solution [*]   1.00000000

t_iter =  1  Hylleraas energy =  -0.06498  ||R||_F =  0.00000  conv =  yes
=======================================================

Hylleraas MP2 Energies

=======================================================
    i    j      singlet      triplet        Total
=======================================================
    1    1  -3.24909e-02  0.00000e+00 -3.24909e-02
    2    1   0.00000e+00  0.00000e+00  0.00000e+00
    2    2  -3.24909e-02  0.00000e+00 -3.24909e-02
=======================================================
Hylleraas MP2 Energies (singlet): -6.49818e-02
Hylleraas MP2 Energies (triplet):  0.00000e+00
Hylleraas MP2 Energies (total)  : -6.49818e-02
=======================================================
-------------------------------------------
Total Reg Energy  =-6.49818e-02
Total F12 Energy  = 0.00000e+00
Sum Energies Total=-6.49818e-02
-------------------------------------------
timer:                         Solve Amplitudes     0.00s     0.00s 
pair11: density evals:
 [*]   0.12476101

pair22: density evals:
 [*]   0.12476102

timer:                            compress PNOs     0.00s     0.00s 
timer:                             MRA compress     0.00s     0.00s 
timer:                          Transform Pairs     0.01s     0.01s 
timer:                          PNO Compression     0.01s     0.01s 
Information About All Pairs:
mp2_pair11           number=0 rank=  1 frozen=false
mp2_pair21           number=1 rank=  0 frozen=true
mp2_pair22           number=2 rank=  1 frozen=false
number of pairs=3
average rank   =0 (6.66667e-01)
largest rank   =1
saving vector of functions mp2_pair11
saving vector of functions mp2_pair22
timer:                        save pnos on disc     0.02s     0.02s 
PNOPairs Memory Information
Total: 0.01243 GB 
PNO  : 0.00348 GB 
KPNO : 0.00364 GB 
W    : 0.00532 GB 

timer:                                 truncate     0.00s     0.00s 
timer:      compute densities for G application     0.00s     0.00s 
pair21 is frozen: no optimization
timer:                Prepare for G application     0.01s     0.01s 
timer:                                    add K     0.00s     0.00s 
size of all Vpsi potentials (without Vnuc and J) 0.00364 GB 
time=56.00301 chunk=2 Vpsi+Vnuc+J=0.01051 GB
time=56.00719 chunk=2 Vpsi+Vnuc+J=0.01051 GB (after truncation)
timer:                           Apply G to all     0.79s     0.79s 
timer:                       apply Q and update     0.00s     0.00s 
mp2_pair11 residual norms:
[0.00982]
mp2_pair11 scaled residual norms:
[0.00347]
mp2_pair22 residual norms:
[0.00982]
mp2_pair22 scaled residual norms:
[0.00347]
timer:                          update all PNOs     0.80s     0.80s 
frozen pair: no orthonormalization
timer:                                     RRCD     0.01s     0.01s 
timer:                             MRA compress     0.00s     0.00s 
timer:                          Transform Pairs     0.00s     0.00s 
saving vector of functions mp2_pair11
saving vector of functions mp2_pair22
timer:                        save pnos on disc     0.01s     0.01s 


No convergence yet. Energy change = 0.00018

timer:                        Whole Iteration 5     2.67s     2.67s 
Information About All Pairs:
mp2_pair11           number=0 rank=  1 frozen=false
mp2_pair21           number=1 rank=  0 frozen=true
mp2_pair22           number=2 rank=  1 frozen=false
number of pairs=3
average rank   =0 (0.66667)
largest rank   =1
PNOPairs Memory Information
Total: 0.00348 GB 
PNO  : 0.00348 GB 
KPNO : 0.00000 GB 
W    : 0.00000 GB 

timer:                                 truncate     0.00s     0.00s 
wall time=57.74888 chunk=2 allK.size()=2 memory=0.00364 GB
timer:                             compute KPNO     1.00s     1.00s 
wall time=57.76070 chunk=2 allJ.size()=2 memory=0.00380 GB
timer:                             compute JPNO     0.01s     0.01s 
timer:                    compute Fock matrices     0.21s     0.21s 
timer:                             MRA compress     0.00s     0.00s 
timer:                          Transform Pairs     0.00s     0.00s 
timer:                             Canonicalize     0.00s     0.00s 
PNOPairs Memory Information
Total: 0.00711 GB 
PNO  : 0.00348 GB 
KPNO : 0.00364 GB 
W    : 0.00000 GB 

timer:                                 truncate     0.00s     0.00s 
mp2_pair21 is frozen: potential not computed
timer:                   Fluctuation Potentials     0.50s     0.50s 
timer:                       Fluctuation Matrix     0.03s     0.03s 
PNOPairs Memory Information
Total: 0.01243 GB 
PNO  : 0.00348 GB 
KPNO : 0.00364 GB 
W    : 0.00532 GB 

PNOPairs Memory Information
Total: 0.01243 GB 
PNO  : 0.00348 GB 
KPNO : 0.00364 GB 
W    : 0.00532 GB 

timer:                                 truncate     0.00s     0.00s 
timer:                             PNO Overlaps     0.03s     0.03s 
t_iter =  0  Hylleraas energy =  0.00000  ||R||_F =  0.18474  conv =  no
subspace solution [*]   1.00000000

t_iter =  1  Hylleraas energy =  -0.06504  ||R||_F =  0.00000  conv =  yes
=======================================================

Hylleraas MP2 Energies

=======================================================
    i    j      singlet      triplet        Total
=======================================================
    1    1  -3.25193e-02  0.00000e+00 -3.25193e-02
    2    1   0.00000e+00  0.00000e+00  0.00000e+00
    2    2  -3.25193e-02  0.00000e+00 -3.25193e-02
=======================================================
Hylleraas MP2 Energies (singlet): -6.50386e-02
Hylleraas MP2 Energies (triplet):  0.00000e+00
Hylleraas MP2 Energies (total)  : -6.50386e-02
=======================================================
-------------------------------------------
Total Reg Energy  =-6.50386e-02
Total F12 Energy  = 0.00000e+00
Sum Energies Total=-6.50386e-02
-------------------------------------------
timer:                         Solve Amplitudes     0.00s     0.00s 
pair11: density evals:
 [*]   0.12394052

pair22: density evals:
 [*]   0.12394053

timer:                            compress PNOs     0.00s     0.00s 
timer:                             MRA compress     0.00s     0.00s 
timer:                          Transform Pairs     0.01s     0.01s 
timer:                          PNO Compression     0.01s     0.01s 
Information About All Pairs:
mp2_pair11           number=0 rank=  1 frozen=false
mp2_pair21           number=1 rank=  0 frozen=true
mp2_pair22           number=2 rank=  1 frozen=false
number of pairs=3
average rank   =0 (6.66667e-01)
largest rank   =1
saving vector of functions mp2_pair11
saving vector of functions mp2_pair22
timer:                        save pnos on disc     0.03s     0.03s 
PNOPairs Memory Information
Total: 0.01243 GB 
PNO  : 0.00348 GB 
KPNO : 0.00364 GB 
W    : 0.00532 GB 

timer:                                 truncate     0.00s     0.00s 
timer:      compute densities for G application     0.00s     0.00s 
pair21 is frozen: no optimization
timer:                Prepare for G application     0.01s     0.01s 
timer:                                    add K     0.00s     0.00s 
size of all Vpsi potentials (without Vnuc and J) 0.00364 GB 
time=58.66367 chunk=2 Vpsi+Vnuc+J=0.01051 GB
time=58.66772 chunk=2 Vpsi+Vnuc+J=0.01051 GB (after truncation)
timer:                           Apply G to all     0.78s     0.78s 
timer:                       apply Q and update     0.00s     0.00s 
mp2_pair11 residual norms:
[0.00559]
mp2_pair11 scaled residual norms:
[0.00197]
mp2_pair22 residual norms:
[0.00559]
mp2_pair22 scaled residual norms:
[0.00197]
timer:                          update all PNOs     0.79s     0.79s 
frozen pair: no orthonormalization
timer:                                     RRCD     0.01s     0.01s 
timer:                             MRA compress     0.00s     0.00s 
timer:                          Transform Pairs     0.00s     0.00s 
saving vector of functions mp2_pair11
saving vector of functions mp2_pair22
timer:                        save pnos on disc     0.04s     0.04s 


CONVERGED!
energy change = 0.00006

re-entering loop to compute the correct amplitudes and energies
timer:                        Whole Iteration 6     2.69s     2.69s 
Information About All Pairs:
mp2_pair11           number=0 rank=  1 frozen=false
mp2_pair21           number=1 rank=  0 frozen=true
mp2_pair22           number=2 rank=  1 frozen=false
number of pairs=3
average rank   =0 (0.66667)
largest rank   =1
PNOPairs Memory Information
Total: 0.00348 GB 
PNO  : 0.00348 GB 
KPNO : 0.00000 GB 
W    : 0.00000 GB 

timer:                                 truncate     0.00s     0.00s 
wall time=60.45097 chunk=2 allK.size()=2 memory=0.00364 GB
timer:                             compute KPNO     1.01s     1.01s 
wall time=60.46300 chunk=2 allJ.size()=2 memory=0.00380 GB
timer:                             compute JPNO     0.01s     0.01s 
timer:                    compute Fock matrices     0.21s     0.21s 
timer:                             MRA compress     0.00s     0.00s 
timer:                          Transform Pairs     0.00s     0.00s 
timer:                             Canonicalize     0.00s     0.00s 
PNOPairs Memory Information
Total: 0.00711 GB 
PNO  : 0.00348 GB 
KPNO : 0.00364 GB 
W    : 0.00000 GB 

timer:                                 truncate     0.00s     0.00s 
mp2_pair21 is frozen: potential not computed
timer:                   Fluctuation Potentials     0.49s     0.49s 
timer:                       Fluctuation Matrix     0.03s     0.03s 
PNOPairs Memory Information
Total: 0.01243 GB 
PNO  : 0.00348 GB 
KPNO : 0.00364 GB 
W    : 0.00532 GB 

PNOPairs Memory Information
Total: 0.01243 GB 
PNO  : 0.00348 GB 
KPNO : 0.00364 GB 
W    : 0.00532 GB 

timer:                                 truncate     0.00s     0.00s 
timer:                             PNO Overlaps     0.03s     0.03s 
t_iter =  0  Hylleraas energy =  0.00000  ||R||_F =  0.18513  conv =  no
subspace solution [*]   1.00000000

t_iter =  1  Hylleraas energy =  -0.06506  ||R||_F =  0.00000  conv =  yes
=======================================================

Hylleraas MP2 Energies

=======================================================
    i    j      singlet      triplet        Total
=======================================================
    1    1  -3.25282e-02  0.00000e+00 -3.25282e-02
    2    1   0.00000e+00  0.00000e+00  0.00000e+00
    2    2  -3.25282e-02  0.00000e+00 -3.25282e-02
=======================================================
Hylleraas MP2 Energies (singlet): -6.50564e-02
Hylleraas MP2 Energies (triplet):  0.00000e+00
Hylleraas MP2 Energies (total)  : -6.50564e-02
=======================================================
-------------------------------------------
Total Reg Energy  =-6.50564e-02
Total F12 Energy  = 0.00000e+00
Sum Energies Total=-6.50564e-02
-------------------------------------------
timer:                         Solve Amplitudes     0.00s     0.00s 
pair11: density evals:
 [*]   0.12348465

pair22: density evals:
 [*]   0.12348466

timer:                            compress PNOs     0.00s     0.00s 
timer:                             MRA compress     0.00s     0.00s 
timer:                          Transform Pairs     0.01s     0.01s 
timer:                          PNO Compression     0.01s     0.01s 
Information About All Pairs:
mp2_pair11           number=0 rank=  1 frozen=false
mp2_pair21           number=1 rank=  0 frozen=true
mp2_pair22           number=2 rank=  1 frozen=false
number of pairs=3
average rank   =0 (6.66667e-01)
largest rank   =1
saving vector of functions mp2_pair11
saving vector of functions mp2_pair22
timer:                        save pnos on disc     0.01s     0.01s 
exiting: Iterations converged
PNO ranks:
PNO Rank for pair pair11 = 1
PNO Rank for pair pair21 = 0
PNO Rank for pair pair22 = 1
average rank 6.66667e-01
timer:                               PNO::solve    22.76s    22.76s 

--------------------------------
ITERATE-PAIRS-INTERNAL-ENDED
--------------------------------
mp2_pair21 converged!


Adaptive Sovler:
 Current Energy=-6.5056427516e-02
 DeltaE        =-6.5056427516e-02
 max dE (pair) =-3.2528214823e-02 (2)
 all_pairs_conv=false




not converged yet

freeze pair mp2_pair21 (not further optimized: Energy below 1.0000000000e-05)


--------Adaptive Solver Macroiteration 1 from max 10 ----------

Growing ranks with exop=quadrupole
maxrank reached for pair11 no further growing
pair21 is frozen: no growing
maxrank reached for pair22 no further growing
frozen pair: no orthonormalization
timer:                                     RRCD     0.01s     0.01s 
timer:                             MRA compress     0.00s     0.00s 
timer:                          Transform Pairs     0.01s     0.01s 
timer:                        grow PNO subspace     0.02s     0.02s 
SolveInternal: Parameters are assigned as
no_compute        = false
no_opt            = false
restart           = false
do_cispd          = false
econv             =1.0000000000e-04
maxrank (min,max) = (1,1)
Solving MP2 doubles
timer:          fock matrix     1.12s     1.12s
Information About All Pairs:
mp2_pair11           number=0 rank=  1 frozen=false
mp2_pair21           number=1 rank=  0 frozen=true
mp2_pair22           number=2 rank=  1 frozen=false
number of pairs=3
average rank   =0 (6.6666666667e-01)
largest rank   =1
PNOPairs Memory Information
Total: 0.0124301910 GB 
PNO  : 0.0034755468 GB 
KPNO : 0.0036391020 GB 
W    : 0.0053155422 GB 

timer:                                 truncate     0.00s     0.00s 
wall time=63.3941609859 chunk=2 allK.size()=2 memory=0.0036391020 GB
timer:                             compute KPNO     0.99s     0.99s 
wall time=63.4068269730 chunk=2 allJ.size()=2 memory=0.0038026571 GB
timer:                             compute JPNO     0.01s     0.01s 
timer:                    compute Fock matrices     0.20s     0.20s 
timer:                             MRA compress     0.00s     0.00s 
timer:                          Transform Pairs     0.01s     0.01s 
timer:                             Canonicalize     0.01s     0.01s 
PNOPairs Memory Information
Total: 0.0124301910 GB 
PNO  : 0.0034755468 GB 
KPNO : 0.0036391020 GB 
W    : 0.0053155422 GB 

timer:                                 truncate     0.00s     0.00s 
mp2_pair21 is frozen: potential not computed
timer:                   Fluctuation Potentials     0.50s     0.50s 
timer:                       Fluctuation Matrix     0.03s     0.03s 
PNOPairs Memory Information
Total: 0.0124301910 GB 
PNO  : 0.0034755468 GB 
KPNO : 0.0036391020 GB 
W    : 0.0053155422 GB 

PNOPairs Memory Information
Total: 0.0124301910 GB 
PNO  : 0.0034755468 GB 
KPNO : 0.0036391020 GB 
W    : 0.0053155422 GB 

timer:                                 truncate     0.00s     0.00s 
timer:                             PNO Overlaps     0.03s     0.03s 
t_iter =  0  Hylleraas energy =  0.0000000000  ||R||_F =  0.1851329495  conv =  no
subspace solution [*]   1.00000000

t_iter =  1  Hylleraas energy =  -0.0650564275  ||R||_F =  0.0000000000  conv =  yes
=======================================================

Hylleraas MP2 Energies

=======================================================
    i    j      singlet      triplet        Total
=======================================================
    1    1  -3.25282e-02  0.00000e+00 -3.25282e-02
    2    1   0.00000e+00  0.00000e+00  0.00000e+00
    2    2  -3.25282e-02  0.00000e+00 -3.25282e-02
=======================================================
Hylleraas MP2 Energies (singlet): -6.50564e-02
Hylleraas MP2 Energies (triplet):  0.00000e+00
Hylleraas MP2 Energies (total)  : -6.50564e-02
=======================================================
-------------------------------------------
Total Reg Energy  =-6.50564e-02
Total F12 Energy  = 0.00000e+00
Sum Energies Total=-6.50564e-02
-------------------------------------------
timer:                         Solve Amplitudes     0.00s     0.00s 
No optimization untill now: Compressing pno ranks with tighter threshold
1.00000e-10 instead of 1.00000e-08
pair11: density evals:
 [*]   0.12348465

pair22: density evals:
 [*]   0.12348466

timer:                            compress PNOs     0.00s     0.00s 
timer:                             MRA compress     0.00s     0.00s 
timer:                          Transform Pairs     0.01s     0.01s 
timer:                          PNO Compression     0.01s     0.01s 
Information About All Pairs:
mp2_pair11           number=0 rank=  1 frozen=false
mp2_pair21           number=1 rank=  0 frozen=true
mp2_pair22           number=2 rank=  1 frozen=false
number of pairs=3
average rank   =0 (6.66667e-01)
largest rank   =1
saving vector of functions mp2_pair11
saving vector of functions mp2_pair22
timer:                        save pnos on disc     0.07s     0.07s 
PNOPairs Memory Information
Total: 0.01243 GB 
PNO  : 0.00348 GB 
KPNO : 0.00364 GB 
W    : 0.00532 GB 

timer:                                 truncate     0.01s     0.01s 
timer:      compute densities for G application     0.00s     0.00s 
pair21 is frozen: no optimization
timer:                Prepare for G application     0.01s     0.01s 
timer:                                    add K     0.00s     0.00s 
size of all Vpsi potentials (without Vnuc and J) 0.00364 GB 
time=64.35610 chunk=2 Vpsi+Vnuc+J=0.01051 GB
time=64.36005 chunk=2 Vpsi+Vnuc+J=0.01051 GB (after truncation)
timer:                           Apply G to all     0.77s     0.77s 
timer:                       apply Q and update     0.00s     0.00s 
mp2_pair11 residual norms:
[0.00327]
mp2_pair11 scaled residual norms:
[0.00115]
mp2_pair22 residual norms:
[0.00327]
mp2_pair22 scaled residual norms:
[0.00115]
timer:                          update all PNOs     0.78s     0.78s 
frozen pair: no orthonormalization
timer:                                     RRCD     0.01s     0.01s 
timer:                             MRA compress     0.00s     0.00s 
timer:                          Transform Pairs     0.00s     0.00s 
saving vector of functions mp2_pair11
saving vector of functions mp2_pair22
timer:                        save pnos on disc     0.04s     0.04s 


CONVERGED!
energy change = 0.00000

re-entering loop to compute the correct amplitudes and energies
timer:                        Whole Iteration 1     2.73s     2.73s 
Information About All Pairs:
mp2_pair11           number=0 rank=  1 frozen=false
mp2_pair21           number=1 rank=  0 frozen=true
mp2_pair22           number=2 rank=  1 frozen=false
number of pairs=3
average rank   =0 (0.66667)
largest rank   =1
PNOPairs Memory Information
Total: 0.00348 GB 
PNO  : 0.00348 GB 
KPNO : 0.00000 GB 
W    : 0.00000 GB 

timer:                                 truncate     0.00s     0.00s 
wall time=66.11108 chunk=2 allK.size()=2 memory=0.00364 GB
timer:                             compute KPNO     0.98s     0.98s 
wall time=66.12284 chunk=2 allJ.size()=2 memory=0.00380 GB
timer:                             compute JPNO     0.01s     0.01s 
timer:                    compute Fock matrices     0.21s     0.21s 
timer:                             MRA compress     0.00s     0.00s 
timer:                          Transform Pairs     0.00s     0.00s 
timer:                             Canonicalize     0.00s     0.00s 
PNOPairs Memory Information
Total: 0.00711 GB 
PNO  : 0.00348 GB 
KPNO : 0.00364 GB 
W    : 0.00000 GB 

timer:                                 truncate     0.00s     0.00s 
mp2_pair21 is frozen: potential not computed
timer:                   Fluctuation Potentials     0.50s     0.50s 
timer:                       Fluctuation Matrix     0.03s     0.03s 
PNOPairs Memory Information
Total: 0.01243 GB 
PNO  : 0.00348 GB 
KPNO : 0.00364 GB 
W    : 0.00532 GB 

PNOPairs Memory Information
Total: 0.01243 GB 
PNO  : 0.00348 GB 
KPNO : 0.00364 GB 
W    : 0.00532 GB 

timer:                                 truncate     0.00s     0.00s 
timer:                             PNO Overlaps     0.03s     0.03s 
t_iter =  0  Hylleraas energy =  0.00000  ||R||_F =  0.18534  conv =  no
subspace solution [*]   1.00000000

t_iter =  1  Hylleraas energy =  -0.06506  ||R||_F =  0.00000  conv =  yes
=======================================================

Hylleraas MP2 Energies

=======================================================
    i    j      singlet      triplet        Total
=======================================================
    1    1  -3.25315e-02  0.00000e+00 -3.25315e-02
    2    1   0.00000e+00  0.00000e+00  0.00000e+00
    2    2  -3.25315e-02  0.00000e+00 -3.25315e-02
=======================================================
Hylleraas MP2 Energies (singlet): -6.50631e-02
Hylleraas MP2 Energies (triplet):  0.00000e+00
Hylleraas MP2 Energies (total)  : -6.50631e-02
=======================================================
-------------------------------------------
Total Reg Energy  =-6.50631e-02
Total F12 Energy  = 0.00000e+00
Sum Energies Total=-6.50631e-02
-------------------------------------------
timer:                         Solve Amplitudes     0.00s     0.00s 
pair11: density evals:
 [*]   0.12323779

pair22: density evals:
 [*]   0.12323779

timer:                            compress PNOs     0.00s     0.00s 
timer:                             MRA compress     0.00s     0.00s 
timer:                          Transform Pairs     0.01s     0.01s 
timer:                          PNO Compression     0.01s     0.01s 
Information About All Pairs:
mp2_pair11           number=0 rank=  1 frozen=false
mp2_pair21           number=1 rank=  0 frozen=true
mp2_pair22           number=2 rank=  1 frozen=false
number of pairs=3
average rank   =0 (6.66667e-01)
largest rank   =1
saving vector of functions mp2_pair11
saving vector of functions mp2_pair22
timer:                        save pnos on disc     0.06s     0.06s 
exiting: Iterations converged
PNO ranks:
PNO Rank for pair pair11 = 1
PNO Rank for pair pair21 = 0
PNO Rank for pair pair22 = 1
average rank 6.66667e-01
timer:                               PNO::solve     5.68s     5.68s 

--------------------------------
ITERATE-PAIRS-INTERNAL-ENDED
--------------------------------
mp2_pair11 converged!mp2_pair21 converged!mp2_pair22 converged!


Adaptive Sovler:
 Current Energy=-6.5063090280e-02
 DeltaE        =-6.6627644287e-06
 max dE (pair) =-3.3313931466e-06 (2)
 all_pairs_conv=true




deltaE below threshold Macroiterations converged!

=======================================================

Final MP2 Energies

=======================================================
    i    j      singlet      triplet        Total
=======================================================
    1    1  -3.25315e-02  0.00000e+00 -3.25315e-02
    2    1   0.00000e+00  0.00000e+00  0.00000e+00
    2    2  -3.25315e-02  0.00000e+00 -3.25315e-02
=======================================================
Final MP2 Energies (singlet): -6.50631e-02
Final MP2 Energies (triplet):  0.00000e+00
Final MP2 Energies (total)  : -6.50631e-02
=======================================================
-------------------------------------------
Total Reg Energy  =-6.50631e-02
Total F12 Energy  = 0.00000e+00
Sum Energies Total=-6.50631e-02
-------------------------------------------
Average | Max Rank: 0 | 1



--------------------------------------------------
MRA-PNO-MP2-F12 ended 
--------------------------------------------------
                 time scf = 3.57732e+01
               energy scf = -1.54114e+01
--------------------------------------------------
restarting PNO to reload pairs that converged before and were frozen
PNO Parameters
pno
       rank_increase  15         # default   maximum rank to increase in every macroiteration
               chunk  100        # default   chunk of functions operated on in parallel when G or K is applied (prevent memory shortage)
               debug  false      # default   debug mode
              freeze  1          # derived   frozen core approximation
             maxrank  1          # defined   maximal pno rank for all pairs
           guesstype  exop       # derived   the guesstype: exop (recommended, multiply polynomial excitation operators onto the occupied orbitals), empty (don't compute a guess), scf (use the ao basis from the SCF solver), partial_wave (create s,p,d ..., type functions and place on atoms), predefined (same as partial_wave but for predefined sets)
                exop  multipole  # derived   this string defines which excitation operators can be used, use 'dipole', 'dipole+', 'quadrupole', 'ocopole', or 'multipole', need to set guesstype to 'exop' which is the default
          exop_trigo  true       # default   use trigonometric excitation operators ( x --> sin(x)
        partial_wave             # default   atom centered partial wave guess of format like 'h-2s1p-o-3s2p1d', need to set guesstype to 'partial_wave' and adaptive_solver to 'none'
          predefined             # default   predefined partial wave guesses of type pvxz with x=d,t,q,5,6, need to set guesstype to 'predefined' and adaptive_solver to 'none'
           maxiter_t  100        # default   maximal number of iterations in the amplitude solver
       maxiter_micro  10         # default   Maximum of iterations for every cycle in the adaptive solver
       maxiter_macro  10         # default   Maximum of iterations of cycles in the adaptive solver
                tpno  1.0000e-08 # default   PNO cutoff threshold
          tpno_tight  1.0000e-10 # derived   PNO cutoff for the first iteration
    canonicalize_pno  true       # default   canonicalize the pnos before the amplitude solver
              thresh  1.0000e-04 # defined   MRA threshold
         econv_micro  1.0000e-04 # derived   Energy convergence for microiterations (Greens function based optimization) in adaptive solver
         econv_pairs  1.0000e-05 # derived   ENergy convergence for individual pairs in adaptive solver. Converged pairs are frozen automatically
         econv_macro  1.0000e-04 # derived   Energy convergence for macroiterations in adaptive solver, no effect if adaptive_solver is deactivated
               dconv  1.0000e-01 # default   convergence of every PNO in the Green's function solver
           op_thresh  1.0000e-06 # default   MRA operator thresh
             restart  all        # defined   restart pairs of this type, use 'mp2', 'cispd', 'all' or 'none'
          no_compute  none       # default   do not compute the pairs of this type, use 'mp2', 'cispd', 'all' or 'none'
              no_opt  all        # defined   do not optimize the pnos of this type, use 'mp2', 'cispd', 'all' or 'none'
            no_guess  all        # defined   guess for this type will be empty, use 'mp2', 'cispd', 'all' or 'none'
     adaptive_solver  none       # defined   Use adaptive solver for those pairs, use 'mp2', 'cispd', 'all' or 'none', works only in combination with guesstype 'exop'
                kain  true       # default   use KAIN solver in amplitude solver
       kain_subspace  5          # default   subspace size of the KAIN solver (amplitudes)
                 f12  false      # defined   use explicit correlation
        cispd_number  -1         # default   CIS(D) excitation numbers, to read in correct functions
        cispd_energy  0.0000e+00 # default   CIS energy
        freeze_pairs  none       # default   frozen pairs will not be optimized: Expected format 'a b c d' will freeze pairs ab and cd
freeze_pairs_of_orbital  []         # default    All pairs which originate from this orbital will not be optimized
active_pairs_of_orbital  []         # default    All pairs which originate from this orbital will not be frozen all other pairs will, if this vector is not empty
no_opt_in_first_iteration  false      # default   Do not optimize in the first iteration (then the potentials do not have to be evaluated, use this for large guesses)
            exchange  full       # default   approximate exchange with 'neglect' or xc functional -> same syntax as moldft
           save_pnos  true       # default   Save the OBS-PNOs to a file, before and after orthonormalization.
            diagonal  true       # defined   Compute only diagonal PNOs

end

**********************
Solve PNO-MP2
*********************


**********************
Iterate Pairs
*********************


************************
Standard Solver
***********************

Initializing Pairs:
Restart demanded for mp2 pairs
loading vector of functions mp2_pair11
Found PNOs for mp2_pair11 with rank 1
loading vector of functions mp2_pair21
failed to find PNO mp2_pair21 initialize as zero function
nloading vector of functions mp2_pair22
Found PNOs for mp2_pair22 with rank 1
no guess was explicitly demanded for mp2

timer:                                     RRCD     0.01s     0.01s 
timer:                             MRA compress     0.00s     0.00s 
timer:                          Transform Pairs     0.00s     0.00s 
timer:          apply Q and orthonormalize PNOs     0.04s     0.04s 
Created Guess:
pair11 with 1 guess functions
pair21 with 0 guess functions
pair22 with 1 guess functions
guess pair11 size: 1.7377734184e-03 | 1.7377734184e-03 Gbyte (after truncation)
guess pair22 size: 1.7377734184e-03 | 1.7377734184e-03 Gbyte (after truncation)
timer:                           truncate guess     0.00s     0.00s 
timer:                         Initialize Pairs     0.05s     0.05s 
Information About All Pairs:
mp2_pair11           number=0 rank=  1 frozen=false
mp2_pair21           number=1 rank=  0 frozen=true
mp2_pair22           number=2 rank=  1 frozen=false
number of pairs=3
average rank   =0 (6.6666666667e-01)
largest rank   =1
SolveInternal: Parameters are assigned as
no_compute        = false
no_opt            = true
restart           = true
do_cispd          = false
econv             =1.0000000000e-04
maxrank (min,max) = (1,1)
Solving MP2 doubles
timer:          fock matrix     1.13s     1.13s
Information About All Pairs:
mp2_pair11           number=0 rank=  1 frozen=false
mp2_pair21           number=1 rank=  0 frozen=true
mp2_pair22           number=2 rank=  1 frozen=false
number of pairs=3
average rank   =0 (6.6666666667e-01)
largest rank   =1
PNOPairs Memory Information
Total: 0.0034755468 GB 
PNO  : 0.0034755468 GB 
KPNO : 0.0000000000 GB 
W    : 0.0000000000 GB 

timer:                                 truncate     0.00s     0.00s 
wall time=69.1364629269 chunk=2 allK.size()=2 memory=0.0036391020 GB
timer:                             compute KPNO     0.98s     0.98s 
wall time=69.1482429504 chunk=2 allJ.size()=2 memory=0.0038026571 GB
timer:                             compute JPNO     0.01s     0.01s 
timer:                    compute Fock matrices     0.20s     0.20s 
timer:                             MRA compress     0.00s     0.00s 
timer:                          Transform Pairs     0.00s     0.00s 
timer:                             Canonicalize     0.00s     0.00s 
PNOPairs Memory Information
Total: 0.0071146488 GB 
PNO  : 0.0034755468 GB 
KPNO : 0.0036391020 GB 
W    : 0.0000000000 GB 

timer:                                 truncate     0.00s     0.00s 
mp2_pair21 is frozen: potential not computed
timer:                   Fluctuation Potentials     0.50s     0.50s 
timer:                       Fluctuation Matrix     0.03s     0.03s 
PNOPairs Memory Information
Total: 0.0124301910 GB 
PNO  : 0.0034755468 GB 
KPNO : 0.0036391020 GB 
W    : 0.0053155422 GB 

PNOPairs Memory Information
Total: 0.0124301910 GB 
PNO  : 0.0034755468 GB 
KPNO : 0.0036391020 GB 
W    : 0.0053155422 GB 

timer:                                 truncate     0.00s     0.00s 
timer:                             PNO Overlaps     0.03s     0.03s 
t_iter =  0  Hylleraas energy =  0.0000000000  ||R||_F =  0.1853387809  conv =  no
subspace solution [*]   1.00000000

t_iter =  1  Hylleraas energy =  -0.0650643391  ||R||_F =  0.0000000000  conv =  yes
=======================================================

Hylleraas MP2 Energies

=======================================================
    i    j      singlet      triplet        Total
=======================================================
    1    1  -3.25322e-02  0.00000e+00 -3.25322e-02
    2    1   0.00000e+00  0.00000e+00  0.00000e+00
    2    2  -3.25322e-02  0.00000e+00 -3.25322e-02
=======================================================
Hylleraas MP2 Energies (singlet): -6.50643e-02
Hylleraas MP2 Energies (triplet):  0.00000e+00
Hylleraas MP2 Energies (total)  : -6.50643e-02
=======================================================
-------------------------------------------
Total Reg Energy  =-6.50643e-02
Total F12 Energy  = 0.00000e+00
Sum Energies Total=-6.50643e-02
-------------------------------------------
timer:                         Solve Amplitudes     0.00s     0.00s 
No optimization untill now: Compressing pno ranks with tighter threshold
1.00000e-10 instead of 1.00000e-08
pair11: density evals:
 [*]   0.12324049

pair22: density evals:
 [*]   0.12324050

timer:                            compress PNOs     0.00s     0.00s 
timer:                             MRA compress     0.00s     0.00s 
timer:                          Transform Pairs     0.01s     0.01s 
timer:                          PNO Compression     0.01s     0.01s 
Information About All Pairs:
mp2_pair11           number=0 rank=  1 frozen=false
mp2_pair21           number=1 rank=  0 frozen=true
mp2_pair22           number=2 rank=  1 frozen=false
number of pairs=3
average rank   =0 (6.66667e-01)
largest rank   =1
saving vector of functions mp2_pair11
saving vector of functions mp2_pair22
timer:                        save pnos on disc     0.06s     0.06s 
exiting: Found no_opt keyword
PNO ranks:
PNO Rank for pair pair11 = 1
PNO Rank for pair pair21 = 0
PNO Rank for pair pair22 = 1
average rank 6.66667e-01
timer:                               PNO::solve     2.98s     2.98s 

--------------------------------
ITERATE-PAIRS-INTERNAL-ENDED
--------------------------------
=======================================================

Final MP2 Energies

=======================================================
    i    j      singlet      triplet        Total
=======================================================
    1    1  -3.25322e-02  0.00000e+00 -3.25322e-02
    2    1   0.00000e+00  0.00000e+00  0.00000e+00
    2    2  -3.25322e-02  0.00000e+00 -3.25322e-02
=======================================================
Final MP2 Energies (singlet): -6.50643e-02
Final MP2 Energies (triplet):  0.00000e+00
Final MP2 Energies (total)  : -6.50643e-02
=======================================================
-------------------------------------------
Total Reg Energy  =-6.50643e-02
Total F12 Energy  = 0.00000e+00
Sum Energies Total=-6.50643e-02
-------------------------------------------
Average | Max Rank: 0 | 1
                 time pno = 3.08975e+01
               energy mp2 = -6.50643e-02
     average pno rank mp2 = 0
         max pno rank mp2 = 1
--------------------------------------------------
            energy(total) = -1.54765e+01
--------------------------------------------------



Orthonormalization technique used: symmetric
No CABS used.
Tightening thresholds to +0.00010000 for post-processing
Overlap Matrix of all PNOs:
+1.00001393 +0.72283727 
+0.72283727 +1.00001393 
Before cherry pick
rank is +0
all used occupation numbers:
[+0.12324050 +0.12324049 ]
corresponding to active pairs:
[(1,1) (0,0) ]
After cherry pick
all used occupation numbers:
[+0.12324050 +0.12324049 ]
corresponding to active pairs:
[(1,1) (0,0) ]
Overlap Matrix before symmetric
[+0,*]  +1.00001393  +0.72283727
[+1,*]  +0.72283727  +1.00001393
Overlap Matrix after symmetric
[+0,*]  +1.00000000  -0.00000000
[+1,*]  -0.00000000  +1.00000000
Adding 3 HF orbitals
Size before adding CABS: 5.
Size after adding CABS: 5.
Compute G and F Tensor:
Assemble g,f using symmetries...
non zero elements:
 g : +1185
 h : +25
Overlap over whole basis
[+0,*]  +1.00000000  +0.00000012  +0.00000012  -0.00002026  -0.00002026
[+1,*]  +0.00000012  +1.00000000  +0.00000012  -0.00000335  -0.00000401
[+2,*]  +0.00000012  +0.00000012  +1.00000000  -0.00000401  -0.00000335
[+3,*]  -0.00002026  -0.00000335  -0.00000401  +1.00000000  -0.00000000
[+4,*]  -0.00002026  -0.00000401  -0.00000335  -0.00000000  +1.00000000

||S-1||=+0.00004184
finished at time 78.5

    Parallel environment
    --------------------
                  #nodes    1
       #threads per node    7+main = 8
          #total threads    8

  RMI message statistics (min / avg / max)
  ----------------------
   #messages in server q    0.00e+00 / 0.00e+00 / 0.00e+00
 #messages sent per node    0.00e+00 / 0.00e+00 / 0.00e+00
    #bytes sent per node    0.00e+00 / 0.00e+00 / 0.00e+00
 #messages recv per node    0.00e+00 / 0.00e+00 / 0.00e+00
    #bytes recv per node    0.00e+00 / 0.00e+00 / 0.00e+00
        #msgs systemwide    0.00e+00
       #bytes systemwide    0.00e+00

  Thread pool statistics (min / avg / max)
  ----------------------
         #tasks per node    1.26e+07 / 1.26e+07 / 1.26e+07
     #max q len per node    1.14e+04 / 1.14e+04 / 1.14e+04
  #hi-pri tasks per node    4.08e+06 / 4.08e+06 / 4.08e+06

         Total wall time    78.4s
         Total  cpu time    78.4s

